{"C:\\Users\\migue\\byd-stats\\byd-stats\\src\\hooks\\useAppData.js": {"path":"C:\\Users\\migue\\byd-stats\\byd-stats\\src\\hooks\\useAppData.js","statementMap":{"0":{"start":{"line":8,"column":20},"end":{"line":8,"column":36}},"1":{"start":{"line":9,"column":25},"end":{"line":9,"column":43}},"2":{"start":{"line":15,"column":19},"end":{"line":179,"column":1}},"3":{"start":{"line":16,"column":23},"end":{"line":16,"column":40}},"4":{"start":{"line":19,"column":35},"end":{"line":19,"column":48}},"5":{"start":{"line":20,"column":41},"end":{"line":20,"column":54}},"6":{"start":{"line":23,"column":39},"end":{"line":23,"column":55}},"7":{"start":{"line":24,"column":35},"end":{"line":24,"column":48}},"8":{"start":{"line":25,"column":35},"end":{"line":25,"column":48}},"9":{"start":{"line":26,"column":31},"end":{"line":26,"column":44}},"10":{"start":{"line":29,"column":3},"end":{"line":49,"column":11}},"11":{"start":{"line":30,"column":8},"end":{"line":48,"column":9}},"12":{"start":{"line":32,"column":22},"end":{"line":32,"column":55}},"13":{"start":{"line":33,"column":12},"end":{"line":38,"column":13}},"14":{"start":{"line":34,"column":26},"end":{"line":34,"column":39}},"15":{"start":{"line":35,"column":16},"end":{"line":37,"column":17}},"16":{"start":{"line":36,"column":20},"end":{"line":36,"column":35}},"17":{"start":{"line":41,"column":22},"end":{"line":41,"column":60}},"18":{"start":{"line":42,"column":12},"end":{"line":45,"column":13}},"19":{"start":{"line":43,"column":32},"end":{"line":43,"column":45}},"20":{"start":{"line":44,"column":16},"end":{"line":44,"column":68}},"21":{"start":{"line":44,"column":44},"end":{"line":44,"column":68}},"22":{"start":{"line":47,"column":12},"end":{"line":47,"column":64}},"23":{"start":{"line":52,"column":3},"end":{"line":60,"column":19}},"24":{"start":{"line":53,"column":8},"end":{"line":59,"column":9}},"25":{"start":{"line":54,"column":12},"end":{"line":58,"column":13}},"26":{"start":{"line":55,"column":16},"end":{"line":55,"column":76}},"27":{"start":{"line":57,"column":16},"end":{"line":57,"column":65}},"28":{"start":{"line":63,"column":3},"end":{"line":71,"column":22}},"29":{"start":{"line":64,"column":8},"end":{"line":70,"column":9}},"30":{"start":{"line":65,"column":12},"end":{"line":69,"column":13}},"31":{"start":{"line":66,"column":16},"end":{"line":66,"column":84}},"32":{"start":{"line":68,"column":16},"end":{"line":68,"column":62}},"33":{"start":{"line":74,"column":18},"end":{"line":76,"column":18}},"34":{"start":{"line":75,"column":8},"end":{"line":75,"column":79}},"35":{"start":{"line":75,"column":45},"end":{"line":75,"column":52}},"36":{"start":{"line":79,"column":20},"end":{"line":91,"column":58}},"37":{"start":{"line":80,"column":8},"end":{"line":80,"column":45}},"38":{"start":{"line":80,"column":35},"end":{"line":80,"column":45}},"39":{"start":{"line":81,"column":8},"end":{"line":83,"column":9}},"40":{"start":{"line":82,"column":12},"end":{"line":82,"column":62}},"41":{"start":{"line":82,"column":40},"end":{"line":82,"column":60}},"42":{"start":{"line":84,"column":8},"end":{"line":89,"column":9}},"43":{"start":{"line":85,"column":20},"end":{"line":85,"column":33}},"44":{"start":{"line":86,"column":12},"end":{"line":86,"column":82}},"45":{"start":{"line":86,"column":26},"end":{"line":86,"column":82}},"46":{"start":{"line":86,"column":44},"end":{"line":86,"column":80}},"47":{"start":{"line":87,"column":12},"end":{"line":87,"column":78}},"48":{"start":{"line":87,"column":24},"end":{"line":87,"column":78}},"49":{"start":{"line":87,"column":42},"end":{"line":87,"column":76}},"50":{"start":{"line":88,"column":12},"end":{"line":88,"column":21}},"51":{"start":{"line":90,"column":8},"end":{"line":90,"column":24}},"52":{"start":{"line":94,"column":16},"end":{"line":96,"column":33}},"53":{"start":{"line":95,"column":8},"end":{"line":95,"column":66}},"54":{"start":{"line":99,"column":21},"end":{"line":104,"column":11}},"55":{"start":{"line":100,"column":8},"end":{"line":103,"column":9}},"56":{"start":{"line":101,"column":12},"end":{"line":101,"column":28}},"57":{"start":{"line":102,"column":12},"end":{"line":102,"column":49}},"58":{"start":{"line":107,"column":25},"end":{"line":128,"column":34}},"59":{"start":{"line":108,"column":8},"end":{"line":111,"column":9}},"60":{"start":{"line":109,"column":12},"end":{"line":109,"column":52}},"61":{"start":{"line":110,"column":12},"end":{"line":110,"column":19}},"62":{"start":{"line":114,"column":20},"end":{"line":114,"column":29}},"63":{"start":{"line":117,"column":8},"end":{"line":117,"column":79}},"64":{"start":{"line":117,"column":33},"end":{"line":117,"column":77}},"65":{"start":{"line":120,"column":8},"end":{"line":120,"column":76}},"66":{"start":{"line":120,"column":30},"end":{"line":120,"column":74}},"67":{"start":{"line":122,"column":27},"end":{"line":124,"column":9}},"68":{"start":{"line":123,"column":12},"end":{"line":123,"column":54}},"69":{"start":{"line":126,"column":8},"end":{"line":126,"column":35}},"70":{"start":{"line":127,"column":8},"end":{"line":127,"column":122}},"71":{"start":{"line":131,"column":27},"end":{"line":140,"column":24}},"72":{"start":{"line":132,"column":8},"end":{"line":135,"column":9}},"73":{"start":{"line":133,"column":12},"end":{"line":133,"column":48}},"74":{"start":{"line":134,"column":12},"end":{"line":134,"column":19}},"75":{"start":{"line":137,"column":8},"end":{"line":139,"column":9}},"76":{"start":{"line":138,"column":12},"end":{"line":138,"column":37}},"77":{"start":{"line":143,"column":24},"end":{"line":149,"column":11}},"78":{"start":{"line":144,"column":8},"end":{"line":148,"column":9}},"79":{"start":{"line":145,"column":12},"end":{"line":145,"column":31}},"80":{"start":{"line":146,"column":12},"end":{"line":146,"column":54}},"81":{"start":{"line":147,"column":12},"end":{"line":147,"column":53}},"82":{"start":{"line":151,"column":4},"end":{"line":178,"column":6}}},"fnMap":{"0":{"name":"(anonymous_0)","decl":{"start":{"line":15,"column":19},"end":{"line":15,"column":20}},"loc":{"start":{"line":15,"column":25},"end":{"line":179,"column":1}},"line":15},"1":{"name":"(anonymous_1)","decl":{"start":{"line":29,"column":14},"end":{"line":29,"column":15}},"loc":{"start":{"line":29,"column":20},"end":{"line":49,"column":5}},"line":29},"2":{"name":"(anonymous_2)","decl":{"start":{"line":52,"column":14},"end":{"line":52,"column":15}},"loc":{"start":{"line":52,"column":20},"end":{"line":60,"column":5}},"line":52},"3":{"name":"(anonymous_3)","decl":{"start":{"line":63,"column":14},"end":{"line":63,"column":15}},"loc":{"start":{"line":63,"column":20},"end":{"line":71,"column":5}},"line":63},"4":{"name":"(anonymous_4)","decl":{"start":{"line":74,"column":27},"end":{"line":74,"column":28}},"loc":{"start":{"line":74,"column":33},"end":{"line":76,"column":5}},"line":74},"5":{"name":"(anonymous_5)","decl":{"start":{"line":75,"column":40},"end":{"line":75,"column":41}},"loc":{"start":{"line":75,"column":45},"end":{"line":75,"column":52}},"line":75},"6":{"name":"(anonymous_6)","decl":{"start":{"line":79,"column":29},"end":{"line":79,"column":30}},"loc":{"start":{"line":79,"column":35},"end":{"line":91,"column":5}},"line":79},"7":{"name":"(anonymous_7)","decl":{"start":{"line":82,"column":35},"end":{"line":82,"column":36}},"loc":{"start":{"line":82,"column":40},"end":{"line":82,"column":60}},"line":82},"8":{"name":"(anonymous_8)","decl":{"start":{"line":86,"column":39},"end":{"line":86,"column":40}},"loc":{"start":{"line":86,"column":44},"end":{"line":86,"column":80}},"line":86},"9":{"name":"(anonymous_9)","decl":{"start":{"line":87,"column":37},"end":{"line":87,"column":38}},"loc":{"start":{"line":87,"column":42},"end":{"line":87,"column":76}},"line":87},"10":{"name":"(anonymous_10)","decl":{"start":{"line":94,"column":25},"end":{"line":94,"column":26}},"loc":{"start":{"line":94,"column":31},"end":{"line":96,"column":5}},"line":94},"11":{"name":"(anonymous_11)","decl":{"start":{"line":99,"column":34},"end":{"line":99,"column":35}},"loc":{"start":{"line":99,"column":40},"end":{"line":104,"column":5}},"line":99},"12":{"name":"(anonymous_12)","decl":{"start":{"line":107,"column":38},"end":{"line":107,"column":39}},"loc":{"start":{"line":107,"column":44},"end":{"line":128,"column":5}},"line":107},"13":{"name":"(anonymous_13)","decl":{"start":{"line":117,"column":28},"end":{"line":117,"column":29}},"loc":{"start":{"line":117,"column":33},"end":{"line":117,"column":77}},"line":117},"14":{"name":"(anonymous_14)","decl":{"start":{"line":120,"column":25},"end":{"line":120,"column":26}},"loc":{"start":{"line":120,"column":30},"end":{"line":120,"column":74}},"line":120},"15":{"name":"(anonymous_15)","decl":{"start":{"line":122,"column":57},"end":{"line":122,"column":58}},"loc":{"start":{"line":123,"column":12},"end":{"line":123,"column":54}},"line":123},"16":{"name":"(anonymous_16)","decl":{"start":{"line":131,"column":40},"end":{"line":131,"column":41}},"loc":{"start":{"line":131,"column":46},"end":{"line":140,"column":5}},"line":131},"17":{"name":"(anonymous_17)","decl":{"start":{"line":143,"column":37},"end":{"line":143,"column":38}},"loc":{"start":{"line":143,"column":43},"end":{"line":149,"column":5}},"line":143}},"branchMap":{"0":{"loc":{"start":{"line":33,"column":12},"end":{"line":38,"column":13}},"type":"if","locations":[{"start":{"line":33,"column":12},"end":{"line":38,"column":13}},{"start":{},"end":{}}],"line":33},"1":{"loc":{"start":{"line":35,"column":16},"end":{"line":37,"column":17}},"type":"if","locations":[{"start":{"line":35,"column":16},"end":{"line":37,"column":17}},{"start":{},"end":{}}],"line":35},"2":{"loc":{"start":{"line":35,"column":20},"end":{"line":35,"column":52}},"type":"binary-expr","locations":[{"start":{"line":35,"column":20},"end":{"line":35,"column":36}},{"start":{"line":35,"column":40},"end":{"line":35,"column":52}}],"line":35},"3":{"loc":{"start":{"line":42,"column":12},"end":{"line":45,"column":13}},"type":"if","locations":[{"start":{"line":42,"column":12},"end":{"line":45,"column":13}},{"start":{},"end":{}}],"line":42},"4":{"loc":{"start":{"line":44,"column":16},"end":{"line":44,"column":68}},"type":"if","locations":[{"start":{"line":44,"column":16},"end":{"line":44,"column":68}},{"start":{},"end":{}}],"line":44},"5":{"loc":{"start":{"line":53,"column":8},"end":{"line":59,"column":9}},"type":"if","locations":[{"start":{"line":53,"column":8},"end":{"line":59,"column":9}},{"start":{},"end":{}}],"line":53},"6":{"loc":{"start":{"line":64,"column":8},"end":{"line":70,"column":9}},"type":"if","locations":[{"start":{"line":64,"column":8},"end":{"line":70,"column":9}},{"start":{},"end":{}}],"line":64},"7":{"loc":{"start":{"line":80,"column":8},"end":{"line":80,"column":45}},"type":"if","locations":[{"start":{"line":80,"column":8},"end":{"line":80,"column":45}},{"start":{},"end":{}}],"line":80},"8":{"loc":{"start":{"line":81,"column":8},"end":{"line":83,"column":9}},"type":"if","locations":[{"start":{"line":81,"column":8},"end":{"line":83,"column":9}},{"start":{},"end":{}}],"line":81},"9":{"loc":{"start":{"line":81,"column":12},"end":{"line":81,"column":46}},"type":"binary-expr","locations":[{"start":{"line":81,"column":12},"end":{"line":81,"column":34}},{"start":{"line":81,"column":38},"end":{"line":81,"column":46}}],"line":81},"10":{"loc":{"start":{"line":84,"column":8},"end":{"line":89,"column":9}},"type":"if","locations":[{"start":{"line":84,"column":8},"end":{"line":89,"column":9}},{"start":{},"end":{}}],"line":84},"11":{"loc":{"start":{"line":86,"column":12},"end":{"line":86,"column":82}},"type":"if","locations":[{"start":{"line":86,"column":12},"end":{"line":86,"column":82}},{"start":{},"end":{}}],"line":86},"12":{"loc":{"start":{"line":87,"column":12},"end":{"line":87,"column":78}},"type":"if","locations":[{"start":{"line":87,"column":12},"end":{"line":87,"column":78}},{"start":{},"end":{}}],"line":87},"13":{"loc":{"start":{"line":95,"column":15},"end":{"line":95,"column":65}},"type":"cond-expr","locations":[{"start":{"line":95,"column":36},"end":{"line":95,"column":58}},{"start":{"line":95,"column":61},"end":{"line":95,"column":65}}],"line":95},"14":{"loc":{"start":{"line":100,"column":8},"end":{"line":103,"column":9}},"type":"if","locations":[{"start":{"line":100,"column":8},"end":{"line":103,"column":9}},{"start":{},"end":{}}],"line":100},"15":{"loc":{"start":{"line":108,"column":8},"end":{"line":111,"column":9}},"type":"if","locations":[{"start":{"line":108,"column":8},"end":{"line":111,"column":9}},{"start":{},"end":{}}],"line":108},"16":{"loc":{"start":{"line":123,"column":13},"end":{"line":123,"column":25}},"type":"binary-expr","locations":[{"start":{"line":123,"column":13},"end":{"line":123,"column":19}},{"start":{"line":123,"column":23},"end":{"line":123,"column":25}}],"line":123},"17":{"loc":{"start":{"line":123,"column":41},"end":{"line":123,"column":53}},"type":"binary-expr","locations":[{"start":{"line":123,"column":41},"end":{"line":123,"column":47}},{"start":{"line":123,"column":51},"end":{"line":123,"column":53}}],"line":123},"18":{"loc":{"start":{"line":132,"column":8},"end":{"line":135,"column":9}},"type":"if","locations":[{"start":{"line":132,"column":8},"end":{"line":135,"column":9}},{"start":{},"end":{}}],"line":132},"19":{"loc":{"start":{"line":137,"column":8},"end":{"line":139,"column":9}},"type":"if","locations":[{"start":{"line":137,"column":8},"end":{"line":139,"column":9}},{"start":{},"end":{}}],"line":137},"20":{"loc":{"start":{"line":144,"column":8},"end":{"line":148,"column":9}},"type":"if","locations":[{"start":{"line":144,"column":8},"end":{"line":148,"column":9}},{"start":{},"end":{}}],"line":144}},"s":{"0":1,"1":1,"2":1,"3":12,"4":12,"5":12,"6":12,"7":12,"8":12,"9":12,"10":12,"11":6,"12":6,"13":6,"14":0,"15":0,"16":0,"17":6,"18":6,"19":0,"20":0,"21":0,"22":0,"23":12,"24":12,"25":5,"26":5,"27":0,"28":12,"29":6,"30":0,"31":0,"32":0,"33":12,"34":12,"35":10,"36":12,"37":12,"38":7,"39":5,"40":1,"41":2,"42":4,"43":1,"44":1,"45":1,"46":3,"47":1,"48":1,"49":2,"50":1,"51":3,"52":12,"53":12,"54":12,"55":1,"56":1,"57":1,"58":12,"59":0,"60":0,"61":0,"62":0,"63":0,"64":0,"65":0,"66":0,"67":0,"68":0,"69":0,"70":0,"71":12,"72":0,"73":0,"74":0,"75":0,"76":0,"77":12,"78":0,"79":0,"80":0,"81":0,"82":12},"f":{"0":12,"1":6,"2":12,"3":6,"4":12,"5":10,"6":12,"7":2,"8":3,"9":2,"10":12,"11":1,"12":0,"13":0,"14":0,"15":0,"16":0,"17":0},"b":{"0":[0,6],"1":[0,0],"2":[0,0],"3":[0,6],"4":[0,0],"5":[5,7],"6":[0,6],"7":[7,5],"8":[1,4],"9":[5,1],"10":[1,3],"11":[1,0],"12":[1,0],"13":[5,7],"14":[1,0],"15":[0,0],"16":[0,0],"17":[0,0],"18":[0,0],"19":[0,0],"20":[0,0]},"meta":{"lastBranch":21,"lastFunction":18,"lastStatement":83,"seen":{"s:8:20:8:36":0,"s:9:25:9:43":1,"s:15:19:179:1":2,"f:15:19:15:20":0,"s:16:23:16:40":3,"s:19:35:19:48":4,"s:20:41:20:54":5,"s:23:39:23:55":6,"s:24:35:24:48":7,"s:25:35:25:48":8,"s:26:31:26:44":9,"s:29:3:49:11":10,"f:29:14:29:15":1,"s:30:8:48:9":11,"s:32:22:32:55":12,"b:33:12:38:13:undefined:undefined:undefined:undefined":0,"s:33:12:38:13":13,"s:34:26:34:39":14,"b:35:16:37:17:undefined:undefined:undefined:undefined":1,"s:35:16:37:17":15,"b:35:20:35:36:35:40:35:52":2,"s:36:20:36:35":16,"s:41:22:41:60":17,"b:42:12:45:13:undefined:undefined:undefined:undefined":3,"s:42:12:45:13":18,"s:43:32:43:45":19,"b:44:16:44:68:undefined:undefined:undefined:undefined":4,"s:44:16:44:68":20,"s:44:44:44:68":21,"s:47:12:47:64":22,"s:52:3:60:19":23,"f:52:14:52:15":2,"b:53:8:59:9:undefined:undefined:undefined:undefined":5,"s:53:8:59:9":24,"s:54:12:58:13":25,"s:55:16:55:76":26,"s:57:16:57:65":27,"s:63:3:71:22":28,"f:63:14:63:15":3,"b:64:8:70:9:undefined:undefined:undefined:undefined":6,"s:64:8:70:9":29,"s:65:12:69:13":30,"s:66:16:66:84":31,"s:68:16:68:62":32,"s:74:18:76:18":33,"f:74:27:74:28":4,"s:75:8:75:79":34,"f:75:40:75:41":5,"s:75:45:75:52":35,"s:79:20:91:58":36,"f:79:29:79:30":6,"b:80:8:80:45:undefined:undefined:undefined:undefined":7,"s:80:8:80:45":37,"s:80:35:80:45":38,"b:81:8:83:9:undefined:undefined:undefined:undefined":8,"s:81:8:83:9":39,"b:81:12:81:34:81:38:81:46":9,"s:82:12:82:62":40,"f:82:35:82:36":7,"s:82:40:82:60":41,"b:84:8:89:9:undefined:undefined:undefined:undefined":10,"s:84:8:89:9":42,"s:85:20:85:33":43,"b:86:12:86:82:undefined:undefined:undefined:undefined":11,"s:86:12:86:82":44,"s:86:26:86:82":45,"f:86:39:86:40":8,"s:86:44:86:80":46,"b:87:12:87:78:undefined:undefined:undefined:undefined":12,"s:87:12:87:78":47,"s:87:24:87:78":48,"f:87:37:87:38":9,"s:87:42:87:76":49,"s:88:12:88:21":50,"s:90:8:90:24":51,"s:94:16:96:33":52,"f:94:25:94:26":10,"s:95:8:95:66":53,"b:95:36:95:58:95:61:95:65":13,"s:99:21:104:11":54,"f:99:34:99:35":11,"b:100:8:103:9:undefined:undefined:undefined:undefined":14,"s:100:8:103:9":55,"s:101:12:101:28":56,"s:102:12:102:49":57,"s:107:25:128:34":58,"f:107:38:107:39":12,"b:108:8:111:9:undefined:undefined:undefined:undefined":15,"s:108:8:111:9":59,"s:109:12:109:52":60,"s:110:12:110:19":61,"s:114:20:114:29":62,"s:117:8:117:79":63,"f:117:28:117:29":13,"s:117:33:117:77":64,"s:120:8:120:76":65,"f:120:25:120:26":14,"s:120:30:120:74":66,"s:122:27:124:9":67,"f:122:57:122:58":15,"s:123:12:123:54":68,"b:123:13:123:19:123:23:123:25":16,"b:123:41:123:47:123:51:123:53":17,"s:126:8:126:35":69,"s:127:8:127:122":70,"s:131:27:140:24":71,"f:131:40:131:41":16,"b:132:8:135:9:undefined:undefined:undefined:undefined":18,"s:132:8:135:9":72,"s:133:12:133:48":73,"s:134:12:134:19":74,"b:137:8:139:9:undefined:undefined:undefined:undefined":19,"s:137:8:139:9":75,"s:138:12:138:37":76,"s:143:24:149:11":77,"f:143:37:143:38":17,"b:144:8:148:9:undefined:undefined:undefined:undefined":20,"s:144:8:148:9":78,"s:145:12:145:31":79,"s:146:12:146:54":80,"s:147:12:147:53":81,"s:151:4:178:6":82}}}
,"C:\\Users\\migue\\byd-stats\\byd-stats\\src\\hooks\\useDatabase.js": {"path":"C:\\Users\\migue\\byd-stats\\byd-stats\\src\\hooks\\useDatabase.js","statementMap":{"0":{"start":{"line":11,"column":35},"end":{"line":11,"column":51}},"1":{"start":{"line":12,"column":33},"end":{"line":12,"column":49}},"2":{"start":{"line":13,"column":29},"end":{"line":13,"column":44}},"3":{"start":{"line":16,"column":19},"end":{"line":34,"column":10}},"4":{"start":{"line":17,"column":8},"end":{"line":20,"column":9}},"5":{"start":{"line":18,"column":12},"end":{"line":18,"column":30}},"6":{"start":{"line":19,"column":12},"end":{"line":19,"column":24}},"7":{"start":{"line":22,"column":8},"end":{"line":33,"column":9}},"8":{"start":{"line":23,"column":30},"end":{"line":23,"column":93}},"9":{"start":{"line":24,"column":12},"end":{"line":26,"column":15}},"10":{"start":{"line":25,"column":33},"end":{"line":25,"column":51}},"11":{"start":{"line":27,"column":12},"end":{"line":27,"column":30}},"12":{"start":{"line":28,"column":12},"end":{"line":28,"column":24}},"13":{"start":{"line":30,"column":12},"end":{"line":30,"column":46}},"14":{"start":{"line":31,"column":12},"end":{"line":31,"column":50}},"15":{"start":{"line":32,"column":12},"end":{"line":32,"column":20}},"16":{"start":{"line":37,"column":21},"end":{"line":86,"column":10}},"17":{"start":{"line":38,"column":8},"end":{"line":41,"column":9}},"18":{"start":{"line":39,"column":12},"end":{"line":39,"column":42}},"19":{"start":{"line":40,"column":12},"end":{"line":40,"column":24}},"20":{"start":{"line":43,"column":8},"end":{"line":43,"column":25}},"21":{"start":{"line":44,"column":8},"end":{"line":44,"column":23}},"22":{"start":{"line":46,"column":8},"end":{"line":85,"column":9}},"23":{"start":{"line":47,"column":24},"end":{"line":47,"column":48}},"24":{"start":{"line":48,"column":23},"end":{"line":48,"column":67}},"25":{"start":{"line":49,"column":22},"end":{"line":49,"column":111}},"26":{"start":{"line":51,"column":12},"end":{"line":53,"column":13}},"27":{"start":{"line":52,"column":16},"end":{"line":52,"column":55}},"28":{"start":{"line":55,"column":24},"end":{"line":55,"column":118}},"29":{"start":{"line":57,"column":12},"end":{"line":79,"column":13}},"30":{"start":{"line":58,"column":29},"end":{"line":58,"column":43}},"31":{"start":{"line":59,"column":29},"end":{"line":63,"column":18}},"32":{"start":{"line":60,"column":30},"end":{"line":60,"column":32}},"33":{"start":{"line":61,"column":20},"end":{"line":61,"column":61}},"34":{"start":{"line":61,"column":45},"end":{"line":61,"column":57}},"35":{"start":{"line":62,"column":20},"end":{"line":62,"column":29}},"36":{"start":{"line":65,"column":16},"end":{"line":65,"column":27}},"37":{"start":{"line":67,"column":16},"end":{"line":76,"column":17}},"38":{"start":{"line":68,"column":32},"end":{"line":68,"column":41}},"39":{"start":{"line":69,"column":20},"end":{"line":69,"column":93}},"40":{"start":{"line":69,"column":47},"end":{"line":69,"column":91}},"41":{"start":{"line":70,"column":20},"end":{"line":70,"column":84}},"42":{"start":{"line":70,"column":38},"end":{"line":70,"column":82}},"43":{"start":{"line":71,"column":20},"end":{"line":71,"column":38}},"44":{"start":{"line":72,"column":20},"end":{"line":72,"column":111}},"45":{"start":{"line":72,"column":67},"end":{"line":72,"column":109}},"46":{"start":{"line":74,"column":20},"end":{"line":74,"column":38}},"47":{"start":{"line":75,"column":20},"end":{"line":75,"column":32}},"48":{"start":{"line":78,"column":16},"end":{"line":78,"column":45}},"49":{"start":{"line":81,"column":12},"end":{"line":81,"column":32}},"50":{"start":{"line":82,"column":12},"end":{"line":82,"column":58}},"51":{"start":{"line":83,"column":12},"end":{"line":83,"column":30}},"52":{"start":{"line":84,"column":12},"end":{"line":84,"column":24}},"53":{"start":{"line":89,"column":26},"end":{"line":146,"column":10}},"54":{"start":{"line":90,"column":8},"end":{"line":93,"column":9}},"55":{"start":{"line":91,"column":12},"end":{"line":91,"column":48}},"56":{"start":{"line":92,"column":12},"end":{"line":92,"column":25}},"57":{"start":{"line":95,"column":8},"end":{"line":145,"column":9}},"58":{"start":{"line":96,"column":23},"end":{"line":96,"column":48}},"59":{"start":{"line":98,"column":12},"end":{"line":109,"column":9}},"60":{"start":{"line":111,"column":25},"end":{"line":114,"column":8}},"61":{"start":{"line":116,"column":12},"end":{"line":125,"column":15}},"62":{"start":{"line":117,"column":16},"end":{"line":124,"column":19}},"63":{"start":{"line":126,"column":12},"end":{"line":126,"column":24}},"64":{"start":{"line":128,"column":25},"end":{"line":128,"column":36}},"65":{"start":{"line":129,"column":25},"end":{"line":129,"column":76}},"66":{"start":{"line":130,"column":24},"end":{"line":130,"column":49}},"67":{"start":{"line":131,"column":22},"end":{"line":131,"column":49}},"68":{"start":{"line":132,"column":12},"end":{"line":132,"column":25}},"69":{"start":{"line":133,"column":12},"end":{"line":133,"column":83}},"70":{"start":{"line":134,"column":12},"end":{"line":134,"column":41}},"71":{"start":{"line":135,"column":12},"end":{"line":135,"column":22}},"72":{"start":{"line":136,"column":12},"end":{"line":136,"column":41}},"73":{"start":{"line":137,"column":12},"end":{"line":137,"column":37}},"74":{"start":{"line":139,"column":12},"end":{"line":139,"column":23}},"75":{"start":{"line":140,"column":12},"end":{"line":140,"column":24}},"76":{"start":{"line":142,"column":12},"end":{"line":142,"column":57}},"77":{"start":{"line":143,"column":12},"end":{"line":143,"column":70}},"78":{"start":{"line":144,"column":12},"end":{"line":144,"column":25}},"79":{"start":{"line":149,"column":24},"end":{"line":155,"column":10}},"80":{"start":{"line":150,"column":25},"end":{"line":150,"column":48}},"81":{"start":{"line":151,"column":8},"end":{"line":153,"column":9}},"82":{"start":{"line":152,"column":12},"end":{"line":152,"column":25}},"83":{"start":{"line":154,"column":8},"end":{"line":154,"column":20}},"84":{"start":{"line":157,"column":4},"end":{"line":166,"column":6}}},"fnMap":{"0":{"name":"useDatabase","decl":{"start":{"line":10,"column":16},"end":{"line":10,"column":27}},"loc":{"start":{"line":10,"column":30},"end":{"line":167,"column":1}},"line":10},"1":{"name":"(anonymous_1)","decl":{"start":{"line":16,"column":32},"end":{"line":16,"column":37}},"loc":{"start":{"line":16,"column":44},"end":{"line":34,"column":5}},"line":16},"2":{"name":"(anonymous_2)","decl":{"start":{"line":25,"column":28},"end":{"line":25,"column":29}},"loc":{"start":{"line":25,"column":33},"end":{"line":25,"column":51}},"line":25},"3":{"name":"(anonymous_3)","decl":{"start":{"line":37,"column":34},"end":{"line":37,"column":39}},"loc":{"start":{"line":37,"column":85},"end":{"line":86,"column":5}},"line":37},"4":{"name":"(anonymous_4)","decl":{"start":{"line":59,"column":47},"end":{"line":59,"column":48}},"loc":{"start":{"line":59,"column":52},"end":{"line":63,"column":17}},"line":59},"5":{"name":"(anonymous_5)","decl":{"start":{"line":61,"column":33},"end":{"line":61,"column":34}},"loc":{"start":{"line":61,"column":43},"end":{"line":61,"column":59}},"line":61},"6":{"name":"(anonymous_6)","decl":{"start":{"line":69,"column":42},"end":{"line":69,"column":43}},"loc":{"start":{"line":69,"column":47},"end":{"line":69,"column":91}},"line":69},"7":{"name":"(anonymous_7)","decl":{"start":{"line":70,"column":33},"end":{"line":70,"column":34}},"loc":{"start":{"line":70,"column":38},"end":{"line":70,"column":82}},"line":70},"8":{"name":"(anonymous_8)","decl":{"start":{"line":72,"column":57},"end":{"line":72,"column":58}},"loc":{"start":{"line":72,"column":67},"end":{"line":72,"column":109}},"line":72},"9":{"name":"(anonymous_9)","decl":{"start":{"line":89,"column":39},"end":{"line":89,"column":44}},"loc":{"start":{"line":89,"column":56},"end":{"line":146,"column":5}},"line":89},"10":{"name":"(anonymous_10)","decl":{"start":{"line":116,"column":26},"end":{"line":116,"column":30}},"loc":{"start":{"line":116,"column":34},"end":{"line":125,"column":13}},"line":116},"11":{"name":"(anonymous_11)","decl":{"start":{"line":149,"column":37},"end":{"line":149,"column":38}},"loc":{"start":{"line":149,"column":47},"end":{"line":155,"column":5}},"line":149}},"branchMap":{"0":{"loc":{"start":{"line":17,"column":8},"end":{"line":20,"column":9}},"type":"if","locations":[{"start":{"line":17,"column":8},"end":{"line":20,"column":9}},{"start":{},"end":{}}],"line":17},"1":{"loc":{"start":{"line":37,"column":47},"end":{"line":37,"column":65}},"type":"default-arg","locations":[{"start":{"line":37,"column":63},"end":{"line":37,"column":65}}],"line":37},"2":{"loc":{"start":{"line":37,"column":67},"end":{"line":37,"column":80}},"type":"default-arg","locations":[{"start":{"line":37,"column":75},"end":{"line":37,"column":80}}],"line":37},"3":{"loc":{"start":{"line":38,"column":8},"end":{"line":41,"column":9}},"type":"if","locations":[{"start":{"line":38,"column":8},"end":{"line":41,"column":9}},{"start":{},"end":{}}],"line":38},"4":{"loc":{"start":{"line":51,"column":12},"end":{"line":53,"column":13}},"type":"if","locations":[{"start":{"line":51,"column":12},"end":{"line":53,"column":13}},{"start":{},"end":{}}],"line":51},"5":{"loc":{"start":{"line":51,"column":16},"end":{"line":51,"column":48}},"type":"binary-expr","locations":[{"start":{"line":51,"column":16},"end":{"line":51,"column":25}},{"start":{"line":51,"column":29},"end":{"line":51,"column":48}}],"line":51},"6":{"loc":{"start":{"line":57,"column":12},"end":{"line":79,"column":13}},"type":"if","locations":[{"start":{"line":57,"column":12},"end":{"line":79,"column":13}},{"start":{"line":77,"column":19},"end":{"line":79,"column":13}}],"line":57},"7":{"loc":{"start":{"line":57,"column":16},"end":{"line":57,"column":50}},"type":"binary-expr","locations":[{"start":{"line":57,"column":16},"end":{"line":57,"column":26}},{"start":{"line":57,"column":30},"end":{"line":57,"column":50}}],"line":57},"8":{"loc":{"start":{"line":67,"column":16},"end":{"line":76,"column":17}},"type":"if","locations":[{"start":{"line":67,"column":16},"end":{"line":76,"column":17}},{"start":{"line":73,"column":23},"end":{"line":76,"column":17}}],"line":67},"9":{"loc":{"start":{"line":67,"column":20},"end":{"line":67,"column":49}},"type":"binary-expr","locations":[{"start":{"line":67,"column":20},"end":{"line":67,"column":25}},{"start":{"line":67,"column":29},"end":{"line":67,"column":49}}],"line":67},"10":{"loc":{"start":{"line":72,"column":68},"end":{"line":72,"column":80}},"type":"binary-expr","locations":[{"start":{"line":72,"column":68},"end":{"line":72,"column":74}},{"start":{"line":72,"column":78},"end":{"line":72,"column":80}}],"line":72},"11":{"loc":{"start":{"line":72,"column":96},"end":{"line":72,"column":108}},"type":"binary-expr","locations":[{"start":{"line":72,"column":96},"end":{"line":72,"column":102}},{"start":{"line":72,"column":106},"end":{"line":72,"column":108}}],"line":72},"12":{"loc":{"start":{"line":90,"column":8},"end":{"line":93,"column":9}},"type":"if","locations":[{"start":{"line":90,"column":8},"end":{"line":93,"column":9}},{"start":{},"end":{}}],"line":90},"13":{"loc":{"start":{"line":90,"column":12},"end":{"line":90,"column":45}},"type":"binary-expr","locations":[{"start":{"line":90,"column":12},"end":{"line":90,"column":23}},{"start":{"line":90,"column":27},"end":{"line":90,"column":45}}],"line":90},"14":{"loc":{"start":{"line":118,"column":20},"end":{"line":118,"column":34}},"type":"binary-expr","locations":[{"start":{"line":118,"column":20},"end":{"line":118,"column":29}},{"start":{"line":118,"column":33},"end":{"line":118,"column":34}}],"line":118},"15":{"loc":{"start":{"line":119,"column":20},"end":{"line":119,"column":41}},"type":"binary-expr","locations":[{"start":{"line":119,"column":20},"end":{"line":119,"column":36}},{"start":{"line":119,"column":40},"end":{"line":119,"column":41}}],"line":119},"16":{"loc":{"start":{"line":120,"column":20},"end":{"line":120,"column":38}},"type":"binary-expr","locations":[{"start":{"line":120,"column":20},"end":{"line":120,"column":33}},{"start":{"line":120,"column":37},"end":{"line":120,"column":38}}],"line":120},"17":{"loc":{"start":{"line":121,"column":20},"end":{"line":121,"column":35}},"type":"binary-expr","locations":[{"start":{"line":121,"column":20},"end":{"line":121,"column":29}},{"start":{"line":121,"column":33},"end":{"line":121,"column":35}}],"line":121},"18":{"loc":{"start":{"line":122,"column":20},"end":{"line":122,"column":45}},"type":"binary-expr","locations":[{"start":{"line":122,"column":20},"end":{"line":122,"column":40}},{"start":{"line":122,"column":44},"end":{"line":122,"column":45}}],"line":122},"19":{"loc":{"start":{"line":123,"column":20},"end":{"line":123,"column":36}},"type":"binary-expr","locations":[{"start":{"line":123,"column":20},"end":{"line":123,"column":30}},{"start":{"line":123,"column":34},"end":{"line":123,"column":36}}],"line":123},"20":{"loc":{"start":{"line":151,"column":8},"end":{"line":153,"column":9}},"type":"if","locations":[{"start":{"line":151,"column":8},"end":{"line":153,"column":9}},{"start":{},"end":{}}],"line":151},"21":{"loc":{"start":{"line":151,"column":12},"end":{"line":151,"column":98}},"type":"binary-expr","locations":[{"start":{"line":151,"column":12},"end":{"line":151,"column":37}},{"start":{"line":151,"column":41},"end":{"line":151,"column":67}},{"start":{"line":151,"column":71},"end":{"line":151,"column":98}}],"line":151}},"s":{"0":0,"1":0,"2":0,"3":0,"4":0,"5":0,"6":0,"7":0,"8":0,"9":0,"10":0,"11":0,"12":0,"13":0,"14":0,"15":0,"16":0,"17":0,"18":0,"19":0,"20":0,"21":0,"22":0,"23":0,"24":0,"25":0,"26":0,"27":0,"28":0,"29":0,"30":0,"31":0,"32":0,"33":0,"34":0,"35":0,"36":0,"37":0,"38":0,"39":0,"40":0,"41":0,"42":0,"43":0,"44":0,"45":0,"46":0,"47":0,"48":0,"49":0,"50":0,"51":0,"52":0,"53":0,"54":0,"55":0,"56":0,"57":0,"58":0,"59":0,"60":0,"61":0,"62":0,"63":0,"64":0,"65":0,"66":0,"67":0,"68":0,"69":0,"70":0,"71":0,"72":0,"73":0,"74":0,"75":0,"76":0,"77":0,"78":0,"79":0,"80":0,"81":0,"82":0,"83":0,"84":0},"f":{"0":0,"1":0,"2":0,"3":0,"4":0,"5":0,"6":0,"7":0,"8":0,"9":0,"10":0,"11":0},"b":{"0":[0,0],"1":[0],"2":[0],"3":[0,0],"4":[0,0],"5":[0,0],"6":[0,0],"7":[0,0],"8":[0,0],"9":[0,0],"10":[0,0],"11":[0,0],"12":[0,0],"13":[0,0],"14":[0,0],"15":[0,0],"16":[0,0],"17":[0,0],"18":[0,0],"19":[0,0],"20":[0,0],"21":[0,0,0]},"meta":{"lastBranch":22,"lastFunction":12,"lastStatement":85,"seen":{"f:10:16:10:27":0,"s:11:35:11:51":0,"s:12:33:12:49":1,"s:13:29:13:44":2,"s:16:19:34:10":3,"f:16:32:16:37":1,"b:17:8:20:9:undefined:undefined:undefined:undefined":0,"s:17:8:20:9":4,"s:18:12:18:30":5,"s:19:12:19:24":6,"s:22:8:33:9":7,"s:23:30:23:93":8,"s:24:12:26:15":9,"f:25:28:25:29":2,"s:25:33:25:51":10,"s:27:12:27:30":11,"s:28:12:28:24":12,"s:30:12:30:46":13,"s:31:12:31:50":14,"s:32:12:32:20":15,"s:37:21:86:10":16,"f:37:34:37:39":3,"b:37:63:37:65":1,"b:37:75:37:80":2,"b:38:8:41:9:undefined:undefined:undefined:undefined":3,"s:38:8:41:9":17,"s:39:12:39:42":18,"s:40:12:40:24":19,"s:43:8:43:25":20,"s:44:8:44:23":21,"s:46:8:85:9":22,"s:47:24:47:48":23,"s:48:23:48:67":24,"s:49:22:49:111":25,"b:51:12:53:13:undefined:undefined:undefined:undefined":4,"s:51:12:53:13":26,"b:51:16:51:25:51:29:51:48":5,"s:52:16:52:55":27,"s:55:24:55:118":28,"b:57:12:79:13:77:19:79:13":6,"s:57:12:79:13":29,"b:57:16:57:26:57:30:57:50":7,"s:58:29:58:43":30,"s:59:29:63:18":31,"f:59:47:59:48":4,"s:60:30:60:32":32,"s:61:20:61:61":33,"f:61:33:61:34":5,"s:61:45:61:57":34,"s:62:20:62:29":35,"s:65:16:65:27":36,"b:67:16:76:17:73:23:76:17":8,"s:67:16:76:17":37,"b:67:20:67:25:67:29:67:49":9,"s:68:32:68:41":38,"s:69:20:69:93":39,"f:69:42:69:43":6,"s:69:47:69:91":40,"s:70:20:70:84":41,"f:70:33:70:34":7,"s:70:38:70:82":42,"s:71:20:71:38":43,"s:72:20:72:111":44,"f:72:57:72:58":8,"s:72:67:72:109":45,"b:72:68:72:74:72:78:72:80":10,"b:72:96:72:102:72:106:72:108":11,"s:74:20:74:38":46,"s:75:20:75:32":47,"s:78:16:78:45":48,"s:81:12:81:32":49,"s:82:12:82:58":50,"s:83:12:83:30":51,"s:84:12:84:24":52,"s:89:26:146:10":53,"f:89:39:89:44":9,"b:90:8:93:9:undefined:undefined:undefined:undefined":12,"s:90:8:93:9":54,"b:90:12:90:23:90:27:90:45":13,"s:91:12:91:48":55,"s:92:12:92:25":56,"s:95:8:145:9":57,"s:96:23:96:48":58,"s:98:12:109:9":59,"s:111:25:114:8":60,"s:116:12:125:15":61,"f:116:26:116:30":10,"s:117:16:124:19":62,"b:118:20:118:29:118:33:118:34":14,"b:119:20:119:36:119:40:119:41":15,"b:120:20:120:33:120:37:120:38":16,"b:121:20:121:29:121:33:121:35":17,"b:122:20:122:40:122:44:122:45":18,"b:123:20:123:30:123:34:123:36":19,"s:126:12:126:24":63,"s:128:25:128:36":64,"s:129:25:129:76":65,"s:130:24:130:49":66,"s:131:22:131:49":67,"s:132:12:132:25":68,"s:133:12:133:83":69,"s:134:12:134:41":70,"s:135:12:135:22":71,"s:136:12:136:41":72,"s:137:12:137:37":73,"s:139:12:139:23":74,"s:140:12:140:24":75,"s:142:12:142:57":76,"s:143:12:143:70":77,"s:144:12:144:25":78,"s:149:24:155:10":79,"f:149:37:149:38":11,"s:150:25:150:48":80,"b:151:8:153:9:undefined:undefined:undefined:undefined":20,"s:151:8:153:9":81,"b:151:12:151:37:151:41:151:67:151:71:151:98":21,"s:152:12:152:25":82,"s:154:8:154:20":83,"s:157:4:166:6":84}}}
,"C:\\Users\\migue\\byd-stats\\byd-stats\\src\\hooks\\useFileHandling.js": {"path":"C:\\Users\\migue\\byd-stats\\byd-stats\\src\\hooks\\useFileHandling.js","statementMap":{"0":{"start":{"line":10,"column":18},"end":{"line":10,"column":47}},"1":{"start":{"line":18,"column":41},"end":{"line":18,"column":56}},"2":{"start":{"line":19,"column":29},"end":{"line":19,"column":44}},"3":{"start":{"line":20,"column":21},"end":{"line":20,"column":49}},"4":{"start":{"line":22,"column":3},"end":{"line":171,"column":19}},"5":{"start":{"line":23,"column":8},"end":{"line":23,"column":50}},"6":{"start":{"line":23,"column":43},"end":{"line":23,"column":50}},"7":{"start":{"line":25,"column":27},"end":{"line":25,"column":31}},"8":{"start":{"line":30,"column":8},"end":{"line":170,"column":9}},"9":{"start":{"line":31,"column":12},"end":{"line":31,"column":78}},"10":{"start":{"line":34,"column":42},"end":{"line":44,"column":13}},"11":{"start":{"line":35,"column":16},"end":{"line":43,"column":17}},"12":{"start":{"line":36,"column":35},"end":{"line":36,"column":67}},"13":{"start":{"line":37,"column":20},"end":{"line":40,"column":21}},"14":{"start":{"line":38,"column":24},"end":{"line":38,"column":88}},"15":{"start":{"line":39,"column":24},"end":{"line":39,"column":79}},"16":{"start":{"line":42,"column":20},"end":{"line":42,"column":83}},"17":{"start":{"line":47,"column":37},"end":{"line":65,"column":13}},"18":{"start":{"line":48,"column":16},"end":{"line":48,"column":42}},"19":{"start":{"line":48,"column":35},"end":{"line":48,"column":42}},"20":{"start":{"line":50,"column":16},"end":{"line":64,"column":17}},"21":{"start":{"line":51,"column":20},"end":{"line":51,"column":73}},"22":{"start":{"line":53,"column":20},"end":{"line":60,"column":21}},"23":{"start":{"line":54,"column":40},"end":{"line":54,"column":49}},"24":{"start":{"line":56,"column":24},"end":{"line":59,"column":25}},"25":{"start":{"line":57,"column":28},"end":{"line":57,"column":82}},"26":{"start":{"line":58,"column":28},"end":{"line":58,"column":80}},"27":{"start":{"line":62,"column":20},"end":{"line":62,"column":80}},"28":{"start":{"line":63,"column":20},"end":{"line":63,"column":42}},"29":{"start":{"line":68,"column":32},"end":{"line":68,"column":79}},"30":{"start":{"line":71,"column":12},"end":{"line":71,"column":36}},"31":{"start":{"line":74,"column":12},"end":{"line":80,"column":15}},"32":{"start":{"line":75,"column":16},"end":{"line":77,"column":17}},"33":{"start":{"line":76,"column":20},"end":{"line":76,"column":58}},"34":{"start":{"line":79,"column":16},"end":{"line":79,"column":73}},"35":{"start":{"line":83,"column":12},"end":{"line":86,"column":14}},"36":{"start":{"line":84,"column":16},"end":{"line":84,"column":37}},"37":{"start":{"line":85,"column":16},"end":{"line":85,"column":64}},"38":{"start":{"line":85,"column":45},"end":{"line":85,"column":62}},"39":{"start":{"line":93,"column":12},"end":{"line":93,"column":71}},"40":{"start":{"line":96,"column":12},"end":{"line":119,"column":13}},"41":{"start":{"line":97,"column":16},"end":{"line":97,"column":66}},"42":{"start":{"line":99,"column":16},"end":{"line":116,"column":19}},"43":{"start":{"line":100,"column":20},"end":{"line":100,"column":46}},"44":{"start":{"line":100,"column":39},"end":{"line":100,"column":46}},"45":{"start":{"line":102,"column":20},"end":{"line":115,"column":21}},"46":{"start":{"line":103,"column":24},"end":{"line":111,"column":25}},"47":{"start":{"line":104,"column":28},"end":{"line":104,"column":109}},"48":{"start":{"line":106,"column":47},"end":{"line":106,"column":68}},"49":{"start":{"line":107,"column":41},"end":{"line":107,"column":67}},"50":{"start":{"line":109,"column":28},"end":{"line":109,"column":85}},"51":{"start":{"line":110,"column":28},"end":{"line":110,"column":75}},"52":{"start":{"line":113,"column":24},"end":{"line":113,"column":84}},"53":{"start":{"line":114,"column":24},"end":{"line":114,"column":62}},"54":{"start":{"line":118,"column":16},"end":{"line":118,"column":70}},"55":{"start":{"line":122,"column":36},"end":{"line":163,"column":13}},"56":{"start":{"line":123,"column":16},"end":{"line":162,"column":17}},"57":{"start":{"line":124,"column":38},"end":{"line":124,"column":81}},"58":{"start":{"line":125,"column":20},"end":{"line":159,"column":21}},"59":{"start":{"line":126,"column":24},"end":{"line":126,"column":87}},"60":{"start":{"line":129,"column":24},"end":{"line":129,"column":86}},"61":{"start":{"line":132,"column":35},"end":{"line":132,"column":49}},"62":{"start":{"line":133,"column":35},"end":{"line":133,"column":77}},"63":{"start":{"line":134,"column":38},"end":{"line":134,"column":68}},"64":{"start":{"line":135,"column":40},"end":{"line":135,"column":59}},"65":{"start":{"line":137,"column":24},"end":{"line":153,"column":26}},"66":{"start":{"line":138,"column":41},"end":{"line":138,"column":55}},"67":{"start":{"line":139,"column":28},"end":{"line":152,"column":29}},"68":{"start":{"line":140,"column":32},"end":{"line":140,"column":111}},"69":{"start":{"line":143,"column":45},"end":{"line":143,"column":87}},"70":{"start":{"line":144,"column":45},"end":{"line":144,"column":93}},"71":{"start":{"line":146,"column":32},"end":{"line":146,"column":78}},"72":{"start":{"line":149,"column":49},"end":{"line":149,"column":92}},"73":{"start":{"line":150,"column":52},"end":{"line":150,"column":88}},"74":{"start":{"line":151,"column":32},"end":{"line":151,"column":61}},"75":{"start":{"line":155,"column":24},"end":{"line":158,"column":26}},"76":{"start":{"line":156,"column":28},"end":{"line":156,"column":91}},"77":{"start":{"line":157,"column":28},"end":{"line":157,"column":76}},"78":{"start":{"line":161,"column":20},"end":{"line":161,"column":75}},"79":{"start":{"line":165,"column":12},"end":{"line":165,"column":30}},"80":{"start":{"line":167,"column":12},"end":{"line":169,"column":14}},"81":{"start":{"line":168,"column":16},"end":{"line":168,"column":37}},"82":{"start":{"line":176,"column":29},"end":{"line":179,"column":5}},"83":{"start":{"line":177,"column":8},"end":{"line":177,"column":29}},"84":{"start":{"line":178,"column":8},"end":{"line":178,"column":23}},"85":{"start":{"line":186,"column":21},"end":{"line":227,"column":5}},"86":{"start":{"line":187,"column":8},"end":{"line":189,"column":9}},"87":{"start":{"line":188,"column":12},"end":{"line":188,"column":47}},"88":{"start":{"line":192,"column":8},"end":{"line":194,"column":9}},"89":{"start":{"line":193,"column":12},"end":{"line":193,"column":36}},"90":{"start":{"line":197,"column":8},"end":{"line":224,"column":9}},"91":{"start":{"line":198,"column":12},"end":{"line":223,"column":13}},"92":{"start":{"line":199,"column":16},"end":{"line":199,"column":82}},"93":{"start":{"line":201,"column":31},"end":{"line":201,"column":89}},"94":{"start":{"line":203,"column":16},"end":{"line":205,"column":17}},"95":{"start":{"line":204,"column":20},"end":{"line":204,"column":66}},"96":{"start":{"line":208,"column":35},"end":{"line":208,"column":46}},"97":{"start":{"line":209,"column":39},"end":{"line":209,"column":55}},"98":{"start":{"line":210,"column":36},"end":{"line":210,"column":68}},"99":{"start":{"line":211,"column":16},"end":{"line":213,"column":17}},"100":{"start":{"line":211,"column":29},"end":{"line":211,"column":30}},"101":{"start":{"line":212,"column":20},"end":{"line":212,"column":66}},"102":{"start":{"line":214,"column":34},"end":{"line":214,"column":61}},"103":{"start":{"line":215,"column":29},"end":{"line":215,"column":104}},"104":{"start":{"line":218,"column":33},"end":{"line":218,"column":63}},"105":{"start":{"line":219,"column":16},"end":{"line":219,"column":104}},"106":{"start":{"line":221,"column":16},"end":{"line":221,"column":76}},"107":{"start":{"line":222,"column":16},"end":{"line":222,"column":26}},"108":{"start":{"line":226,"column":8},"end":{"line":226,"column":47}},"109":{"start":{"line":229,"column":4},"end":{"line":235,"column":6}},"110":{"start":{"line":243,"column":4},"end":{"line":253,"column":7}},"111":{"start":{"line":244,"column":24},"end":{"line":244,"column":57}},"112":{"start":{"line":245,"column":8},"end":{"line":245,"column":54}},"113":{"start":{"line":245,"column":32},"end":{"line":245,"column":53}},"114":{"start":{"line":246,"column":8},"end":{"line":246,"column":58}},"115":{"start":{"line":246,"column":34},"end":{"line":246,"column":57}},"116":{"start":{"line":247,"column":8},"end":{"line":252,"column":10}},"117":{"start":{"line":248,"column":23},"end":{"line":248,"column":38}},"118":{"start":{"line":249,"column":12},"end":{"line":251,"column":13}},"119":{"start":{"line":250,"column":16},"end":{"line":250,"column":72}}},"fnMap":{"0":{"name":"useFileHandling","decl":{"start":{"line":17,"column":16},"end":{"line":17,"column":31}},"loc":{"start":{"line":17,"column":34},"end":{"line":236,"column":1}},"line":17},"1":{"name":"(anonymous_1)","decl":{"start":{"line":22,"column":14},"end":{"line":22,"column":15}},"loc":{"start":{"line":22,"column":20},"end":{"line":171,"column":5}},"line":22},"2":{"name":"(anonymous_2)","decl":{"start":{"line":34,"column":42},"end":{"line":34,"column":47}},"loc":{"start":{"line":34,"column":54},"end":{"line":44,"column":13}},"line":34},"3":{"name":"(anonymous_3)","decl":{"start":{"line":47,"column":37},"end":{"line":47,"column":42}},"loc":{"start":{"line":47,"column":54},"end":{"line":65,"column":13}},"line":47},"4":{"name":"(anonymous_4)","decl":{"start":{"line":74,"column":36},"end":{"line":74,"column":37}},"loc":{"start":{"line":74,"column":48},"end":{"line":78,"column":13}},"line":74},"5":{"name":"(anonymous_5)","decl":{"start":{"line":78,"column":21},"end":{"line":78,"column":24}},"loc":{"start":{"line":78,"column":28},"end":{"line":80,"column":13}},"line":78},"6":{"name":"(anonymous_6)","decl":{"start":{"line":83,"column":19},"end":{"line":83,"column":20}},"loc":{"start":{"line":83,"column":25},"end":{"line":86,"column":13}},"line":83},"7":{"name":"(anonymous_7)","decl":{"start":{"line":85,"column":33},"end":{"line":85,"column":41}},"loc":{"start":{"line":85,"column":45},"end":{"line":85,"column":62}},"line":85},"8":{"name":"(anonymous_8)","decl":{"start":{"line":99,"column":47},"end":{"line":99,"column":52}},"loc":{"start":{"line":99,"column":71},"end":{"line":116,"column":17}},"line":99},"9":{"name":"(anonymous_9)","decl":{"start":{"line":122,"column":36},"end":{"line":122,"column":41}},"loc":{"start":{"line":122,"column":48},"end":{"line":163,"column":13}},"line":122},"10":{"name":"(anonymous_10)","decl":{"start":{"line":137,"column":44},"end":{"line":137,"column":45}},"loc":{"start":{"line":137,"column":50},"end":{"line":153,"column":25}},"line":137},"11":{"name":"(anonymous_11)","decl":{"start":{"line":155,"column":42},"end":{"line":155,"column":43}},"loc":{"start":{"line":155,"column":48},"end":{"line":158,"column":25}},"line":155},"12":{"name":"(anonymous_12)","decl":{"start":{"line":167,"column":19},"end":{"line":167,"column":20}},"loc":{"start":{"line":167,"column":25},"end":{"line":169,"column":13}},"line":167},"13":{"name":"(anonymous_13)","decl":{"start":{"line":176,"column":29},"end":{"line":176,"column":30}},"loc":{"start":{"line":176,"column":35},"end":{"line":179,"column":5}},"line":176},"14":{"name":"(anonymous_14)","decl":{"start":{"line":186,"column":21},"end":{"line":186,"column":26}},"loc":{"start":{"line":186,"column":44},"end":{"line":227,"column":5}},"line":186},"15":{"name":"openDB","decl":{"start":{"line":242,"column":9},"end":{"line":242,"column":15}},"loc":{"start":{"line":242,"column":18},"end":{"line":254,"column":1}},"line":242},"16":{"name":"(anonymous_16)","decl":{"start":{"line":243,"column":23},"end":{"line":243,"column":24}},"loc":{"start":{"line":243,"column":44},"end":{"line":253,"column":5}},"line":243},"17":{"name":"(anonymous_17)","decl":{"start":{"line":245,"column":26},"end":{"line":245,"column":27}},"loc":{"start":{"line":245,"column":32},"end":{"line":245,"column":53}},"line":245},"18":{"name":"(anonymous_18)","decl":{"start":{"line":246,"column":28},"end":{"line":246,"column":29}},"loc":{"start":{"line":246,"column":34},"end":{"line":246,"column":57}},"line":246},"19":{"name":"(anonymous_19)","decl":{"start":{"line":247,"column":34},"end":{"line":247,"column":35}},"loc":{"start":{"line":247,"column":41},"end":{"line":252,"column":9}},"line":247}},"branchMap":{"0":{"loc":{"start":{"line":23,"column":8},"end":{"line":23,"column":50}},"type":"if","locations":[{"start":{"line":23,"column":8},"end":{"line":23,"column":50}},{"start":{},"end":{}}],"line":23},"1":{"loc":{"start":{"line":30,"column":8},"end":{"line":170,"column":9}},"type":"if","locations":[{"start":{"line":30,"column":8},"end":{"line":170,"column":9}},{"start":{"line":92,"column":13},"end":{"line":170,"column":9}}],"line":30},"2":{"loc":{"start":{"line":37,"column":20},"end":{"line":40,"column":21}},"type":"if","locations":[{"start":{"line":37,"column":20},"end":{"line":40,"column":21}},{"start":{},"end":{}}],"line":37},"3":{"loc":{"start":{"line":37,"column":24},"end":{"line":37,"column":44}},"type":"binary-expr","locations":[{"start":{"line":37,"column":24},"end":{"line":37,"column":30}},{"start":{"line":37,"column":34},"end":{"line":37,"column":44}}],"line":37},"4":{"loc":{"start":{"line":48,"column":16},"end":{"line":48,"column":42}},"type":"if","locations":[{"start":{"line":48,"column":16},"end":{"line":48,"column":42}},{"start":{},"end":{}}],"line":48},"5":{"loc":{"start":{"line":53,"column":20},"end":{"line":60,"column":21}},"type":"if","locations":[{"start":{"line":53,"column":20},"end":{"line":60,"column":21}},{"start":{},"end":{}}],"line":53},"6":{"loc":{"start":{"line":56,"column":24},"end":{"line":59,"column":25}},"type":"if","locations":[{"start":{"line":56,"column":24},"end":{"line":59,"column":25}},{"start":{},"end":{}}],"line":56},"7":{"loc":{"start":{"line":56,"column":28},"end":{"line":56,"column":93}},"type":"binary-expr","locations":[{"start":{"line":56,"column":28},"end":{"line":56,"column":57}},{"start":{"line":56,"column":61},"end":{"line":56,"column":93}}],"line":56},"8":{"loc":{"start":{"line":75,"column":16},"end":{"line":77,"column":17}},"type":"if","locations":[{"start":{"line":75,"column":16},"end":{"line":77,"column":17}},{"start":{},"end":{}}],"line":75},"9":{"loc":{"start":{"line":75,"column":20},"end":{"line":75,"column":40}},"type":"binary-expr","locations":[{"start":{"line":75,"column":20},"end":{"line":75,"column":26}},{"start":{"line":75,"column":30},"end":{"line":75,"column":40}}],"line":75},"10":{"loc":{"start":{"line":96,"column":12},"end":{"line":119,"column":13}},"type":"if","locations":[{"start":{"line":96,"column":12},"end":{"line":119,"column":13}},{"start":{"line":117,"column":19},"end":{"line":119,"column":13}}],"line":96},"11":{"loc":{"start":{"line":100,"column":20},"end":{"line":100,"column":46}},"type":"if","locations":[{"start":{"line":100,"column":20},"end":{"line":100,"column":46}},{"start":{},"end":{}}],"line":100},"12":{"loc":{"start":{"line":103,"column":24},"end":{"line":111,"column":25}},"type":"if","locations":[{"start":{"line":103,"column":24},"end":{"line":111,"column":25}},{"start":{},"end":{}}],"line":103},"13":{"loc":{"start":{"line":103,"column":28},"end":{"line":103,"column":79}},"type":"binary-expr","locations":[{"start":{"line":103,"column":28},"end":{"line":103,"column":46}},{"start":{"line":103,"column":50},"end":{"line":103,"column":79}}],"line":103},"14":{"loc":{"start":{"line":125,"column":20},"end":{"line":159,"column":21}},"type":"if","locations":[{"start":{"line":125,"column":20},"end":{"line":159,"column":21}},{"start":{},"end":{}}],"line":125},"15":{"loc":{"start":{"line":139,"column":28},"end":{"line":152,"column":29}},"type":"if","locations":[{"start":{"line":139,"column":28},"end":{"line":152,"column":29}},{"start":{},"end":{}}],"line":139},"16":{"loc":{"start":{"line":139,"column":32},"end":{"line":139,"column":49}},"type":"binary-expr","locations":[{"start":{"line":139,"column":32},"end":{"line":139,"column":36}},{"start":{"line":139,"column":40},"end":{"line":139,"column":49}}],"line":139},"17":{"loc":{"start":{"line":187,"column":8},"end":{"line":189,"column":9}},"type":"if","locations":[{"start":{"line":187,"column":8},"end":{"line":189,"column":9}},{"start":{},"end":{}}],"line":187},"18":{"loc":{"start":{"line":192,"column":8},"end":{"line":194,"column":9}},"type":"if","locations":[{"start":{"line":192,"column":8},"end":{"line":194,"column":9}},{"start":{},"end":{}}],"line":192},"19":{"loc":{"start":{"line":192,"column":12},"end":{"line":192,"column":85}},"type":"binary-expr","locations":[{"start":{"line":192,"column":12},"end":{"line":192,"column":47}},{"start":{"line":192,"column":51},"end":{"line":192,"column":85}}],"line":192},"20":{"loc":{"start":{"line":197,"column":8},"end":{"line":224,"column":9}},"type":"if","locations":[{"start":{"line":197,"column":8},"end":{"line":224,"column":9}},{"start":{},"end":{}}],"line":197},"21":{"loc":{"start":{"line":203,"column":16},"end":{"line":205,"column":17}},"type":"if","locations":[{"start":{"line":203,"column":16},"end":{"line":205,"column":17}},{"start":{},"end":{}}],"line":203},"22":{"loc":{"start":{"line":203,"column":20},"end":{"line":203,"column":43}},"type":"binary-expr","locations":[{"start":{"line":203,"column":20},"end":{"line":203,"column":27}},{"start":{"line":203,"column":31},"end":{"line":203,"column":43}}],"line":203},"23":{"loc":{"start":{"line":215,"column":59},"end":{"line":215,"column":101}},"type":"binary-expr","locations":[{"start":{"line":215,"column":59},"end":{"line":215,"column":74}},{"start":{"line":215,"column":78},"end":{"line":215,"column":101}}],"line":215},"24":{"loc":{"start":{"line":218,"column":33},"end":{"line":218,"column":63}},"type":"binary-expr","locations":[{"start":{"line":218,"column":33},"end":{"line":218,"column":48}},{"start":{"line":218,"column":52},"end":{"line":218,"column":63}}],"line":218},"25":{"loc":{"start":{"line":219,"column":58},"end":{"line":219,"column":100}},"type":"binary-expr","locations":[{"start":{"line":219,"column":58},"end":{"line":219,"column":73}},{"start":{"line":219,"column":77},"end":{"line":219,"column":100}}],"line":219},"26":{"loc":{"start":{"line":249,"column":12},"end":{"line":251,"column":13}},"type":"if","locations":[{"start":{"line":249,"column":12},"end":{"line":251,"column":13}},{"start":{},"end":{}}],"line":249}},"s":{"0":0,"1":0,"2":0,"3":0,"4":0,"5":0,"6":0,"7":0,"8":0,"9":0,"10":0,"11":0,"12":0,"13":0,"14":0,"15":0,"16":0,"17":0,"18":0,"19":0,"20":0,"21":0,"22":0,"23":0,"24":0,"25":0,"26":0,"27":0,"28":0,"29":0,"30":0,"31":0,"32":0,"33":0,"34":0,"35":0,"36":0,"37":0,"38":0,"39":0,"40":0,"41":0,"42":0,"43":0,"44":0,"45":0,"46":0,"47":0,"48":0,"49":0,"50":0,"51":0,"52":0,"53":0,"54":0,"55":0,"56":0,"57":0,"58":0,"59":0,"60":0,"61":0,"62":0,"63":0,"64":0,"65":0,"66":0,"67":0,"68":0,"69":0,"70":0,"71":0,"72":0,"73":0,"74":0,"75":0,"76":0,"77":0,"78":0,"79":0,"80":0,"81":0,"82":0,"83":0,"84":0,"85":0,"86":0,"87":0,"88":0,"89":0,"90":0,"91":0,"92":0,"93":0,"94":0,"95":0,"96":0,"97":0,"98":0,"99":0,"100":0,"101":0,"102":0,"103":0,"104":0,"105":0,"106":0,"107":0,"108":0,"109":0,"110":0,"111":0,"112":0,"113":0,"114":0,"115":0,"116":0,"117":0,"118":0,"119":0},"f":{"0":0,"1":0,"2":0,"3":0,"4":0,"5":0,"6":0,"7":0,"8":0,"9":0,"10":0,"11":0,"12":0,"13":0,"14":0,"15":0,"16":0,"17":0,"18":0,"19":0},"b":{"0":[0,0],"1":[0,0],"2":[0,0],"3":[0,0],"4":[0,0],"5":[0,0],"6":[0,0],"7":[0,0],"8":[0,0],"9":[0,0],"10":[0,0],"11":[0,0],"12":[0,0],"13":[0,0],"14":[0,0],"15":[0,0],"16":[0,0],"17":[0,0],"18":[0,0],"19":[0,0],"20":[0,0],"21":[0,0],"22":[0,0],"23":[0,0],"24":[0,0],"25":[0,0],"26":[0,0]},"meta":{"lastBranch":27,"lastFunction":20,"lastStatement":120,"seen":{"s:10:18:10:47":0,"f:17:16:17:31":0,"s:18:41:18:56":1,"s:19:29:19:44":2,"s:20:21:20:49":3,"s:22:3:171:19":4,"f:22:14:22:15":1,"b:23:8:23:50:undefined:undefined:undefined:undefined":0,"s:23:8:23:50":5,"s:23:43:23:50":6,"s:25:27:25:31":7,"b:30:8:170:9:92:13:170:9":1,"s:30:8:170:9":8,"s:31:12:31:78":9,"s:34:42:44:13":10,"f:34:42:34:47":2,"s:35:16:43:17":11,"s:36:35:36:67":12,"b:37:20:40:21:undefined:undefined:undefined:undefined":2,"s:37:20:40:21":13,"b:37:24:37:30:37:34:37:44":3,"s:38:24:38:88":14,"s:39:24:39:79":15,"s:42:20:42:83":16,"s:47:37:65:13":17,"f:47:37:47:42":3,"b:48:16:48:42:undefined:undefined:undefined:undefined":4,"s:48:16:48:42":18,"s:48:35:48:42":19,"s:50:16:64:17":20,"s:51:20:51:73":21,"b:53:20:60:21:undefined:undefined:undefined:undefined":5,"s:53:20:60:21":22,"s:54:40:54:49":23,"b:56:24:59:25:undefined:undefined:undefined:undefined":6,"s:56:24:59:25":24,"b:56:28:56:57:56:61:56:93":7,"s:57:28:57:82":25,"s:58:28:58:80":26,"s:62:20:62:80":27,"s:63:20:63:42":28,"s:68:32:68:79":29,"s:71:12:71:36":30,"s:74:12:80:15":31,"f:74:36:74:37":4,"b:75:16:77:17:undefined:undefined:undefined:undefined":8,"s:75:16:77:17":32,"b:75:20:75:26:75:30:75:40":9,"s:76:20:76:58":33,"f:78:21:78:24":5,"s:79:16:79:73":34,"s:83:12:86:14":35,"f:83:19:83:20":6,"s:84:16:84:37":36,"s:85:16:85:64":37,"f:85:33:85:41":7,"s:85:45:85:62":38,"s:93:12:93:71":39,"b:96:12:119:13:117:19:119:13":10,"s:96:12:119:13":40,"s:97:16:97:66":41,"s:99:16:116:19":42,"f:99:47:99:52":8,"b:100:20:100:46:undefined:undefined:undefined:undefined":11,"s:100:20:100:46":43,"s:100:39:100:46":44,"s:102:20:115:21":45,"b:103:24:111:25:undefined:undefined:undefined:undefined":12,"s:103:24:111:25":46,"b:103:28:103:46:103:50:103:79":13,"s:104:28:104:109":47,"s:106:47:106:68":48,"s:107:41:107:67":49,"s:109:28:109:85":50,"s:110:28:110:75":51,"s:113:24:113:84":52,"s:114:24:114:62":53,"s:118:16:118:70":54,"s:122:36:163:13":55,"f:122:36:122:41":9,"s:123:16:162:17":56,"s:124:38:124:81":57,"b:125:20:159:21:undefined:undefined:undefined:undefined":14,"s:125:20:159:21":58,"s:126:24:126:87":59,"s:129:24:129:86":60,"s:132:35:132:49":61,"s:133:35:133:77":62,"s:134:38:134:68":63,"s:135:40:135:59":64,"s:137:24:153:26":65,"f:137:44:137:45":10,"s:138:41:138:55":66,"b:139:28:152:29:undefined:undefined:undefined:undefined":15,"s:139:28:152:29":67,"b:139:32:139:36:139:40:139:49":16,"s:140:32:140:111":68,"s:143:45:143:87":69,"s:144:45:144:93":70,"s:146:32:146:78":71,"s:149:49:149:92":72,"s:150:52:150:88":73,"s:151:32:151:61":74,"s:155:24:158:26":75,"f:155:42:155:43":11,"s:156:28:156:91":76,"s:157:28:157:76":77,"s:161:20:161:75":78,"s:165:12:165:30":79,"s:167:12:169:14":80,"f:167:19:167:20":12,"s:168:16:168:37":81,"s:176:29:179:5":82,"f:176:29:176:30":13,"s:177:8:177:29":83,"s:178:8:178:23":84,"s:186:21:227:5":85,"f:186:21:186:26":14,"b:187:8:189:9:undefined:undefined:undefined:undefined":17,"s:187:8:189:9":86,"s:188:12:188:47":87,"b:192:8:194:9:undefined:undefined:undefined:undefined":18,"s:192:8:194:9":88,"b:192:12:192:47:192:51:192:85":19,"s:193:12:193:36":89,"b:197:8:224:9:undefined:undefined:undefined:undefined":20,"s:197:8:224:9":90,"s:198:12:223:13":91,"s:199:16:199:82":92,"s:201:31:201:89":93,"b:203:16:205:17:undefined:undefined:undefined:undefined":21,"s:203:16:205:17":94,"b:203:20:203:27:203:31:203:43":22,"s:204:20:204:66":95,"s:208:35:208:46":96,"s:209:39:209:55":97,"s:210:36:210:68":98,"s:211:16:213:17":99,"s:211:29:211:30":100,"s:212:20:212:66":101,"s:214:34:214:61":102,"s:215:29:215:104":103,"b:215:59:215:74:215:78:215:101":23,"s:218:33:218:63":104,"b:218:33:218:48:218:52:218:63":24,"s:219:16:219:104":105,"b:219:58:219:73:219:77:219:100":25,"s:221:16:221:76":106,"s:222:16:222:26":107,"s:226:8:226:47":108,"s:229:4:235:6":109,"f:242:9:242:15":15,"s:243:4:253:7":110,"f:243:23:243:24":16,"s:244:24:244:57":111,"s:245:8:245:54":112,"f:245:26:245:27":17,"s:245:32:245:53":113,"s:246:8:246:58":114,"f:246:28:246:29":18,"s:246:34:246:57":115,"s:247:8:252:10":116,"f:247:34:247:35":19,"s:248:23:248:38":117,"b:249:12:251:13:undefined:undefined:undefined:undefined":26,"s:249:12:251:13":118,"s:250:16:250:72":119}}}
,"C:\\Users\\migue\\byd-stats\\byd-stats\\src\\hooks\\useGoogleSync.js": {"path":"C:\\Users\\migue\\byd-stats\\byd-stats\\src\\hooks\\useGoogleSync.js","statementMap":{"0":{"start":{"line":9,"column":49},"end":{"line":9,"column":65}},"1":{"start":{"line":10,"column":37},"end":{"line":10,"column":53}},"2":{"start":{"line":11,"column":43},"end":{"line":11,"column":58}},"3":{"start":{"line":12,"column":29},"end":{"line":12,"column":44}},"4":{"start":{"line":13,"column":41},"end":{"line":13,"column":56}},"5":{"start":{"line":16,"column":28},"end":{"line":46,"column":10}},"6":{"start":{"line":17,"column":8},"end":{"line":45,"column":9}},"7":{"start":{"line":18,"column":29},"end":{"line":23,"column":14}},"8":{"start":{"line":24,"column":12},"end":{"line":42,"column":13}},"9":{"start":{"line":25,"column":29},"end":{"line":25,"column":50}},"10":{"start":{"line":26,"column":16},"end":{"line":30,"column":19}},"11":{"start":{"line":33,"column":16},"end":{"line":41,"column":17}},"12":{"start":{"line":34,"column":20},"end":{"line":34,"column":67}},"13":{"start":{"line":37,"column":20},"end":{"line":37,"column":46}},"14":{"start":{"line":38,"column":20},"end":{"line":38,"column":41}},"15":{"start":{"line":39,"column":20},"end":{"line":39,"column":69}},"16":{"start":{"line":40,"column":20},"end":{"line":40,"column":69}},"17":{"start":{"line":44,"column":12},"end":{"line":44,"column":59}},"18":{"start":{"line":49,"column":3},"end":{"line":116,"column":27}},"19":{"start":{"line":50,"column":8},"end":{"line":50,"column":47}},"20":{"start":{"line":53,"column":8},"end":{"line":59,"column":9}},"21":{"start":{"line":54,"column":12},"end":{"line":58,"column":87}},"22":{"start":{"line":58,"column":28},"end":{"line":58,"column":85}},"23":{"start":{"line":61,"column":31},"end":{"line":113,"column":9}},"24":{"start":{"line":62,"column":12},"end":{"line":112,"column":13}},"25":{"start":{"line":64,"column":16},"end":{"line":64,"column":54}},"26":{"start":{"line":66,"column":35},"end":{"line":66,"column":80}},"27":{"start":{"line":67,"column":36},"end":{"line":67,"column":81}},"28":{"start":{"line":69,"column":16},"end":{"line":107,"column":17}},"29":{"start":{"line":70,"column":39},"end":{"line":70,"column":64}},"30":{"start":{"line":71,"column":32},"end":{"line":71,"column":42}},"31":{"start":{"line":74,"column":20},"end":{"line":83,"column":21}},"32":{"start":{"line":75,"column":24},"end":{"line":75,"column":75}},"33":{"start":{"line":76,"column":24},"end":{"line":76,"column":70}},"34":{"start":{"line":77,"column":24},"end":{"line":77,"column":49}},"35":{"start":{"line":78,"column":24},"end":{"line":78,"column":53}},"36":{"start":{"line":80,"column":24},"end":{"line":80,"column":72}},"37":{"start":{"line":81,"column":24},"end":{"line":81,"column":73}},"38":{"start":{"line":82,"column":24},"end":{"line":82,"column":73}},"39":{"start":{"line":84,"column":23},"end":{"line":107,"column":17}},"40":{"start":{"line":86,"column":20},"end":{"line":86,"column":78}},"41":{"start":{"line":87,"column":20},"end":{"line":87,"column":66}},"42":{"start":{"line":90,"column":37},"end":{"line":95,"column":22}},"43":{"start":{"line":97,"column":20},"end":{"line":106,"column":21}},"44":{"start":{"line":98,"column":24},"end":{"line":98,"column":49}},"45":{"start":{"line":99,"column":24},"end":{"line":99,"column":53}},"46":{"start":{"line":101,"column":39},"end":{"line":101,"column":68}},"47":{"start":{"line":102,"column":24},"end":{"line":102,"column":89}},"48":{"start":{"line":104,"column":24},"end":{"line":104,"column":74}},"49":{"start":{"line":105,"column":24},"end":{"line":105,"column":73}},"50":{"start":{"line":109,"column":16},"end":{"line":109,"column":61}},"51":{"start":{"line":110,"column":16},"end":{"line":110,"column":65}},"52":{"start":{"line":111,"column":16},"end":{"line":111,"column":65}},"53":{"start":{"line":114,"column":8},"end":{"line":114,"column":25}},"54":{"start":{"line":115,"column":8},"end":{"line":115,"column":62}},"55":{"start":{"line":115,"column":21},"end":{"line":115,"column":61}},"56":{"start":{"line":118,"column":3},"end":{"line":120,"column":26}},"57":{"start":{"line":119,"column":8},"end":{"line":119,"column":84}},"58":{"start":{"line":125,"column":18},"end":{"line":145,"column":10}},"59":{"start":{"line":126,"column":8},"end":{"line":144,"column":9}},"60":{"start":{"line":127,"column":12},"end":{"line":127,"column":47}},"61":{"start":{"line":129,"column":12},"end":{"line":136,"column":13}},"62":{"start":{"line":130,"column":16},"end":{"line":135,"column":17}},"63":{"start":{"line":131,"column":20},"end":{"line":131,"column":69}},"64":{"start":{"line":132,"column":20},"end":{"line":132,"column":72}},"65":{"start":{"line":134,"column":20},"end":{"line":134,"column":78}},"66":{"start":{"line":138,"column":12},"end":{"line":138,"column":61}},"67":{"start":{"line":139,"column":12},"end":{"line":139,"column":61}},"68":{"start":{"line":140,"column":12},"end":{"line":140,"column":38}},"69":{"start":{"line":141,"column":12},"end":{"line":141,"column":33}},"70":{"start":{"line":143,"column":12},"end":{"line":143,"column":45}},"71":{"start":{"line":151,"column":23},"end":{"line":216,"column":66}},"72":{"start":{"line":152,"column":8},"end":{"line":152,"column":49}},"73":{"start":{"line":152,"column":42},"end":{"line":152,"column":49}},"74":{"start":{"line":154,"column":8},"end":{"line":154,"column":27}},"75":{"start":{"line":155,"column":8},"end":{"line":155,"column":23}},"76":{"start":{"line":156,"column":8},"end":{"line":215,"column":9}},"77":{"start":{"line":158,"column":26},"end":{"line":158,"column":62}},"78":{"start":{"line":159,"column":25},"end":{"line":159,"column":29}},"79":{"start":{"line":161,"column":12},"end":{"line":164,"column":13}},"80":{"start":{"line":162,"column":16},"end":{"line":162,"column":37}},"81":{"start":{"line":163,"column":16},"end":{"line":163,"column":64}},"82":{"start":{"line":167,"column":29},"end":{"line":167,"column":56}},"83":{"start":{"line":168,"column":12},"end":{"line":170,"column":13}},"84":{"start":{"line":169,"column":16},"end":{"line":169,"column":75}},"85":{"start":{"line":174,"column":33},"end":{"line":174,"column":104}},"86":{"start":{"line":176,"column":12},"end":{"line":200,"column":13}},"87":{"start":{"line":177,"column":16},"end":{"line":177,"column":79}},"88":{"start":{"line":178,"column":16},"end":{"line":178,"column":48}},"89":{"start":{"line":179,"column":16},"end":{"line":181,"column":17}},"90":{"start":{"line":180,"column":20},"end":{"line":180,"column":53}},"91":{"start":{"line":184,"column":16},"end":{"line":184,"column":71}},"92":{"start":{"line":185,"column":37},"end":{"line":185,"column":63}},"93":{"start":{"line":188,"column":37},"end":{"line":188,"column":84}},"94":{"start":{"line":189,"column":31},"end":{"line":192,"column":17}},"95":{"start":{"line":195,"column":16},"end":{"line":195,"column":44}},"96":{"start":{"line":196,"column":16},"end":{"line":196,"column":45}},"97":{"start":{"line":199,"column":16},"end":{"line":199,"column":68}},"98":{"start":{"line":202,"column":12},"end":{"line":202,"column":40}},"99":{"start":{"line":205,"column":12},"end":{"line":205,"column":44}},"100":{"start":{"line":207,"column":12},"end":{"line":211,"column":13}},"101":{"start":{"line":209,"column":16},"end":{"line":209,"column":68}},"102":{"start":{"line":210,"column":16},"end":{"line":210,"column":25}},"103":{"start":{"line":212,"column":12},"end":{"line":212,"column":61}},"104":{"start":{"line":214,"column":12},"end":{"line":214,"column":32}},"105":{"start":{"line":219,"column":20},"end":{"line":229,"column":6}},"106":{"start":{"line":221,"column":12},"end":{"line":221,"column":62}},"107":{"start":{"line":222,"column":12},"end":{"line":222,"column":65}},"108":{"start":{"line":225,"column":12},"end":{"line":225,"column":53}},"109":{"start":{"line":226,"column":12},"end":{"line":226,"column":37}},"110":{"start":{"line":232,"column":31},"end":{"line":244,"column":5}},"111":{"start":{"line":233,"column":8},"end":{"line":233,"column":55}},"112":{"start":{"line":234,"column":8},"end":{"line":234,"column":67}},"113":{"start":{"line":238,"column":27},"end":{"line":238,"column":56}},"114":{"start":{"line":239,"column":8},"end":{"line":239,"column":77}},"115":{"start":{"line":241,"column":8},"end":{"line":241,"column":33}},"116":{"start":{"line":242,"column":8},"end":{"line":242,"column":44}},"117":{"start":{"line":243,"column":8},"end":{"line":243,"column":22}},"118":{"start":{"line":247,"column":17},"end":{"line":291,"column":49}},"119":{"start":{"line":248,"column":25},"end":{"line":248,"column":53}},"120":{"start":{"line":249,"column":8},"end":{"line":249,"column":78}},"121":{"start":{"line":251,"column":8},"end":{"line":290,"column":9}},"122":{"start":{"line":253,"column":12},"end":{"line":286,"column":13}},"123":{"start":{"line":256,"column":31},"end":{"line":261,"column":18}},"124":{"start":{"line":262,"column":16},"end":{"line":262,"column":78}},"125":{"start":{"line":265,"column":36},"end":{"line":268,"column":41}},"126":{"start":{"line":272,"column":16},"end":{"line":282,"column":17}},"127":{"start":{"line":273,"column":20},"end":{"line":273,"column":76}},"128":{"start":{"line":274,"column":20},"end":{"line":274,"column":58}},"129":{"start":{"line":276,"column":20},"end":{"line":276,"column":90}},"130":{"start":{"line":281,"column":20},"end":{"line":281,"column":65}},"131":{"start":{"line":284,"column":16},"end":{"line":284,"column":56}},"132":{"start":{"line":285,"column":16},"end":{"line":285,"column":76}},"133":{"start":{"line":289,"column":12},"end":{"line":289,"column":23}},"134":{"start":{"line":294,"column":4},"end":{"line":303,"column":6}},"135":{"start":{"line":302,"column":27},"end":{"line":302,"column":44}}},"fnMap":{"0":{"name":"useGoogleSync","decl":{"start":{"line":8,"column":16},"end":{"line":8,"column":29}},"loc":{"start":{"line":8,"column":80},"end":{"line":304,"column":1}},"line":8},"1":{"name":"(anonymous_1)","decl":{"start":{"line":16,"column":41},"end":{"line":16,"column":46}},"loc":{"start":{"line":16,"column":64},"end":{"line":46,"column":5}},"line":16},"2":{"name":"(anonymous_2)","decl":{"start":{"line":49,"column":14},"end":{"line":49,"column":15}},"loc":{"start":{"line":49,"column":20},"end":{"line":116,"column":5}},"line":49},"3":{"name":"(anonymous_3)","decl":{"start":{"line":58,"column":21},"end":{"line":58,"column":24}},"loc":{"start":{"line":58,"column":28},"end":{"line":58,"column":85}},"line":58},"4":{"name":"(anonymous_4)","decl":{"start":{"line":61,"column":31},"end":{"line":61,"column":36}},"loc":{"start":{"line":61,"column":43},"end":{"line":113,"column":9}},"line":61},"5":{"name":"(anonymous_5)","decl":{"start":{"line":115,"column":15},"end":{"line":115,"column":16}},"loc":{"start":{"line":115,"column":21},"end":{"line":115,"column":61}},"line":115},"6":{"name":"(anonymous_6)","decl":{"start":{"line":118,"column":14},"end":{"line":118,"column":15}},"loc":{"start":{"line":118,"column":20},"end":{"line":120,"column":5}},"line":118},"7":{"name":"(anonymous_7)","decl":{"start":{"line":125,"column":31},"end":{"line":125,"column":36}},"loc":{"start":{"line":125,"column":43},"end":{"line":145,"column":5}},"line":125},"8":{"name":"(anonymous_8)","decl":{"start":{"line":151,"column":36},"end":{"line":151,"column":41}},"loc":{"start":{"line":151,"column":67},"end":{"line":216,"column":5}},"line":151},"9":{"name":"(anonymous_9)","decl":{"start":{"line":220,"column":19},"end":{"line":220,"column":24}},"loc":{"start":{"line":220,"column":44},"end":{"line":223,"column":9}},"line":220},"10":{"name":"(anonymous_10)","decl":{"start":{"line":224,"column":17},"end":{"line":224,"column":18}},"loc":{"start":{"line":224,"column":28},"end":{"line":227,"column":9}},"line":224},"11":{"name":"(anonymous_11)","decl":{"start":{"line":232,"column":31},"end":{"line":232,"column":36}},"loc":{"start":{"line":232,"column":54},"end":{"line":244,"column":5}},"line":232},"12":{"name":"(anonymous_12)","decl":{"start":{"line":247,"column":30},"end":{"line":247,"column":35}},"loc":{"start":{"line":247,"column":42},"end":{"line":291,"column":5}},"line":247},"13":{"name":"(anonymous_13)","decl":{"start":{"line":302,"column":17},"end":{"line":302,"column":18}},"loc":{"start":{"line":302,"column":27},"end":{"line":302,"column":44}},"line":302}},"branchMap":{"0":{"loc":{"start":{"line":24,"column":12},"end":{"line":42,"column":13}},"type":"if","locations":[{"start":{"line":24,"column":12},"end":{"line":42,"column":13}},{"start":{"line":31,"column":19},"end":{"line":42,"column":13}}],"line":24},"1":{"loc":{"start":{"line":33,"column":16},"end":{"line":41,"column":17}},"type":"if","locations":[{"start":{"line":33,"column":16},"end":{"line":41,"column":17}},{"start":{},"end":{}}],"line":33},"2":{"loc":{"start":{"line":53,"column":8},"end":{"line":59,"column":9}},"type":"if","locations":[{"start":{"line":53,"column":8},"end":{"line":59,"column":9}},{"start":{},"end":{}}],"line":53},"3":{"loc":{"start":{"line":69,"column":16},"end":{"line":107,"column":17}},"type":"if","locations":[{"start":{"line":69,"column":16},"end":{"line":107,"column":17}},{"start":{"line":84,"column":23},"end":{"line":107,"column":17}}],"line":69},"4":{"loc":{"start":{"line":69,"column":20},"end":{"line":69,"column":45}},"type":"binary-expr","locations":[{"start":{"line":69,"column":20},"end":{"line":69,"column":30}},{"start":{"line":69,"column":34},"end":{"line":69,"column":45}}],"line":69},"5":{"loc":{"start":{"line":74,"column":20},"end":{"line":83,"column":21}},"type":"if","locations":[{"start":{"line":74,"column":20},"end":{"line":83,"column":21}},{"start":{"line":79,"column":27},"end":{"line":83,"column":21}}],"line":74},"6":{"loc":{"start":{"line":84,"column":23},"end":{"line":107,"column":17}},"type":"if","locations":[{"start":{"line":84,"column":23},"end":{"line":107,"column":17}},{"start":{},"end":{}}],"line":84},"7":{"loc":{"start":{"line":97,"column":20},"end":{"line":106,"column":21}},"type":"if","locations":[{"start":{"line":97,"column":20},"end":{"line":106,"column":21}},{"start":{"line":103,"column":27},"end":{"line":106,"column":21}}],"line":97},"8":{"loc":{"start":{"line":129,"column":12},"end":{"line":136,"column":13}},"type":"if","locations":[{"start":{"line":129,"column":12},"end":{"line":136,"column":13}},{"start":{},"end":{}}],"line":129},"9":{"loc":{"start":{"line":151,"column":43},"end":{"line":151,"column":62}},"type":"default-arg","locations":[{"start":{"line":151,"column":58},"end":{"line":151,"column":62}}],"line":151},"10":{"loc":{"start":{"line":152,"column":8},"end":{"line":152,"column":49}},"type":"if","locations":[{"start":{"line":152,"column":8},"end":{"line":152,"column":49}},{"start":{},"end":{}}],"line":152},"11":{"loc":{"start":{"line":161,"column":12},"end":{"line":164,"column":13}},"type":"if","locations":[{"start":{"line":161,"column":12},"end":{"line":164,"column":13}},{"start":{},"end":{}}],"line":161},"12":{"loc":{"start":{"line":161,"column":16},"end":{"line":161,"column":41}},"type":"binary-expr","locations":[{"start":{"line":161,"column":16},"end":{"line":161,"column":21}},{"start":{"line":161,"column":25},"end":{"line":161,"column":41}}],"line":161},"13":{"loc":{"start":{"line":168,"column":12},"end":{"line":170,"column":13}},"type":"if","locations":[{"start":{"line":168,"column":12},"end":{"line":170,"column":13}},{"start":{},"end":{}}],"line":168},"14":{"loc":{"start":{"line":174,"column":33},"end":{"line":174,"column":104}},"type":"binary-expr","locations":[{"start":{"line":174,"column":33},"end":{"line":174,"column":56}},{"start":{"line":174,"column":60},"end":{"line":174,"column":73}},{"start":{"line":174,"column":77},"end":{"line":174,"column":104}}],"line":174},"15":{"loc":{"start":{"line":176,"column":12},"end":{"line":200,"column":13}},"type":"if","locations":[{"start":{"line":176,"column":12},"end":{"line":200,"column":13}},{"start":{"line":182,"column":19},"end":{"line":200,"column":13}}],"line":176},"16":{"loc":{"start":{"line":179,"column":16},"end":{"line":181,"column":17}},"type":"if","locations":[{"start":{"line":179,"column":16},"end":{"line":181,"column":17}},{"start":{},"end":{}}],"line":179},"17":{"loc":{"start":{"line":179,"column":20},"end":{"line":179,"column":86}},"type":"binary-expr","locations":[{"start":{"line":179,"column":20},"end":{"line":179,"column":39}},{"start":{"line":179,"column":43},"end":{"line":179,"column":86}}],"line":179},"18":{"loc":{"start":{"line":185,"column":37},"end":{"line":185,"column":63}},"type":"binary-expr","locations":[{"start":{"line":185,"column":37},"end":{"line":185,"column":49}},{"start":{"line":185,"column":53},"end":{"line":185,"column":63}}],"line":185},"19":{"loc":{"start":{"line":188,"column":37},"end":{"line":188,"column":84}},"type":"cond-expr","locations":[{"start":{"line":188,"column":67},"end":{"line":188,"column":79}},{"start":{"line":188,"column":82},"end":{"line":188,"column":84}}],"line":188},"20":{"loc":{"start":{"line":207,"column":12},"end":{"line":211,"column":13}},"type":"if","locations":[{"start":{"line":207,"column":12},"end":{"line":211,"column":13}},{"start":{},"end":{}}],"line":207},"21":{"loc":{"start":{"line":207,"column":16},"end":{"line":208,"column":108}},"type":"binary-expr","locations":[{"start":{"line":207,"column":16},"end":{"line":207,"column":32}},{"start":{"line":207,"column":36},"end":{"line":207,"column":52}},{"start":{"line":208,"column":17},"end":{"line":208,"column":25}},{"start":{"line":208,"column":29},"end":{"line":208,"column":43}},{"start":{"line":208,"column":48},"end":{"line":208,"column":75}},{"start":{"line":208,"column":79},"end":{"line":208,"column":106}}],"line":207},"22":{"loc":{"start":{"line":212,"column":21},"end":{"line":212,"column":59}},"type":"binary-expr","locations":[{"start":{"line":212,"column":21},"end":{"line":212,"column":30}},{"start":{"line":212,"column":34},"end":{"line":212,"column":59}}],"line":212},"23":{"loc":{"start":{"line":249,"column":49},"end":{"line":249,"column":76}},"type":"cond-expr","locations":[{"start":{"line":249,"column":60},"end":{"line":249,"column":68}},{"start":{"line":249,"column":71},"end":{"line":249,"column":76}}],"line":249},"24":{"loc":{"start":{"line":251,"column":8},"end":{"line":290,"column":9}},"type":"if","locations":[{"start":{"line":251,"column":8},"end":{"line":290,"column":9}},{"start":{"line":287,"column":15},"end":{"line":290,"column":9}}],"line":251},"25":{"loc":{"start":{"line":265,"column":36},"end":{"line":268,"column":41}},"type":"binary-expr","locations":[{"start":{"line":265,"column":36},"end":{"line":265,"column":69}},{"start":{"line":266,"column":23},"end":{"line":266,"column":49}},{"start":{"line":267,"column":23},"end":{"line":267,"column":48}},{"start":{"line":268,"column":23},"end":{"line":268,"column":41}}],"line":265},"26":{"loc":{"start":{"line":272,"column":16},"end":{"line":282,"column":17}},"type":"if","locations":[{"start":{"line":272,"column":16},"end":{"line":282,"column":17}},{"start":{"line":275,"column":23},"end":{"line":282,"column":17}}],"line":272},"27":{"loc":{"start":{"line":285,"column":25},"end":{"line":285,"column":74}},"type":"binary-expr","locations":[{"start":{"line":285,"column":25},"end":{"line":285,"column":34}},{"start":{"line":285,"column":38},"end":{"line":285,"column":74}}],"line":285}},"s":{"0":0,"1":0,"2":0,"3":0,"4":0,"5":0,"6":0,"7":0,"8":0,"9":0,"10":0,"11":0,"12":0,"13":0,"14":0,"15":0,"16":0,"17":0,"18":0,"19":0,"20":0,"21":0,"22":0,"23":0,"24":0,"25":0,"26":0,"27":0,"28":0,"29":0,"30":0,"31":0,"32":0,"33":0,"34":0,"35":0,"36":0,"37":0,"38":0,"39":0,"40":0,"41":0,"42":0,"43":0,"44":0,"45":0,"46":0,"47":0,"48":0,"49":0,"50":0,"51":0,"52":0,"53":0,"54":0,"55":0,"56":0,"57":0,"58":0,"59":0,"60":0,"61":0,"62":0,"63":0,"64":0,"65":0,"66":0,"67":0,"68":0,"69":0,"70":0,"71":0,"72":0,"73":0,"74":0,"75":0,"76":0,"77":0,"78":0,"79":0,"80":0,"81":0,"82":0,"83":0,"84":0,"85":0,"86":0,"87":0,"88":0,"89":0,"90":0,"91":0,"92":0,"93":0,"94":0,"95":0,"96":0,"97":0,"98":0,"99":0,"100":0,"101":0,"102":0,"103":0,"104":0,"105":0,"106":0,"107":0,"108":0,"109":0,"110":0,"111":0,"112":0,"113":0,"114":0,"115":0,"116":0,"117":0,"118":0,"119":0,"120":0,"121":0,"122":0,"123":0,"124":0,"125":0,"126":0,"127":0,"128":0,"129":0,"130":0,"131":0,"132":0,"133":0,"134":0,"135":0},"f":{"0":0,"1":0,"2":0,"3":0,"4":0,"5":0,"6":0,"7":0,"8":0,"9":0,"10":0,"11":0,"12":0,"13":0},"b":{"0":[0,0],"1":[0,0],"2":[0,0],"3":[0,0],"4":[0,0],"5":[0,0],"6":[0,0],"7":[0,0],"8":[0,0],"9":[0],"10":[0,0],"11":[0,0],"12":[0,0],"13":[0,0],"14":[0,0,0],"15":[0,0],"16":[0,0],"17":[0,0],"18":[0,0],"19":[0,0],"20":[0,0],"21":[0,0,0,0,0,0],"22":[0,0],"23":[0,0],"24":[0,0],"25":[0,0,0,0],"26":[0,0],"27":[0,0]},"meta":{"lastBranch":28,"lastFunction":14,"lastStatement":136,"seen":{"f:8:16:8:29":0,"s:9:49:9:65":0,"s:10:37:10:53":1,"s:11:43:11:58":2,"s:12:29:12:44":3,"s:13:41:13:56":4,"s:16:28:46:10":5,"f:16:41:16:46":1,"s:17:8:45:9":6,"s:18:29:23:14":7,"b:24:12:42:13:31:19:42:13":0,"s:24:12:42:13":8,"s:25:29:25:50":9,"s:26:16:30:19":10,"b:33:16:41:17:undefined:undefined:undefined:undefined":1,"s:33:16:41:17":11,"s:34:20:34:67":12,"s:37:20:37:46":13,"s:38:20:38:41":14,"s:39:20:39:69":15,"s:40:20:40:69":16,"s:44:12:44:59":17,"s:49:3:116:27":18,"f:49:14:49:15":2,"s:50:8:50:47":19,"b:53:8:59:9:undefined:undefined:undefined:undefined":2,"s:53:8:59:9":20,"s:54:12:58:87":21,"f:58:21:58:24":3,"s:58:28:58:85":22,"s:61
[...]
,"C:\\Users\\migue\\byd-stats\\byd-stats\\src\\utils\\dateUtils.js": {"path":"C:\\Users\\migue\\byd-stats\\byd-stats\\src\\utils\\dateUtils.js","statementMap":{"0":{"start":{"line":10,"column":27},"end":{"line":18,"column":1}},"1":{"start":{"line":11,"column":4},"end":{"line":11,"column":43}},"2":{"start":{"line":11,"column":28},"end":{"line":11,"column":43}},"3":{"start":{"line":12,"column":17},"end":{"line":12,"column":44}},"4":{"start":{"line":13,"column":18},"end":{"line":13,"column":49}},"5":{"start":{"line":14,"column":17},"end":{"line":14,"column":38}},"6":{"start":{"line":16,"column":22},"end":{"line":16,"column":97}},"7":{"start":{"line":17,"column":4},"end":{"line":17,"column":66}},"8":{"start":{"line":25,"column":26},"end":{"line":32,"column":1}},"9":{"start":{"line":26,"column":4},"end":{"line":26,"column":43}},"10":{"start":{"line":26,"column":28},"end":{"line":26,"column":43}},"11":{"start":{"line":27,"column":17},"end":{"line":27,"column":44}},"12":{"start":{"line":28,"column":18},"end":{"line":28,"column":49}},"13":{"start":{"line":29,"column":16},"end":{"line":29,"column":43}},"14":{"start":{"line":30,"column":17},"end":{"line":30,"column":43}},"15":{"start":{"line":31,"column":4},"end":{"line":31,"column":105}},"16":{"start":{"line":39,"column":26},"end":{"line":43,"column":1}},"17":{"start":{"line":40,"column":4},"end":{"line":40,"column":30}},"18":{"start":{"line":40,"column":20},"end":{"line":40,"column":30}},"19":{"start":{"line":41,"column":17},"end":{"line":41,"column":43}},"20":{"start":{"line":42,"column":4},"end":{"line":42,"column":90}},"21":{"start":{"line":50,"column":25},"end":{"line":56,"column":1}},"22":{"start":{"line":51,"column":4},"end":{"line":51,"column":52}},"23":{"start":{"line":51,"column":40},"end":{"line":51,"column":52}},"24":{"start":{"line":52,"column":17},"end":{"line":52,"column":50}},"25":{"start":{"line":53,"column":18},"end":{"line":53,"column":55}},"26":{"start":{"line":54,"column":16},"end":{"line":54,"column":49}},"27":{"start":{"line":55,"column":4},"end":{"line":55,"column":38}},"28":{"start":{"line":63,"column":28},"end":{"line":68,"column":1}},"29":{"start":{"line":64,"column":17},"end":{"line":64,"column":35}},"30":{"start":{"line":65,"column":18},"end":{"line":65,"column":62}},"31":{"start":{"line":66,"column":16},"end":{"line":66,"column":55}},"32":{"start":{"line":67,"column":4},"end":{"line":67,"column":35}}},"fnMap":{"0":{"name":"(anonymous_0)","decl":{"start":{"line":10,"column":27},"end":{"line":10,"column":28}},"loc":{"start":{"line":10,"column":34},"end":{"line":18,"column":1}},"line":10},"1":{"name":"(anonymous_1)","decl":{"start":{"line":25,"column":26},"end":{"line":25,"column":27}},"loc":{"start":{"line":25,"column":33},"end":{"line":32,"column":1}},"line":25},"2":{"name":"(anonymous_2)","decl":{"start":{"line":39,"column":26},"end":{"line":39,"column":27}},"loc":{"start":{"line":39,"column":41},"end":{"line":43,"column":1}},"line":39},"3":{"name":"(anonymous_3)","decl":{"start":{"line":50,"column":25},"end":{"line":50,"column":26}},"loc":{"start":{"line":50,"column":38},"end":{"line":56,"column":1}},"line":50},"4":{"name":"(anonymous_4)","decl":{"start":{"line":63,"column":28},"end":{"line":63,"column":29}},"loc":{"start":{"line":63,"column":38},"end":{"line":68,"column":1}},"line":63}},"branchMap":{"0":{"loc":{"start":{"line":11,"column":4},"end":{"line":11,"column":43}},"type":"if","locations":[{"start":{"line":11,"column":4},"end":{"line":11,"column":43}},{"start":{},"end":{}}],"line":11},"1":{"loc":{"start":{"line":11,"column":8},"end":{"line":11,"column":26}},"type":"binary-expr","locations":[{"start":{"line":11,"column":8},"end":{"line":11,"column":10}},{"start":{"line":11,"column":14},"end":{"line":11,"column":26}}],"line":11},"2":{"loc":{"start":{"line":11,"column":35},"end":{"line":11,"column":42}},"type":"binary-expr","locations":[{"start":{"line":11,"column":35},"end":{"line":11,"column":36}},{"start":{"line":11,"column":40},"end":{"line":11,"column":42}}],"line":11},"3":{"loc":{"start":{"line":26,"column":4},"end":{"line":26,"column":43}},"type":"if","locations":[{"start":{"line":26,"column":4},"end":{"line":26,"column":43}},{"start":{},"end":{}}],"line":26},"4":{"loc":{"start":{"line":26,"column":8},"end":{"line":26,"column":26}},"type":"binary-expr","locations":[{"start":{"line":26,"column":8},"end":{"line":26,"column":10}},{"start":{"line":26,"column":14},"end":{"line":26,"column":26}}],"line":26},"5":{"loc":{"start":{"line":26,"column":35},"end":{"line":26,"column":42}},"type":"binary-expr","locations":[{"start":{"line":26,"column":35},"end":{"line":26,"column":36}},{"start":{"line":26,"column":40},"end":{"line":26,"column":42}}],"line":26},"6":{"loc":{"start":{"line":40,"column":4},"end":{"line":40,"column":30}},"type":"if","locations":[{"start":{"line":40,"column":4},"end":{"line":40,"column":30}},{"start":{},"end":{}}],"line":40},"7":{"loc":{"start":{"line":51,"column":4},"end":{"line":51,"column":52}},"type":"if","locations":[{"start":{"line":51,"column":4},"end":{"line":51,"column":52}},{"start":{},"end":{}}],"line":51},"8":{"loc":{"start":{"line":51,"column":8},"end":{"line":51,"column":38}},"type":"binary-expr","locations":[{"start":{"line":51,"column":8},"end":{"line":51,"column":16}},{"start":{"line":51,"column":20},"end":{"line":51,"column":38}}],"line":51}},"s":{"0":4,"1":24,"2":4,"3":20,"4":20,"5":20,"6":20,"7":20,"8":4,"9":68,"10":40,"11":28,"12":28,"13":28,"14":28,"15":28,"16":4,"17":15,"18":3,"19":12,"20":12,"21":4,"22":6,"23":4,"24":2,"25":2,"26":2,"27":2,"28":4,"29":3,"30":3,"31":3,"32":3},"f":{"0":24,"1":68,"2":15,"3":6,"4":3},"b":{"0":[4,20],"1":[24,21],"2":[4,3],"3":[40,28],"4":[68,41],"5":[40,27],"6":[3,12],"7":[4,2],"8":[6,3]},"meta":{"lastBranch":9,"lastFunction":5,"lastStatement":33,"seen":{"s:10:27:18:1":0,"f:10:27:10:28":0,"b:11:4:11:43:undefined:undefined:undefined:undefined":0,"s:11:4:11:43":1,"b:11:8:11:10:11:14:11:26":1,"s:11:28:11:43":2,"b:11:35:11:36:11:40:11:42":2,"s:12:17:12:44":3,"s:13:18:13:49":4,"s:14:17:14:38":5,"s:16:22:16:97":6,"s:17:4:17:66":7,"s:25:26:32:1":8,"f:25:26:25:27":1,"b:26:4:26:43:undefined:undefined:undefined:undefined":3,"s:26:4:26:43":9,"b:26:8:26:10:26:14:26:26":4,"s:26:28:26:43":10,"b:26:35:26:36:26:40:26:42":5,"s:27:17:27:44":11,"s:28:18:28:49":12,"s:29:16:29:43":13,"s:30:17:30:43":14,"s:31:4:31:105":15,"s:39:26:43:1":16,"f:39:26:39:27":2,"b:40:4:40:30:undefined:undefined:undefined:undefined":6,"s:40:4:40:30":17,"s:40:20:40:30":18,"s:41:17:41:43":19,"s:42:4:42:90":20,"s:50:25:56:1":21,"f:50:25:50:26":3,"b:51:4:51:52:undefined:undefined:undefined:undefined":7,"s:51:4:51:52":22,"b:51:8:51:16:51:20:51:38":8,"s:51:40:51:52":23,"s:52:17:52:50":24,"s:53:18:53:55":25,"s:54:16:54:49":26,"s:55:4:55:38":27,"s:63:28:68:1":28,"f:63:28:63:29":4,"s:64:17:64:35":29,"s:65:18:65:62":30,"s:66:16:66:55":31,"s:67:4:67:35":32}}}
,"C:\\Users\\migue\\byd-stats\\byd-stats\\src\\utils\\formatters.js": {"path":"C:\\Users\\migue\\byd-stats\\byd-stats\\src\\utils\\formatters.js","statementMap":{"0":{"start":{"line":10,"column":30},"end":{"line":17,"column":1}},"1":{"start":{"line":11,"column":4},"end":{"line":11,"column":51}},"2":{"start":{"line":11,"column":42},"end":{"line":11,"column":51}},"3":{"start":{"line":15,"column":23},"end":{"line":15,"column":64}},"4":{"start":{"line":16,"column":4},"end":{"line":16,"column":54}},"5":{"start":{"line":24,"column":29},"end":{"line":38,"column":1}},"6":{"start":{"line":25,"column":4},"end":{"line":37,"column":5}},"7":{"start":{"line":27,"column":22},"end":{"line":27,"column":37}},"8":{"start":{"line":28,"column":18},"end":{"line":28,"column":47}},"9":{"start":{"line":29,"column":18},"end":{"line":29,"column":46}},"10":{"start":{"line":30,"column":8},"end":{"line":30,"column":36}},"11":{"start":{"line":33,"column":22},"end":{"line":33,"column":31}},"12":{"start":{"line":34,"column":18},"end":{"line":34,"column":46}},"13":{"start":{"line":35,"column":18},"end":{"line":35,"column":41}},"14":{"start":{"line":36,"column":8},"end":{"line":36,"column":37}},"15":{"start":{"line":45,"column":30},"end":{"line":53,"column":1}},"16":{"start":{"line":46,"column":4},"end":{"line":46,"column":33}},"17":{"start":{"line":46,"column":18},"end":{"line":46,"column":33}},"18":{"start":{"line":47,"column":18},"end":{"line":47,"column":44}},"19":{"start":{"line":48,"column":20},"end":{"line":48,"column":53}},"20":{"start":{"line":49,"column":4},"end":{"line":51,"column":5}},"21":{"start":{"line":50,"column":8},"end":{"line":50,"column":41}},"22":{"start":{"line":52,"column":4},"end":{"line":52,"column":28}},"23":{"start":{"line":61,"column":35},"end":{"line":68,"column":1}},"24":{"start":{"line":62,"column":4},"end":{"line":62,"column":63}},"25":{"start":{"line":62,"column":53},"end":{"line":62,"column":63}},"26":{"start":{"line":63,"column":27},"end":{"line":63,"column":85}},"27":{"start":{"line":64,"column":23},"end":{"line":64,"column":79}},"28":{"start":{"line":64,"column":44},"end":{"line":64,"column":78}},"29":{"start":{"line":65,"column":25},"end":{"line":65,"column":76}},"30":{"start":{"line":65,"column":45},"end":{"line":65,"column":75}},"31":{"start":{"line":66,"column":24},"end":{"line":66,"column":75}},"32":{"start":{"line":66,"column":49},"end":{"line":66,"column":67}},"33":{"start":{"line":67,"column":4},"end":{"line":67,"column":65}},"34":{"start":{"line":76,"column":28},"end":{"line":79,"column":1}},"35":{"start":{"line":77,"column":4},"end":{"line":77,"column":68}},"36":{"start":{"line":77,"column":57},"end":{"line":77,"column":68}},"37":{"start":{"line":78,"column":4},"end":{"line":78,"column":41}}},"fnMap":{"0":{"name":"(anonymous_0)","decl":{"start":{"line":10,"column":30},"end":{"line":10,"column":31}},"loc":{"start":{"line":10,"column":62},"end":{"line":17,"column":1}},"line":10},"1":{"name":"(anonymous_1)","decl":{"start":{"line":24,"column":29},"end":{"line":24,"column":30}},"loc":{"start":{"line":24,"column":40},"end":{"line":38,"column":1}},"line":24},"2":{"name":"(anonymous_2)","decl":{"start":{"line":45,"column":30},"end":{"line":45,"column":31}},"loc":{"start":{"line":45,"column":43},"end":{"line":53,"column":1}},"line":45},"3":{"name":"(anonymous_3)","decl":{"start":{"line":61,"column":35},"end":{"line":61,"column":36}},"loc":{"start":{"line":61,"column":55},"end":{"line":68,"column":1}},"line":61},"4":{"name":"(anonymous_4)","decl":{"start":{"line":64,"column":39},"end":{"line":64,"column":40}},"loc":{"start":{"line":64,"column":44},"end":{"line":64,"column":78}},"line":64},"5":{"name":"(anonymous_5)","decl":{"start":{"line":65,"column":40},"end":{"line":65,"column":41}},"loc":{"start":{"line":65,"column":45},"end":{"line":65,"column":75}},"line":65},"6":{"name":"(anonymous_6)","decl":{"start":{"line":66,"column":44},"end":{"line":66,"column":45}},"loc":{"start":{"line":66,"column":49},"end":{"line":66,"column":67}},"line":66},"7":{"name":"(anonymous_7)","decl":{"start":{"line":76,"column":28},"end":{"line":76,"column":29}},"loc":{"start":{"line":76,"column":51},"end":{"line":79,"column":1}},"line":76}},"branchMap":{"0":{"loc":{"start":{"line":11,"column":4},"end":{"line":11,"column":51}},"type":"if","locations":[{"start":{"line":11,"column":4},"end":{"line":11,"column":51}},{"start":{},"end":{}}],"line":11},"1":{"loc":{"start":{"line":11,"column":8},"end":{"line":11,"column":40}},"type":"binary-expr","locations":[{"start":{"line":11,"column":8},"end":{"line":11,"column":19}},{"start":{"line":11,"column":23},"end":{"line":11,"column":40}}],"line":11},"2":{"loc":{"start":{"line":25,"column":4},"end":{"line":37,"column":5}},"type":"if","locations":[{"start":{"line":25,"column":4},"end":{"line":37,"column":5}},{"start":{"line":31,"column":11},"end":{"line":37,"column":5}}],"line":25},"3":{"loc":{"start":{"line":46,"column":4},"end":{"line":46,"column":33}},"type":"if","locations":[{"start":{"line":46,"column":4},"end":{"line":46,"column":33}},{"start":{},"end":{}}],"line":46},"4":{"loc":{"start":{"line":49,"column":4},"end":{"line":51,"column":5}},"type":"if","locations":[{"start":{"line":49,"column":4},"end":{"line":51,"column":5}},{"start":{},"end":{}}],"line":49},"5":{"loc":{"start":{"line":62,"column":4},"end":{"line":62,"column":63}},"type":"if","locations":[{"start":{"line":62,"column":4},"end":{"line":62,"column":63}},{"start":{},"end":{}}],"line":62},"6":{"loc":{"start":{"line":62,"column":8},"end":{"line":62,"column":51}},"type":"binary-expr","locations":[{"start":{"line":62,"column":8},"end":{"line":62,"column":13}},{"start":{"line":62,"column":17},"end":{"line":62,"column":26}},{"start":{"line":62,"column":30},"end":{"line":62,"column":51}}],"line":62},"7":{"loc":{"start":{"line":63,"column":27},"end":{"line":63,"column":85}},"type":"cond-expr","locations":[{"start":{"line":63,"column":43},"end":{"line":63,"column":79}},{"start":{"line":63,"column":82},"end":{"line":63,"column":85}}],"line":63},"8":{"loc":{"start":{"line":64,"column":44},"end":{"line":64,"column":78}},"type":"binary-expr","locations":[{"start":{"line":64,"column":44},"end":{"line":64,"column":55}},{"start":{"line":64,"column":59},"end":{"line":64,"column":78}}],"line":64},"9":{"loc":{"start":{"line":76,"column":34},"end":{"line":76,"column":46}},"type":"default-arg","locations":[{"start":{"line":76,"column":45},"end":{"line":76,"column":46}}],"line":76},"10":{"loc":{"start":{"line":77,"column":4},"end":{"line":77,"column":68}},"type":"if","locations":[{"start":{"line":77,"column":4},"end":{"line":77,"column":68}},{"start":{},"end":{}}],"line":77},"11":{"loc":{"start":{"line":77,"column":8},"end":{"line":77,"column":55}},"type":"binary-expr","locations":[{"start":{"line":77,"column":8},"end":{"line":77,"column":20}},{"start":{"line":77,"column":24},"end":{"line":77,"column":41}},{"start":{"line":77,"column":45},"end":{"line":77,"column":55}}],"line":77}},"s":{"0":2,"1":20,"2":6,"3":14,"4":14,"5":2,"6":16,"7":14,"8":14,"9":14,"10":14,"11":2,"12":2,"13":2,"14":2,"15":2,"16":8,"17":3,"18":5,"19":5,"20":5,"21":3,"22":2,"23":2,"24":5,"25":3,"26":2,"27":5,"28":7,"29":5,"30":5,"31":5,"32":5,"33":5,"34":2,"35":11,"36":3,"37":8},"f":{"0":20,"1":16,"2":8,"3":5,"4":7,"5":5,"6":5,"7":11},"b":{"0":[6,14],"1":[20,15],"2":[14,2],"3":[3,5],"4":[3,2],"5":[3,2],"6":[5,3,3],"7":[2,0],"8":[7,6],"9":[11],"10":[3,8],"11":[11,10,9]},"meta":{"lastBranch":12,"lastFunction":8,"lastStatement":38,"seen":{"s:10:30:17:1":0,"f:10:30:10:31":0,"b:11:4:11:51:undefined:undefined:undefined:undefined":0,"s:11:4:11:51":1,"b:11:8:11:19:11:23:11:40":1,"s:11:42:11:51":2,"s:15:23:15:64":3,"s:16:4:16:54":4,"s:24:29:38:1":5,"f:24:29:24:30":1,"b:25:4:37:5:31:11:37:5":2,"s:25:4:37:5":6,"s:27:22:27:37":7,"s:28:18:28:47":8,"s:29:18:29:46":9,"s:30:8:30:36":10,"s:33:22:33:31":11,"s:34:18:34:46":12,"s:35:18:35:41":13,"s:36:8:36:37":14,"s:45:30:53:1":15,"f:45:30:45:31":2,"b:46:4:46:33:undefined:undefined:undefined:undefined":3,"s:46:4:46:33":16,"s:46:18:46:33":17,"s:47:18:47:44":18,"s:48:20:48:53":19,"b:49:4:51:5:undefined:undefined:undefined:undefined":4,"s:49:4:51:5":20,"s:50:8:50:41":21,"s:52:4:52:28":22,"s:61:35:68:1":23,"f:61:35:61:36":3,"b:62:4:62:63:undefined:undefined:undefined:undefined":5,"s:62:4:62:63":24,"b:62:8:62:13:62:17:62:26:62:30:62:51":6,"s:62:53:62:63":25,"s:63:27:63:85":26,"b:63:43:63:79:63:82:63:85":7,"s:64:23:64:79":27,"f:64:39:64:40":4,"s:64:44:64:78":28,"b:64:44:64:55:64:59:64:78":8,"s:65:25:65:76":29,"f:65:40:65:41":5,"s:65:45:65:75":30,"s:66:24:66:75":31,"f:66:44:66:45":6,"s:66:49:66:67":32,"s:67:4:67:65":33,"s:76:28:79:1":34,"f:76:28:76:29":7,"b:76:45:76:46":9,"b:77:4:77:68:undefined:undefined:undefined:undefined":10,"s:77:4:77:68":35,"b:77:8:77:20:77:24:77:41:77:45:77:55":11,"s:77:57:77:68":36,"s:78:4:78:41":37}}}
,"C:\\Users\\migue\\byd-stats\\byd-stats\\src\\utils\\logger.js": {"path":"C:\\Users\\migue\\byd-stats\\byd-stats\\src\\utils\\logger.js","statementMap":{"0":{"start":{"line":4,"column":19},"end":{"line":9,"column":1}},"1":{"start":{"line":13,"column":22},"end":{"line":13,"column":79}},"2":{"start":{"line":22,"column":22},"end":{"line":62,"column":1}},"3":{"start":{"line":28,"column":8},"end":{"line":30,"column":9}},"4":{"start":{"line":29,"column":12},"end":{"line":29,"column":44}},"5":{"start":{"line":38,"column":8},"end":{"line":40,"column":9}},"6":{"start":{"line":39,"column":12},"end":{"line":39,"column":44}},"7":{"start":{"line":48,"column":8},"end":{"line":50,"column":9}},"8":{"start":{"line":49,"column":12},"end":{"line":49,"column":44}},"9":{"start":{"line":58,"column":8},"end":{"line":60,"column":9}},"10":{"start":{"line":59,"column":12},"end":{"line":59,"column":46}}},"fnMap":{"0":{"name":"(anonymous_0)","decl":{"start":{"line":27,"column":11},"end":{"line":27,"column":12}},"loc":{"start":{"line":27,"column":24},"end":{"line":31,"column":5}},"line":27},"1":{"name":"(anonymous_1)","decl":{"start":{"line":37,"column":10},"end":{"line":37,"column":11}},"loc":{"start":{"line":37,"column":23},"end":{"line":41,"column":5}},"line":37},"2":{"name":"(anonymous_2)","decl":{"start":{"line":47,"column":10},"end":{"line":47,"column":11}},"loc":{"start":{"line":47,"column":23},"end":{"line":51,"column":5}},"line":47},"3":{"name":"(anonymous_3)","decl":{"start":{"line":57,"column":11},"end":{"line":57,"column":12}},"loc":{"start":{"line":57,"column":24},"end":{"line":61,"column":5}},"line":57}},"branchMap":{"0":{"loc":{"start":{"line":13,"column":22},"end":{"line":13,"column":79}},"type":"cond-expr","locations":[{"start":{"line":13,"column":45},"end":{"line":13,"column":60}},{"start":{"line":13,"column":63},"end":{"line":13,"column":79}}],"line":13},"1":{"loc":{"start":{"line":28,"column":8},"end":{"line":30,"column":9}},"type":"if","locations":[{"start":{"line":28,"column":8},"end":{"line":30,"column":9}},{"start":{},"end":{}}],"line":28},"2":{"loc":{"start":{"line":38,"column":8},"end":{"line":40,"column":9}},"type":"if","locations":[{"start":{"line":38,"column":8},"end":{"line":40,"column":9}},{"start":{},"end":{}}],"line":38},"3":{"loc":{"start":{"line":48,"column":8},"end":{"line":50,"column":9}},"type":"if","locations":[{"start":{"line":48,"column":8},"end":{"line":50,"column":9}},{"start":{},"end":{}}],"line":48},"4":{"loc":{"start":{"line":58,"column":8},"end":{"line":60,"column":9}},"type":"if","locations":[{"start":{"line":58,"column":8},"end":{"line":60,"column":9}},{"start":{},"end":{}}],"line":58}},"s":{"0":4,"1":4,"2":4,"3":6,"4":6,"5":3,"6":3,"7":3,"8":3,"9":5,"10":5},"f":{"0":6,"1":3,"2":3,"3":5},"b":{"0":[0,4],"1":[6,0],"2":[3,0],"3":[3,0],"4":[5,0]},"meta":{"lastBranch":5,"lastFunction":4,"lastStatement":11,"seen":{"s:4:19:9:1":0,"s:13:22:13:79":1,"b:13:45:13:60:13:63:13:79":0,"s:22:22:62:1":2,"f:27:11:27:12":0,"b:28:8:30:9:undefined:undefined:undefined:undefined":1,"s:28:8:30:9":3,"s:29:12:29:44":4,"f:37:10:37:11":1,"b:38:8:40:9:undefined:undefined:undefined:undefined":2,"s:38:8:40:9":5,"s:39:12:39:44":6,"f:47:10:47:11":2,"b:48:8:50:9:undefined:undefined:undefined:undefined":3,"s:48:8:50:9":7,"s:49:12:49:44":8,"f:57:11:57:12":3,"b:58:8:60:9:undefined:undefined:undefined:undefined":4,"s:58:8:60:9":9,"s:59:12:59:46":10}}}
}
