{"C:\\Users\\migue\\byd-stats\\byd-stats\\src\\hooks\\useAppData.js": {"path":"C:\\Users\\migue\\byd-stats\\byd-stats\\src\\hooks\\useAppData.js","statementMap":{"0":{"start":{"line":8,"column":20},"end":{"line":8,"column":36}},"1":{"start":{"line":9,"column":25},"end":{"line":9,"column":43}},"2":{"start":{"line":15,"column":19},"end":{"line":185,"column":1}},"3":{"start":{"line":16,"column":23},"end":{"line":16,"column":40}},"4":{"start":{"line":19,"column":35},"end":{"line":30,"column":6}},"5":{"start":{"line":20,"column":8},"end":{"line":28,"column":9}},"6":{"start":{"line":21,"column":22},"end":{"line":21,"column":55}},"7":{"start":{"line":22,"column":12},"end":{"line":25,"column":13}},"8":{"start":{"line":23,"column":26},"end":{"line":23,"column":39}},"9":{"start":{"line":24,"column":16},"end":{"line":24,"column":63}},"10":{"start":{"line":24,"column":54},"end":{"line":24,"column":63}},"11":{"start":{"line":27,"column":12},"end":{"line":27,"column":64}},"12":{"start":{"line":29,"column":8},"end":{"line":29,"column":18}},"13":{"start":{"line":32,"column":41},"end":{"line":43,"column":6}},"14":{"start":{"line":33,"column":8},"end":{"line":41,"column":9}},"15":{"start":{"line":34,"column":22},"end":{"line":34,"column":60}},"16":{"start":{"line":35,"column":12},"end":{"line":38,"column":13}},"17":{"start":{"line":36,"column":32},"end":{"line":36,"column":45}},"18":{"start":{"line":37,"column":16},"end":{"line":37,"column":59}},"19":{"start":{"line":37,"column":44},"end":{"line":37,"column":59}},"20":{"start":{"line":40,"column":12},"end":{"line":40,"column":59}},"21":{"start":{"line":42,"column":8},"end":{"line":42,"column":18}},"22":{"start":{"line":46,"column":39},"end":{"line":46,"column":55}},"23":{"start":{"line":47,"column":35},"end":{"line":47,"column":48}},"24":{"start":{"line":48,"column":35},"end":{"line":48,"column":48}},"25":{"start":{"line":49,"column":31},"end":{"line":49,"column":44}},"26":{"start":{"line":55,"column":3},"end":{"line":63,"column":19}},"27":{"start":{"line":56,"column":8},"end":{"line":62,"column":9}},"28":{"start":{"line":57,"column":12},"end":{"line":61,"column":13}},"29":{"start":{"line":58,"column":16},"end":{"line":58,"column":76}},"30":{"start":{"line":60,"column":16},"end":{"line":60,"column":65}},"31":{"start":{"line":66,"column":3},"end":{"line":74,"column":22}},"32":{"start":{"line":67,"column":8},"end":{"line":73,"column":9}},"33":{"start":{"line":68,"column":12},"end":{"line":72,"column":13}},"34":{"start":{"line":69,"column":16},"end":{"line":69,"column":84}},"35":{"start":{"line":71,"column":16},"end":{"line":71,"column":62}},"36":{"start":{"line":77,"column":18},"end":{"line":79,"column":18}},"37":{"start":{"line":78,"column":8},"end":{"line":78,"column":79}},"38":{"start":{"line":78,"column":45},"end":{"line":78,"column":52}},"39":{"start":{"line":82,"column":20},"end":{"line":94,"column":58}},"40":{"start":{"line":83,"column":8},"end":{"line":83,"column":45}},"41":{"start":{"line":83,"column":35},"end":{"line":83,"column":45}},"42":{"start":{"line":84,"column":8},"end":{"line":86,"column":9}},"43":{"start":{"line":85,"column":12},"end":{"line":85,"column":62}},"44":{"start":{"line":85,"column":40},"end":{"line":85,"column":60}},"45":{"start":{"line":87,"column":8},"end":{"line":92,"column":9}},"46":{"start":{"line":88,"column":20},"end":{"line":88,"column":33}},"47":{"start":{"line":89,"column":12},"end":{"line":89,"column":82}},"48":{"start":{"line":89,"column":26},"end":{"line":89,"column":82}},"49":{"start":{"line":89,"column":44},"end":{"line":89,"column":80}},"50":{"start":{"line":90,"column":12},"end":{"line":90,"column":78}},"51":{"start":{"line":90,"column":24},"end":{"line":90,"column":78}},"52":{"start":{"line":90,"column":42},"end":{"line":90,"column":76}},"53":{"start":{"line":91,"column":12},"end":{"line":91,"column":21}},"54":{"start":{"line":93,"column":8},"end":{"line":93,"column":24}},"55":{"start":{"line":97,"column":16},"end":{"line":105,"column":33}},"56":{"start":{"line":98,"column":8},"end":{"line":103,"column":9}},"57":{"start":{"line":99,"column":12},"end":{"line":99,"column":70}},"58":{"start":{"line":101,"column":12},"end":{"line":101,"column":54}},"59":{"start":{"line":102,"column":12},"end":{"line":102,"column":24}},"60":{"start":{"line":108,"column":21},"end":{"line":112,"column":10}},"61":{"start":{"line":109,"column":8},"end":{"line":109,"column":24}},"62":{"start":{"line":110,"column":8},"end":{"line":110,"column":45}},"63":{"start":{"line":111,"column":8},"end":{"line":111,"column":20}},"64":{"start":{"line":115,"column":25},"end":{"line":139,"column":31}},"65":{"start":{"line":116,"column":8},"end":{"line":118,"column":9}},"66":{"start":{"line":117,"column":12},"end":{"line":117,"column":58}},"67":{"start":{"line":121,"column":20},"end":{"line":121,"column":29}},"68":{"start":{"line":124,"column":8},"end":{"line":124,"column":79}},"69":{"start":{"line":124,"column":33},"end":{"line":124,"column":77}},"70":{"start":{"line":127,"column":8},"end":{"line":127,"column":76}},"71":{"start":{"line":127,"column":30},"end":{"line":127,"column":74}},"72":{"start":{"line":129,"column":27},"end":{"line":131,"column":9}},"73":{"start":{"line":130,"column":12},"end":{"line":130,"column":54}},"74":{"start":{"line":133,"column":8},"end":{"line":133,"column":35}},"75":{"start":{"line":134,"column":8},"end":{"line":138,"column":10}},"76":{"start":{"line":142,"column":27},"end":{"line":148,"column":21}},"77":{"start":{"line":143,"column":8},"end":{"line":145,"column":9}},"78":{"start":{"line":144,"column":12},"end":{"line":144,"column":60}},"79":{"start":{"line":146,"column":8},"end":{"line":146,"column":33}},"80":{"start":{"line":147,"column":8},"end":{"line":147,"column":60}},"81":{"start":{"line":151,"column":24},"end":{"line":155,"column":10}},"82":{"start":{"line":152,"column":8},"end":{"line":152,"column":27}},"83":{"start":{"line":153,"column":8},"end":{"line":153,"column":50}},"84":{"start":{"line":154,"column":8},"end":{"line":154,"column":20}},"85":{"start":{"line":157,"column":4},"end":{"line":184,"column":6}}},"fnMap":{"0":{"name":"(anonymous_0)","decl":{"start":{"line":15,"column":19},"end":{"line":15,"column":20}},"loc":{"start":{"line":15,"column":25},"end":{"line":185,"column":1}},"line":15},"1":{"name":"(anonymous_1)","decl":{"start":{"line":19,"column":45},"end":{"line":19,"column":46}},"loc":{"start":{"line":19,"column":51},"end":{"line":30,"column":5}},"line":19},"2":{"name":"(anonymous_2)","decl":{"start":{"line":32,"column":51},"end":{"line":32,"column":52}},"loc":{"start":{"line":32,"column":57},"end":{"line":43,"column":5}},"line":32},"3":{"name":"(anonymous_3)","decl":{"start":{"line":55,"column":14},"end":{"line":55,"column":15}},"loc":{"start":{"line":55,"column":20},"end":{"line":63,"column":5}},"line":55},"4":{"name":"(anonymous_4)","decl":{"start":{"line":66,"column":14},"end":{"line":66,"column":15}},"loc":{"start":{"line":66,"column":20},"end":{"line":74,"column":5}},"line":66},"5":{"name":"(anonymous_5)","decl":{"start":{"line":77,"column":27},"end":{"line":77,"column":28}},"loc":{"start":{"line":77,"column":33},"end":{"line":79,"column":5}},"line":77},"6":{"name":"(anonymous_6)","decl":{"start":{"line":78,"column":40},"end":{"line":78,"column":41}},"loc":{"start":{"line":78,"column":45},"end":{"line":78,"column":52}},"line":78},"7":{"name":"(anonymous_7)","decl":{"start":{"line":82,"column":29},"end":{"line":82,"column":30}},"loc":{"start":{"line":82,"column":35},"end":{"line":94,"column":5}},"line":82},"8":{"name":"(anonymous_8)","decl":{"start":{"line":85,"column":35},"end":{"line":85,"column":36}},"loc":{"start":{"line":85,"column":40},"end":{"line":85,"column":60}},"line":85},"9":{"name":"(anonymous_9)","decl":{"start":{"line":89,"column":39},"end":{"line":89,"column":40}},"loc":{"start":{"line":89,"column":44},"end":{"line":89,"column":80}},"line":89},"10":{"name":"(anonymous_10)","decl":{"start":{"line":90,"column":37},"end":{"line":90,"column":38}},"loc":{"start":{"line":90,"column":42},"end":{"line":90,"column":76}},"line":90},"11":{"name":"(anonymous_11)","decl":{"start":{"line":97,"column":25},"end":{"line":97,"column":26}},"loc":{"start":{"line":97,"column":31},"end":{"line":105,"column":5}},"line":97},"12":{"name":"(anonymous_12)","decl":{"start":{"line":108,"column":34},"end":{"line":108,"column":35}},"loc":{"start":{"line":108,"column":40},"end":{"line":112,"column":5}},"line":108},"13":{"name":"(anonymous_13)","decl":{"start":{"line":115,"column":38},"end":{"line":115,"column":39}},"loc":{"start":{"line":115,"column":44},"end":{"line":139,"column":5}},"line":115},"14":{"name":"(anonymous_14)","decl":{"start":{"line":124,"column":28},"end":{"line":124,"column":29}},"loc":{"start":{"line":124,"column":33},"end":{"line":124,"column":77}},"line":124},"15":{"name":"(anonymous_15)","decl":{"start":{"line":127,"column":25},"end":{"line":127,"column":26}},"loc":{"start":{"line":127,"column":30},"end":{"line":127,"column":74}},"line":127},"16":{"name":"(anonymous_16)","decl":{"start":{"line":129,"column":57},"end":{"line":129,"column":58}},"loc":{"start":{"line":130,"column":12},"end":{"line":130,"column":54}},"line":130},"17":{"name":"(anonymous_17)","decl":{"start":{"line":142,"column":40},"end":{"line":142,"column":41}},"loc":{"start":{"line":142,"column":46},"end":{"line":148,"column":5}},"line":142},"18":{"name":"(anonymous_18)","decl":{"start":{"line":151,"column":37},"end":{"line":151,"column":38}},"loc":{"start":{"line":151,"column":43},"end":{"line":155,"column":5}},"line":151}},"branchMap":{"0":{"loc":{"start":{"line":22,"column":12},"end":{"line":25,"column":13}},"type":"if","locations":[{"start":{"line":22,"column":12},"end":{"line":25,"column":13}},{"start":{},"end":{}}],"line":22},"1":{"loc":{"start":{"line":24,"column":16},"end":{"line":24,"column":63}},"type":"if","locations":[{"start":{"line":24,"column":16},"end":{"line":24,"column":63}},{"start":{},"end":{}}],"line":24},"2":{"loc":{"start":{"line":24,"column":20},"end":{"line":24,"column":52}},"type":"binary-expr","locations":[{"start":{"line":24,"column":20},"end":{"line":24,"column":36}},{"start":{"line":24,"column":40},"end":{"line":24,"column":52}}],"line":24},"3":{"loc":{"start":{"line":35,"column":12},"end":{"line":38,"column":13}},"type":"if","locations":[{"start":{"line":35,"column":12},"end":{"line":38,"column":13}},{"start":{},"end":{}}],"line":35},"4":{"loc":{"start":{"line":37,"column":16},"end":{"line":37,"column":59}},"type":"if","locations":[{"start":{"line":37,"column":16},"end":{"line":37,"column":59}},{"start":{},"end":{}}],"line":37},"5":{"loc":{"start":{"line":56,"column":8},"end":{"line":62,"column":9}},"type":"if","locations":[{"start":{"line":56,"column":8},"end":{"line":62,"column":9}},{"start":{},"end":{}}],"line":56},"6":{"loc":{"start":{"line":67,"column":8},"end":{"line":73,"column":9}},"type":"if","locations":[{"start":{"line":67,"column":8},"end":{"line":73,"column":9}},{"start":{},"end":{}}],"line":67},"7":{"loc":{"start":{"line":83,"column":8},"end":{"line":83,"column":45}},"type":"if","locations":[{"start":{"line":83,"column":8},"end":{"line":83,"column":45}},{"start":{},"end":{}}],"line":83},"8":{"loc":{"start":{"line":84,"column":8},"end":{"line":86,"column":9}},"type":"if","locations":[{"start":{"line":84,"column":8},"end":{"line":86,"column":9}},{"start":{},"end":{}}],"line":84},"9":{"loc":{"start":{"line":84,"column":12},"end":{"line":84,"column":46}},"type":"binary-expr","locations":[{"start":{"line":84,"column":12},"end":{"line":84,"column":34}},{"start":{"line":84,"column":38},"end":{"line":84,"column":46}}],"line":84},"10":{"loc":{"start":{"line":87,"column":8},"end":{"line":92,"column":9}},"type":"if","locations":[{"start":{"line":87,"column":8},"end":{"line":92,"column":9}},{"start":{},"end":{}}],"line":87},"11":{"loc":{"start":{"line":89,"column":12},"end":{"line":89,"column":82}},"type":"if","locations":[{"start":{"line":89,"column":12},"end":{"line":89,"column":82}},{"start":{},"end":{}}],"line":89},"12":{"loc":{"start":{"line":90,"column":12},"end":{"line":90,"column":78}},"type":"if","locations":[{"start":{"line":90,"column":12},"end":{"line":90,"column":78}},{"start":{},"end":{}}],"line":90},"13":{"loc":{"start":{"line":99,"column":19},"end":{"line":99,"column":69}},"type":"cond-expr","locations":[{"start":{"line":99,"column":40},"end":{"line":99,"column":62}},{"start":{"line":99,"column":65},"end":{"line":99,"column":69}}],"line":99},"14":{"loc":{"start":{"line":116,"column":8},"end":{"line":118,"column":9}},"type":"if","locations":[{"start":{"line":116,"column":8},"end":{"line":118,"column":9}},{"start":{},"end":{}}],"line":116},"15":{"loc":{"start":{"line":130,"column":13},"end":{"line":130,"column":25}},"type":"binary-expr","locations":[{"start":{"line":130,"column":13},"end":{"line":130,"column":19}},{"start":{"line":130,"column":23},"end":{"line":130,"column":25}}],"line":130},"16":{"loc":{"start":{"line":130,"column":41},"end":{"line":130,"column":53}},"type":"binary-expr","locations":[{"start":{"line":130,"column":41},"end":{"line":130,"column":47}},{"start":{"line":130,"column":51},"end":{"line":130,"column":53}}],"line":130},"17":{"loc":{"start":{"line":143,"column":8},"end":{"line":145,"column":9}},"type":"if","locations":[{"start":{"line":143,"column":8},"end":{"line":145,"column":9}},{"start":{},"end":{}}],"line":143}},"s":{"0":1,"1":1,"2":1,"3":12,"4":12,"5":6,"6":6,"7":6,"8":0,"9":0,"10":0,"11":0,"12":6,"13":12,"14":6,"15":6,"16":6,"17":0,"18":0,"19":0,"20":0,"21":6,"22":12,"23":12,"24":12,"25":12,"26":12,"27":12,"28":5,"29":5,"30":0,"31":12,"32":6,"33":0,"34":0,"35":0,"36":12,"37":12,"38":10,"39":12,"40":12,"41":7,"42":5,"43":1,"44":2,"45":4,"46":1,"47":1,"48":1,"49":3,"50":1,"51":1,"52":2,"53":1,"54":3,"55":12,"56":12,"57":12,"58":0,"59":0,"60":12,"61":1,"62":1,"63":1,"64":12,"65":0,"66":0,"67":0,"68":0,"69":0,"70":0,"71":0,"72":0,"73":0,"74":0,"75":0,"76":12,"77":0,"78":0,"79":0,"80":0,"81":12,"82":0,"83":0,"84":0,"85":12},"f":{"0":12,"1":6,"2":6,"3":12,"4":6,"5":12,"6":10,"7":12,"8":2,"9":3,"10":2,"11":12,"12":1,"13":0,"14":0,"15":0,"16":0,"17":0,"18":0},"b":{"0":[0,6],"1":[0,0],"2":[0,0],"3":[0,6],"4":[0,0],"5":[5,7],"6":[0,6],"7":[7,5],"8":[1,4],"9":[5,1],"10":[1,3],"11":[1,0],"12":[1,0],"13":[5,7],"14":[0,0],"15":[0,0],"16":[0,0],"17":[0,0]},"meta":{"lastBranch":18,"lastFunction":19,"lastStatement":86,"seen":{"s:8:20:8:36":0,"s:9:25:9:43":1,"s:15:19:185:1":2,"f:15:19:15:20":0,"s:16:23:16:40":3,"s:19:35:30:6":4,"f:19:45:19:46":1,"s:20:8:28:9":5,"s:21:22:21:55":6,"b:22:12:25:13:undefined:undefined:undefined:undefined":0,"s:22:12:25:13":7,"s:23:26:23:39":8,"b:24:16:24:63:undefined:undefined:undefined:undefined":1,"s:24:16:24:63":9,"b:24:20:24:36:24:40:24:52":2,"s:24:54:24:63":10,"s:27:12:27:64":11,"s:29:8:29:18":12,"s:32:41:43:6":13,"f:32:51:32:52":2,"s:33:8:41:9":14,"s:34:22:34:60":15,"b:35:12:38:13:undefined:undefined:undefined:undefined":3,"s:35:12:38:13":16,"s:36:32:36:45":17,"b:37:16:37:59:undefined:undefined:undefined:undefined":4,"s:37:16:37:59":18,"s:37:44:37:59":19,"s:40:12:40:59":20,"s:42:8:42:18":21,"s:46:39:46:55":22,"s:47:35:47:48":23,"s:48:35:48:48":24,"s:49:31:49:44":25,"s:55:3:63:19":26,"f:55:14:55:15":3,"b:56:8:62:9:undefined:undefined:undefined:undefined":5,"s:56:8:62:9":27,"s:57:12:61:13":28,"s:58:16:58:76":29,"s:60:16:60:65":30,"s:66:3:74:22":31,"f:66:14:66:15":4,"b:67:8:73:9:undefined:undefined:undefined:undefined":6,"s:67:8:73:9":32,"s:68:12:72:13":33,"s:69:16:69:84":34,"s:71:16:71:62":35,"s:77:18:79:18":36,"f:77:27:77:28":5,"s:78:8:78:79":37,"f:78:40:78:41":6,"s:78:45:78:52":38,"s:82:20:94:58":39,"f:82:29:82:30":7,"b:83:8:83:45:undefined:undefined:undefined:undefined":7,"s:83:8:83:45":40,"s:83:35:83:45":41,"b:84:8:86:9:undefined:undefined:undefined:undefined":8,"s:84:8:86:9":42,"b:84:12:84:34:84:38:84:46":9,"s:85:12:85:62":43,"f:85:35:85:36":8,"s:85:40:85:60":44,"b:87:8:92:9:undefined:undefined:undefined:undefined":10,"s:87:8:92:9":45,"s:88:20:88:33":46,"b:89:12:89:82:undefined:undefined:undefined:undefined":11,"s:89:12:89:82":47,"s:89:26:89:82":48,"f:89:39:89:40":9,"s:89:44:89:80":49,"b:90:12:90:78:undefined:undefined:undefined:undefined":12,"s:90:12:90:78":50,"s:90:24:90:78":51,"f:90:37:90:38":10,"s:90:42:90:76":52,"s:91:12:91:21":53,"s:93:8:93:24":54,"s:97:16:105:33":55,"f:97:25:97:26":11,"s:98:8:103:9":56,"s:99:12:99:70":57,"b:99:40:99:62:99:65:99:69":13,"s:101:12:101:54":58,"s:102:12:102:24":59,"s:108:21:112:10":60,"f:108:34:108:35":12,"s:109:8:109:24":61,"s:110:8:110:45":62,"s:111:8:111:20":63,"s:115:25:139:31":64,"f:115:38:115:39":13,"b:116:8:118:9:undefined:undefined:undefined:undefined":14,"s:116:8:118:9":65,"s:117:12:117:58":66,"s:121:20:121:29":67,"s:124:8:124:79":68,"f:124:28:124:29":14,"s:124:33:124:77":69,"s:127:8:127:76":70,"f:127:25:127:26":15,"s:127:30:127:74":71,"s:129:27:131:9":72,"f:129:57:129:58":16,"s:130:12:130:54":73,"b:130:13:130:19:130:23:130:25":15,"b:130:41:130:47:130:51:130:53":16,"s:133:8:133:35":74,"s:134:8:138:10":75,"s:142:27:148:21":76,"f:142:40:142:41":17,"b:143:8:145:9:undefined:undefined:undefined:undefined":17,"s:143:8:145:9":77,"s:144:12:144:60":78,"s:146:8:146:33":79,"s:147:8:147:60":80,"s:151:24:155:10":81,"f:151:37:151:38":18,"s:152:8:152:27":82,"s:153:8:153:50":83,"s:154:8:154:20":84,"s:157:4:184:6":85}}}
,"C:\\Users\\migue\\byd-stats\\byd-stats\\src\\hooks\\useAppVersion.js": {"path":"C:\\Users\\migue\\byd-stats\\byd-stats\\src\\hooks\\useAppVersion.js","statementMap":{"0":{"start":{"line":3,"column":18},"end":{"line":3,"column":35}},"1":{"start":{"line":4,"column":25},"end":{"line":4,"column":49}},"2":{"start":{"line":5,"column":23},"end":{"line":5,"column":42}},"3":{"start":{"line":6,"column":25},"end":{"line":6,"column":33}},"4":{"start":{"line":14,"column":33},"end":{"line":14,"column":60}},"5":{"start":{"line":15,"column":37},"end":{"line":15,"column":52}},"6":{"start":{"line":17,"column":3},"end":{"line":65,"column":11}},"7":{"start":{"line":18,"column":29},"end":{"line":62,"column":9}},"8":{"start":{"line":19,"column":12},"end":{"line":61,"column":13}},"9":{"start":{"line":21,"column":38},"end":{"line":21,"column":69}},"10":{"start":{"line":22,"column":36},"end":{"line":22,"column":74}},"11":{"start":{"line":23,"column":28},"end":{"line":23,"column":38}},"12":{"start":{"line":25,"column":16},"end":{"line":30,"column":17}},"13":{"start":{"line":27,"column":20},"end":{"line":27,"column":46}},"14":{"start":{"line":28,"column":20},"end":{"line":28,"column":40}},"15":{"start":{"line":29,"column":20},"end":{"line":29,"column":27}},"16":{"start":{"line":33,"column":33},"end":{"line":40,"column":17}},"17":{"start":{"line":42,"column":16},"end":{"line":44,"column":17}},"18":{"start":{"line":43,"column":20},"end":{"line":43,"column":78}},"19":{"start":{"line":46,"column":29},"end":{"line":46,"column":50}},"20":{"start":{"line":47,"column":38},"end":{"line":47,"column":71}},"21":{"start":{"line":50,"column":16},"end":{"line":50,"column":63}},"22":{"start":{"line":51,"column":16},"end":{"line":51,"column":90}},"23":{"start":{"line":53,"column":16},"end":{"line":53,"column":42}},"24":{"start":{"line":55,"column":16},"end":{"line":55,"column":80}},"25":{"start":{"line":57,"column":38},"end":{"line":57,"column":69}},"26":{"start":{"line":58,"column":16},"end":{"line":58,"column":62}},"27":{"start":{"line":60,"column":16},"end":{"line":60,"column":36}},"28":{"start":{"line":64,"column":8},"end":{"line":64,"column":23}},"29":{"start":{"line":67,"column":4},"end":{"line":67,"column":34}}},"fnMap":{"0":{"name":"useAppVersion","decl":{"start":{"line":13,"column":24},"end":{"line":13,"column":37}},"loc":{"start":{"line":13,"column":40},"end":{"line":68,"column":1}},"line":13},"1":{"name":"(anonymous_1)","decl":{"start":{"line":17,"column":14},"end":{"line":17,"column":15}},"loc":{"start":{"line":17,"column":20},"end":{"line":65,"column":5}},"line":17},"2":{"name":"(anonymous_2)","decl":{"start":{"line":18,"column":29},"end":{"line":18,"column":34}},"loc":{"start":{"line":18,"column":41},"end":{"line":62,"column":9}},"line":18}},"branchMap":{"0":{"loc":{"start":{"line":25,"column":16},"end":{"line":30,"column":17}},"type":"if","locations":[{"start":{"line":25,"column":16},"end":{"line":30,"column":17}},{"start":{},"end":{}}],"line":25},"1":{"loc":{"start":{"line":25,"column":20},"end":{"line":25,"column":83}},"type":"binary-expr","locations":[{"start":{"line":25,"column":20},"end":{"line":25,"column":33}},{"start":{"line":25,"column":37},"end":{"line":25,"column":48}},{"start":{"line":25,"column":52},"end":{"line":25,"column":83}}],"line":25},"2":{"loc":{"start":{"line":42,"column":16},"end":{"line":44,"column":17}},"type":"if","locations":[{"start":{"line":42,"column":16},"end":{"line":44,"column":17}},{"start":{},"end":{}}],"line":42},"3":{"loc":{"start":{"line":47,"column":38},"end":{"line":47,"column":71}},"type":"binary-expr","locations":[{"start":{"line":47,"column":38},"end":{"line":47,"column":51}},{"start":{"line":47,"column":55},"end":{"line":47,"column":71}}],"line":47},"4":{"loc":{"start":{"line":58,"column":27},"end":{"line":58,"column":60}},"type":"binary-expr","locations":[{"start":{"line":58,"column":27},"end":{"line":58,"column":40}},{"start":{"line":58,"column":44},"end":{"line":58,"column":60}}],"line":58}},"s":{"0":0,"1":0,"2":0,"3":0,"4":0,"5":0,"6":0,"7":0,"8":0,"9":0,"10":0,"11":0,"12":0,"13":0,"14":0,"15":0,"16":0,"17":0,"18":0,"19":0,"20":0,"21":0,"22":0,"23":0,"24":0,"25":0,"26":0,"27":0,"28":0,"29":0},"f":{"0":0,"1":0,"2":0},"b":{"0":[0,0],"1":[0,0,0],"2":[0,0],"3":[0,0],"4":[0,0]},"meta":{"lastBranch":5,"lastFunction":3,"lastStatement":30,"seen":{"s:3:18:3:35":0,"s:4:25:4:49":1,"s:5:23:5:42":2,"s:6:25:6:33":3,"f:13:24:13:37":0,"s:14:33:14:60":4,"s:15:37:15:52":5,"s:17:3:65:11":6,"f:17:14:17:15":1,"s:18:29:62:9":7,"f:18:29:18:34":2,"s:19:12:61:13":8,"s:21:38:21:69":9,"s:22:36:22:74":10,"s:23:28:23:38":11,"b:25:16:30:17:undefined:undefined:undefined:undefined":0,"s:25:16:30:17":12,"b:25:20:25:33:25:37:25:48:25:52:25:83":1,"s:27:20:27:46":13,"s:28:20:28:40":14,"s:29:20:29:27":15,"s:33:33:40:17":16,"b:42:16:44:17:undefined:undefined:undefined:undefined":2,"s:42:16:44:17":17,"s:43:20:43:78":18,"s:46:29:46:50":19,"s:47:38:47:71":20,"b:47:38:47:51:47:55:47:71":3,"s:50:16:50:63":21,"s:51:16:51:90":22,"s:53:16:53:42":23,"s:55:16:55:80":24,"s:57:38:57:69":25,"s:58:16:58:62":26,"b:58:27:58:40:58:44:58:60":4,"s:60:16:60:36":27,"s:64:8:64:23":28,"s:67:4:67:34":29}}}
,"C:\\Users\\migue\\byd-stats\\byd-stats\\src\\hooks\\useChargeImporter.js": {"path":"C:\\Users\\migue\\byd-stats\\byd-stats\\src\\hooks\\useChargeImporter.js","statementMap":{"0":{"start":{"line":6,"column":33},"end":{"line":128,"column":1}},"1":{"start":{"line":7,"column":17},"end":{"line":7,"column":34}},"2":{"start":{"line":8,"column":40},"end":{"line":8,"column":49}},"3":{"start":{"line":9,"column":46},"end":{"line":9,"column":56}},"4":{"start":{"line":15,"column":30},"end":{"line":125,"column":69}},"5":{"start":{"line":16,"column":8},"end":{"line":124,"column":9}},"6":{"start":{"line":17,"column":25},"end":{"line":17,"column":42}},"7":{"start":{"line":18,"column":26},"end":{"line":18,"column":70}},"8":{"start":{"line":18,"column":58},"end":{"line":18,"column":69}},"9":{"start":{"line":20,"column":12},"end":{"line":23,"column":13}},"10":{"start":{"line":21,"column":16},"end":{"line":21,"column":47}},"11":{"start":{"line":22,"column":16},"end":{"line":22,"column":23}},"12":{"start":{"line":25,"column":28},"end":{"line":25,"column":30}},"13":{"start":{"line":26,"column":36},"end":{"line":26,"column":38}},"14":{"start":{"line":27,"column":41},"end":{"line":29,"column":13}},"15":{"start":{"line":28,"column":56},"end":{"line":28,"column":77}},"16":{"start":{"line":32,"column":12},"end":{"line":93,"column":13}},"17":{"start":{"line":32,"column":25},"end":{"line":32,"column":26}},"18":{"start":{"line":33,"column":29},"end":{"line":33,"column":37}},"19":{"start":{"line":35,"column":31},"end":{"line":35,"column":103}},"20":{"start":{"line":35,"column":72},"end":{"line":35,"column":102}},"21":{"start":{"line":37,"column":16},"end":{"line":37,"column":59}},"22":{"start":{"line":37,"column":50},"end":{"line":37,"column":59}},"23":{"start":{"line":39,"column":118},"end":{"line":39,"column":124}},"24":{"start":{"line":42,"column":16},"end":{"line":44,"column":17}},"25":{"start":{"line":43,"column":20},"end":{"line":43,"column":26}},"26":{"start":{"line":47,"column":34},"end":{"line":47,"column":88}},"27":{"start":{"line":48,"column":16},"end":{"line":48,"column":41}},"28":{"start":{"line":48,"column":32},"end":{"line":48,"column":41}},"29":{"start":{"line":50,"column":29},"end":{"line":50,"column":41}},"30":{"start":{"line":51,"column":29},"end":{"line":51,"column":41}},"31":{"start":{"line":54,"column":36},"end":{"line":54,"column":40}},"32":{"start":{"line":55,"column":36},"end":{"line":55,"column":56}},"33":{"start":{"line":57,"column":16},"end":{"line":81,"column":17}},"34":{"start":{"line":58,"column":37},"end":{"line":60,"column":21}},"35":{"start":{"line":59,"column":30},"end":{"line":59,"column":81}},"36":{"start":{"line":62,"column":20},"end":{"line":80,"column":21}},"37":{"start":{"line":63,"column":24},"end":{"line":63,"column":52}},"38":{"start":{"line":64,"column":27},"end":{"line":80,"column":21}},"39":{"start":{"line":66,"column":38},"end":{"line":66,"column":62}},"40":{"start":{"line":67,"column":24},"end":{"line":72,"column":27}},"41":{"start":{"line":73,"column":24},"end":{"line":73,"column":46}},"42":{"start":{"line":74,"column":24},"end":{"line":74,"column":76}},"43":{"start":{"line":77,"column":24},"end":{"line":79,"column":30}},"44":{"start":{"line":78,"column":34},"end":{"line":78,"column":85}},"45":{"start":{"line":83,"column":16},"end":{"line":92,"column":19}},"46":{"start":{"line":96,"column":12},"end":{"line":99,"column":13}},"47":{"start":{"line":97,"column":44},"end":{"line":97,"column":98}},"48":{"start":{"line":98,"column":16},"end":{"line":98,"column":83}},"49":{"start":{"line":102,"column":12},"end":{"line":120,"column":13}},"50":{"start":{"line":103,"column":30},"end":{"line":103,"column":57}},"51":{"start":{"line":106,"column":30},"end":{"line":106,"column":69}},"52":{"start":{"line":107,"column":16},"end":{"line":111,"column":17}},"53":{"start":{"line":108,"column":20},"end":{"line":110,"column":23}},"54":{"start":{"line":109,"column":57},"end":{"line":109,"column":64}},"55":{"start":{"line":112,"column":16},"end":{"line":112,"column":31}},"56":{"start":{"line":115,"column":16},"end":{"line":117,"column":17}},"57":{"start":{"line":116,"column":20},"end":{"line":116,"column":41}},"58":{"start":{"line":119,"column":16},"end":{"line":119,"column":47}},"59":{"start":{"line":122,"column":12},"end":{"line":122,"column":67}},"60":{"start":{"line":123,"column":12},"end":{"line":123,"column":73}},"61":{"start":{"line":127,"column":4},"end":{"line":127,"column":34}}},"fnMap":{"0":{"name":"(anonymous_0)","decl":{"start":{"line":6,"column":33},"end":{"line":6,"column":34}},"loc":{"start":{"line":6,"column":39},"end":{"line":128,"column":1}},"line":6},"1":{"name":"(anonymous_1)","decl":{"start":{"line":15,"column":43},"end":{"line":15,"column":48}},"loc":{"start":{"line":15,"column":59},"end":{"line":125,"column":5}},"line":15},"2":{"name":"(anonymous_2)","decl":{"start":{"line":18,"column":50},"end":{"line":18,"column":54}},"loc":{"start":{"line":18,"column":58},"end":{"line":18,"column":69}},"line":18},"3":{"name":"(anonymous_3)","decl":{"start":{"line":28,"column":50},"end":{"line":28,"column":52}},"loc":{"start":{"line":28,"column":56},"end":{"line":28,"column":77}},"line":28},"4":{"name":"(anonymous_4)","decl":{"start":{"line":35,"column":67},"end":{"line":35,"column":68}},"loc":{"start":{"line":35,"column":72},"end":{"line":35,"column":102}},"line":35},"5":{"name":"(anonymous_5)","decl":{"start":{"line":59,"column":24},"end":{"line":59,"column":26}},"loc":{"start":{"line":59,"column":30},"end":{"line":59,"column":81}},"line":59},"6":{"name":"(anonymous_6)","decl":{"start":{"line":78,"column":28},"end":{"line":78,"column":30}},"loc":{"start":{"line":78,"column":34},"end":{"line":78,"column":85}},"line":78},"7":{"name":"(anonymous_7)","decl":{"start":{"line":109,"column":51},"end":{"line":109,"column":53}},"loc":{"start":{"line":109,"column":57},"end":{"line":109,"column":64}},"line":109}},"branchMap":{"0":{"loc":{"start":{"line":20,"column":12},"end":{"line":23,"column":13}},"type":"if","locations":[{"start":{"line":20,"column":12},"end":{"line":23,"column":13}},{"start":{},"end":{}}],"line":20},"1":{"loc":{"start":{"line":28,"column":17},"end":{"line":28,"column":44}},"type":"binary-expr","locations":[{"start":{"line":28,"column":17},"end":{"line":28,"column":38}},{"start":{"line":28,"column":42},"end":{"line":28,"column":44}}],"line":28},"2":{"loc":{"start":{"line":37,"column":16},"end":{"line":37,"column":59}},"type":"if","locations":[{"start":{"line":37,"column":16},"end":{"line":37,"column":59}},{"start":{},"end":{}}],"line":37},"3":{"loc":{"start":{"line":37,"column":20},"end":{"line":37,"column":48}},"type":"binary-expr","locations":[{"start":{"line":37,"column":20},"end":{"line":37,"column":27}},{"start":{"line":37,"column":31},"end":{"line":37,"column":48}}],"line":37},"4":{"loc":{"start":{"line":42,"column":16},"end":{"line":44,"column":17}},"type":"if","locations":[{"start":{"line":42,"column":16},"end":{"line":44,"column":17}},{"start":{},"end":{}}],"line":42},"5":{"loc":{"start":{"line":42,"column":20},"end":{"line":42,"column":72}},"type":"binary-expr","locations":[{"start":{"line":42,"column":20},"end":{"line":42,"column":30}},{"start":{"line":42,"column":34},"end":{"line":42,"column":72}}],"line":42},"6":{"loc":{"start":{"line":48,"column":16},"end":{"line":48,"column":41}},"type":"if","locations":[{"start":{"line":48,"column":16},"end":{"line":48,"column":41}},{"start":{},"end":{}}],"line":48},"7":{"loc":{"start":{"line":57,"column":16},"end":{"line":81,"column":17}},"type":"if","locations":[{"start":{"line":57,"column":16},"end":{"line":81,"column":17}},{"start":{},"end":{}}],"line":57},"8":{"loc":{"start":{"line":58,"column":38},"end":{"line":58,"column":65}},"type":"binary-expr","locations":[{"start":{"line":58,"column":38},"end":{"line":58,"column":59}},{"start":{"line":58,"column":63},"end":{"line":58,"column":65}}],"line":58},"9":{"loc":{"start":{"line":62,"column":20},"end":{"line":80,"column":21}},"type":"if","locations":[{"start":{"line":62,"column":20},"end":{"line":80,"column":21}},{"start":{"line":64,"column":27},"end":{"line":80,"column":21}}],"line":62},"10":{"loc":{"start":{"line":64,"column":27},"end":{"line":80,"column":21}},"type":"if","locations":[{"start":{"line":64,"column":27},"end":{"line":80,"column":21}},{"start":{"line":75,"column":27},"end":{"line":80,"column":21}}],"line":64},"11":{"loc":{"start":{"line":86,"column":30},"end":{"line":86,"column":56}},"type":"binary-expr","locations":[{"start":{"line":86,"column":30},"end":{"line":86,"column":51}},{"start":{"line":86,"column":55},"end":{"line":86,"column":56}}],"line":86},"12":{"loc":{"start":{"line":87,"column":32},"end":{"line":87,"column":62}},"type":"binary-expr","locations":[{"start":{"line":87,"column":32},"end":{"line":87,"column":57}},{"start":{"line":87,"column":61},"end":{"line":87,"column":62}}],"line":87},"13":{"loc":{"start":{"line":88,"column":31},"end":{"line":88,"column":59}},"type":"binary-expr","locations":[{"start":{"line":88,"column":31},"end":{"line":88,"column":54}},{"start":{"line":88,"column":58},"end":{"line":88,"column":59}}],"line":88},"14":{"loc":{"start":{"line":90,"column":33},"end":{"line":90,"column":58}},"type":"binary-expr","locations":[{"start":{"line":90,"column":33},"end":{"line":90,"column":53}},{"start":{"line":90,"column":57},"end":{"line":90,"column":58}}],"line":90},"15":{"loc":{"start":{"line":91,"column":37},"end":{"line":91,"column":69}},"type":"binary-expr","locations":[{"start":{"line":91,"column":37},"end":{"line":91,"column":64}},{"start":{"line":91,"column":68},"end":{"line":91,"column":69}}],"line":91},"16":{"loc":{"start":{"line":96,"column":12},"end":{"line":99,"column":13}},"type":"if","locations":[{"start":{"line":96,"column":12},"end":{"line":99,"column":13}},{"start":{},"end":{}}],"line":96},"17":{"loc":{"start":{"line":97,"column":49},"end":{"line":97,"column":76}},"type":"binary-expr","locations":[{"start":{"line":97,"column":49},"end":{"line":97,"column":70}},{"start":{"line":97,"column":74},"end":{"line":97,"column":76}}],"line":97},"18":{"loc":{"start":{"line":102,"column":12},"end":{"line":120,"column":13}},"type":"if","locations":[{"start":{"line":102,"column":12},"end":{"line":120,"column":13}},{"start":{"line":118,"column":19},"end":{"line":120,"column":13}}],"line":102},"19":{"loc":{"start":{"line":107,"column":16},"end":{"line":111,"column":17}},"type":"if","locations":[{"start":{"line":107,"column":16},"end":{"line":111,"column":17}},{"start":{},"end":{}}],"line":107},"20":{"loc":{"start":{"line":115,"column":16},"end":{"line":117,"column":17}},"type":"if","locations":[{"start":{"line":115,"column":16},"end":{"line":117,"column":17}},{"start":{},"end":{}}],"line":115},"21":{"loc":{"start":{"line":123,"column":18},"end":{"line":123,"column":71}},"type":"binary-expr","locations":[{"start":{"line":123,"column":18},"end":{"line":123,"column":44}},{"start":{"line":123,"column":48},"end":{"line":123,"column":71}}],"line":123}},"s":{"0":0,"1":0,"2":0,"3":0,"4":0,"5":0,"6":0,"7":0,"8":0,"9":0,"10":0,"11":0,"12":0,"13":0,"14":0,"15":0,"16":0,"17":0,"18":0,"19":0,"20":0,"21":0,"22":0,"23":0,"24":0,"25":0,"26":0,"27":0,"28":0,"29":0,"30":0,"31":0,"32":0,"33":0,"34":0,"35":0,"36":0,"37":0,"38":0,"39":0,"40":0,"41":0,"42":0,"43":0,"44":0,"45":0,"46":0,"47":0,"48":0,"49":0,"50":0,"51":0,"52":0,"53":0,"54":0,"55":0,"56":0,"57":0,"58":0,"59":0,"60":0,"61":0},"f":{"0":0,"1":0,"2":0,"3":0,"4":0,"5":0,"6":0,"7":0},"b":{"0":[0,0],"1":[0,0],"2":[0,0],"3":[0,0],"4":[0,0],"5":[0,0],"6":[0,0],"7":[0,0],"8":[0,0],"9":[0,0],"10":[0,0],"11":[0,0],"12":[0,0],"13":[0,0],"14":[0,0],"15":[0,0],"16":[0,0],"17":[0,0],"18":[0,0],"19":[0,0],"20":[0,0],"21":[0,0]},"meta":{"lastBranch":22,"lastFunction":8,"lastStatement":62,"seen":{"s:6:33:128:1":0,"f:6:33:6:34":0,"s:7:17:7:34":1,"s:8:40:8:49":2,"s:9:46:9:56":3,"s:15:30:125:69":4,"f:15:43:15:48":1,"s:16:8:124:9":5,"s:17:25:17:42":6,"s:18:26:18:70":7,"f:18:50:18:54":2,"s:18:58:18:69":8,"b:20:12:23:13:undefined:undefined:undefined:undefined":0,"s:20:12:23:13":9,"s:21:16:21:47":10,"s:22:16:22:23":11,"s:25:28:25:30":12,"s:26:36:26:38":13,"s:27:41:29:13":14,"b:28:17:28:38:28:42:28:44":1,"f:28:50:28:52":3,"s:28:56:28:77":15,"s:32:12:93:13":16,"s:32:25:32:26":17,"s:33:29:33:37":18,"s:35:31:35:103":19,"f:35:67:35:68":4,"s:35:72:35:102":20,"b:37:16:37:59:undefined:undefined:undefined:undefined":2,"s:37:16:37:59":21,"b:37:20:37:27:37:31:37:48":3,"s:37:50:37:59":22,"s:39:118:39:124":23,"b:42:16:44:17:undefined:undefined:undefined:undefined":4,"s:42:16:44:17":24,"b:42:20:42:30:42:34:42:72":5,"s:43:20:43:26":25,"s:47:34:47:88":26,"b:48:16:48:41:undefined:undefined:undefined:undefined":6,"s:48:16:48:41":27,"s:48:32:48:41":28,"s:50:29:50:41":29,"s:51:29:51:41":30,"s:54:36:54:40":31,"s:55:36:55:56":32,"b:57:16:81:17:undefined:undefined:undefined:undefined":7,"s:57:16:81:17":33,"s:58:37:60:21":34,"b:58:38:58:59:58:63:58:65":8,"f:59:24:59:26":5,"s:59:30:59:81":35,"b:62:20:80:21:64:27:80:21":9,"s:62:20:80:21":36,"s:63:24:63:52":37,"b:64:27:80:21:75:27:80:21":10,"s:64:27:80:21":38,"s:66:38:66:62":39,"s:67:24:72:27":40,"s:73:24:73:46":41,"s:74:24:74:76":42,"s:77:24:79:30":43,"f:78:28:78:30":6,"s:78:34:78:85":44,"s:83:16:92:19":45,"b:86:30:86:51:86:55:86:56":11,"b:87:32:87:57:87:61:87:62":12,"b:88:31:88:54:88:58:88:59":13,"b:90:33:90:53:90:57:90:58":14,"b:91:37:91:64:91:68:91:69":15,"b:96:12:99:13:undefined:undefined:undefined:undefined":16,"s:96:12:99:13":46,"s:97:44:97:98":47,"b:97:49:97:70:97:74:97:76":17,"s:98:16:98:83":48,"b:102:12:120:13:118:19:120:13":18,"s:102:12:120:13":49,"s:103:30:103:57":50,"s:106:30:106:69":51,"b:107:16:111:17:undefined:undefined:undefined:undefined":19,"s:107:16:111:17":52,"s:108:20:110:23":53,"f:109:51:109:53":7,"s:109:57:109:64":54,"s:112:16:112:31":55,"b:115:16:117:17:undefined:undefined:undefined:undefined":20,"s:115:16:117:17":56,"s:116:20:116:41":57,"s:119:16:119:47":58,"s:122:12:122:67":59,"s:123:12:123:73":60,"b:123:18:123:44:123:48:123:71":21,"s:127:4:127:34":61}}}
,"C:\\Users\\migue\\byd-stats\\byd-stats\\src\\hooks\\useChargesData.js": {"path":"C:\\Users\\migue\\byd-stats\\byd-stats\\src\\hooks\\useChargesData.js","statementMap":{"0":{"start":{"line":30,"column":23},"end":{"line":202,"column":1}},"1":{"start":{"line":32,"column":33},"end":{"line":47,"column":6}},"2":{"start":{"line":33,"column":8},"end":{"line":46,"column":9}},"3":{"start":{"line":34,"column":26},"end":{"line":34,"column":67}},"4":{"start":{"line":35,"column":12},"end":{"line":41,"column":13}},"5":{"start":{"line":36,"column":31},"end":{"line":36,"column":48}},"6":{"start":{"line":38,"column":16},"end":{"line":40,"column":25}},"7":{"start":{"line":39,"column":44},"end":{"line":39,"column":69}},"8":{"start":{"line":42,"column":12},"end":{"line":42,"column":22}},"9":{"start":{"line":44,"column":12},"end":{"line":44,"column":72}},"10":{"start":{"line":45,"column":12},"end":{"line":45,"column":22}},"11":{"start":{"line":50,"column":3},"end":{"line":56,"column":18}},"12":{"start":{"line":51,"column":8},"end":{"line":55,"column":9}},"13":{"start":{"line":52,"column":12},"end":{"line":52,"column":79}},"14":{"start":{"line":54,"column":12},"end":{"line":54,"column":69}},"15":{"start":{"line":63,"column":21},"end":{"line":78,"column":10}},"16":{"start":{"line":64,"column":26},"end":{"line":68,"column":9}},"17":{"start":{"line":70,"column":8},"end":{"line":74,"column":11}},"18":{"start":{"line":71,"column":28},"end":{"line":71,"column":48}},"19":{"start":{"line":73,"column":12},"end":{"line":73,"column":69}},"20":{"start":{"line":73,"column":42},"end":{"line":73,"column":67}},"21":{"start":{"line":76,"column":8},"end":{"line":76,"column":51}},"22":{"start":{"line":77,"column":8},"end":{"line":77,"column":25}},"23":{"start":{"line":85,"column":30},"end":{"line":107,"column":10}},"24":{"start":{"line":86,"column":8},"end":{"line":88,"column":9}},"25":{"start":{"line":87,"column":12},"end":{"line":87,"column":21}},"26":{"start":{"line":90,"column":27},"end":{"line":94,"column":11}},"27":{"start":{"line":90,"column":59},"end":{"line":94,"column":9}},"28":{"start":{"line":96,"column":8},"end":{"line":103,"column":11}},"29":{"start":{"line":98,"column":39},"end":{"line":98,"column":74}},"30":{"start":{"line":98,"column":61},"end":{"line":98,"column":72}},"31":{"start":{"line":99,"column":30},"end":{"line":99,"column":90}},"32":{"start":{"line":99,"column":53},"end":{"line":99,"column":89}},"33":{"start":{"line":100,"column":29},"end":{"line":100,"column":52}},"34":{"start":{"line":102,"column":12},"end":{"line":102,"column":70}},"35":{"start":{"line":102,"column":43},"end":{"line":102,"column":68}},"36":{"start":{"line":105,"column":8},"end":{"line":105,"column":61}},"37":{"start":{"line":106,"column":8},"end":{"line":106,"column":33}},"38":{"start":{"line":114,"column":24},"end":{"line":133,"column":10}},"39":{"start":{"line":115,"column":8},"end":{"line":130,"column":11}},"40":{"start":{"line":116,"column":28},"end":{"line":127,"column":14}},"41":{"start":{"line":117,"column":16},"end":{"line":117,"column":52}},"42":{"start":{"line":117,"column":38},"end":{"line":117,"column":52}},"43":{"start":{"line":119,"column":38},"end":{"line":119,"column":63}},"44":{"start":{"line":121,"column":16},"end":{"line":125,"column":17}},"45":{"start":{"line":122,"column":33},"end":{"line":122,"column":60}},"46":{"start":{"line":123,"column":33},"end":{"line":123,"column":60}},"47":{"start":{"line":124,"column":20},"end":{"line":124,"column":84}},"48":{"start":{"line":126,"column":16},"end":{"line":126,"column":37}},"49":{"start":{"line":129,"column":12},"end":{"line":129,"column":69}},"50":{"start":{"line":129,"column":42},"end":{"line":129,"column":67}},"51":{"start":{"line":132,"column":8},"end":{"line":132,"column":43}},"52":{"start":{"line":139,"column":24},"end":{"line":142,"column":10}},"53":{"start":{"line":140,"column":8},"end":{"line":140,"column":68}},"54":{"start":{"line":140,"column":27},"end":{"line":140,"column":66}},"55":{"start":{"line":140,"column":49},"end":{"line":140,"column":65}},"56":{"start":{"line":141,"column":8},"end":{"line":141,"column":43}},"57":{"start":{"line":149,"column":25},"end":{"line":151,"column":17}},"58":{"start":{"line":150,"column":8},"end":{"line":150,"column":56}},"59":{"start":{"line":150,"column":38},"end":{"line":150,"column":54}},"60":{"start":{"line":156,"column":24},"end":{"line":159,"column":10}},"61":{"start":{"line":157,"column":8},"end":{"line":157,"column":23}},"62":{"start":{"line":158,"column":8},"end":{"line":158,"column":43}},"63":{"start":{"line":165,"column":26},"end":{"line":173,"column":10}},"64":{"start":{"line":166,"column":8},"end":{"line":169,"column":9}},"65":{"start":{"line":167,"column":12},"end":{"line":167,"column":84}},"66":{"start":{"line":168,"column":12},"end":{"line":168,"column":19}},"67":{"start":{"line":170,"column":23},"end":{"line":170,"column":80}},"68":{"start":{"line":170,"column":54},"end":{"line":170,"column":79}},"69":{"start":{"line":171,"column":8},"end":{"line":171,"column":27}},"70":{"start":{"line":172,"column":8},"end":{"line":172,"column":72}},"71":{"start":{"line":176,"column":19},"end":{"line":189,"column":17}},"72":{"start":{"line":177,"column":8},"end":{"line":177,"column":46}},"73":{"start":{"line":177,"column":34},"end":{"line":177,"column":46}},"74":{"start":{"line":179,"column":25},"end":{"line":179,"column":81}},"75":{"start":{"line":179,"column":52},"end":{"line":179,"column":77}},"76":{"start":{"line":180,"column":26},"end":{"line":180,"column":81}},"77":{"start":{"line":180,"column":53},"end":{"line":180,"column":77}},"78":{"start":{"line":181,"column":31},"end":{"line":181,"column":105}},"79":{"start":{"line":181,"column":58},"end":{"line":181,"column":84}},"80":{"start":{"line":183,"column":8},"end":{"line":188,"column":10}},"81":{"start":{"line":191,"column":4},"end":{"line":201,"column":6}}},"fnMap":{"0":{"name":"(anonymous_0)","decl":{"start":{"line":30,"column":23},"end":{"line":30,"column":24}},"loc":{"start":{"line":30,"column":29},"end":{"line":202,"column":1}},"line":30},"1":{"name":"(anonymous_1)","decl":{"start":{"line":32,"column":43},"end":{"line":32,"column":44}},"loc":{"start":{"line":32,"column":49},"end":{"line":47,"column":5}},"line":32},"2":{"name":"(anonymous_2)","decl":{"start":{"line":39,"column":34},"end":{"line":39,"column":35}},"loc":{"start":{"line":39,"column":44},"end":{"line":39,"column":69}},"line":39},"3":{"name":"(anonymous_3)","decl":{"start":{"line":50,"column":14},"end":{"line":50,"column":15}},"loc":{"start":{"line":50,"column":20},"end":{"line":56,"column":5}},"line":50},"4":{"name":"(anonymous_4)","decl":{"start":{"line":63,"column":34},"end":{"line":63,"column":35}},"loc":{"start":{"line":63,"column":50},"end":{"line":78,"column":5}},"line":63},"5":{"name":"(anonymous_5)","decl":{"start":{"line":70,"column":19},"end":{"line":70,"column":23}},"loc":{"start":{"line":70,"column":27},"end":{"line":74,"column":9}},"line":70},"6":{"name":"(anonymous_6)","decl":{"start":{"line":73,"column":32},"end":{"line":73,"column":33}},"loc":{"start":{"line":73,"column":42},"end":{"line":73,"column":67}},"line":73},"7":{"name":"(anonymous_7)","decl":{"start":{"line":85,"column":43},"end":{"line":85,"column":44}},"loc":{"start":{"line":85,"column":61},"end":{"line":107,"column":5}},"line":85},"8":{"name":"(anonymous_8)","decl":{"start":{"line":90,"column":44},"end":{"line":90,"column":54}},"loc":{"start":{"line":90,"column":59},"end":{"line":94,"column":9}},"line":90},"9":{"name":"(anonymous_9)","decl":{"start":{"line":96,"column":19},"end":{"line":96,"column":23}},"loc":{"start":{"line":96,"column":27},"end":{"line":103,"column":9}},"line":96},"10":{"name":"(anonymous_10)","decl":{"start":{"line":98,"column":56},"end":{"line":98,"column":57}},"loc":{"start":{"line":98,"column":61},"end":{"line":98,"column":72}},"line":98},"11":{"name":"(anonymous_11)","decl":{"start":{"line":99,"column":48},"end":{"line":99,"column":49}},"loc":{"start":{"line":99,"column":53},"end":{"line":99,"column":89}},"line":99},"12":{"name":"(anonymous_12)","decl":{"start":{"line":102,"column":33},"end":{"line":102,"column":34}},"loc":{"start":{"line":102,"column":43},"end":{"line":102,"column":68}},"line":102},"13":{"name":"(anonymous_13)","decl":{"start":{"line":114,"column":37},"end":{"line":114,"column":38}},"loc":{"start":{"line":114,"column":54},"end":{"line":133,"column":5}},"line":114},"14":{"name":"(anonymous_14)","decl":{"start":{"line":115,"column":19},"end":{"line":115,"column":23}},"loc":{"start":{"line":115,"column":27},"end":{"line":130,"column":9}},"line":115},"15":{"name":"(anonymous_15)","decl":{"start":{"line":116,"column":37},"end":{"line":116,"column":43}},"loc":{"start":{"line":116,"column":47},"end":{"line":127,"column":13}},"line":116},"16":{"name":"(anonymous_16)","decl":{"start":{"line":129,"column":32},"end":{"line":129,"column":33}},"loc":{"start":{"line":129,"column":42},"end":{"line":129,"column":67}},"line":129},"17":{"name":"(anonymous_17)","decl":{"start":{"line":139,"column":37},"end":{"line":139,"column":38}},"loc":{"start":{"line":139,"column":45},"end":{"line":142,"column":5}},"line":139},"18":{"name":"(anonymous_18)","decl":{"start":{"line":140,"column":19},"end":{"line":140,"column":23}},"loc":{"start":{"line":140,"column":27},"end":{"line":140,"column":66}},"line":140},"19":{"name":"(anonymous_19)","decl":{"start":{"line":140,"column":39},"end":{"line":140,"column":45}},"loc":{"start":{"line":140,"column":49},"end":{"line":140,"column":65}},"line":140},"20":{"name":"(anonymous_20)","decl":{"start":{"line":149,"column":38},"end":{"line":149,"column":39}},"loc":{"start":{"line":149,"column":46},"end":{"line":151,"column":5}},"line":149},"21":{"name":"(anonymous_21)","decl":{"start":{"line":150,"column":28},"end":{"line":150,"column":34}},"loc":{"start":{"line":150,"column":38},"end":{"line":150,"column":54}},"line":150},"22":{"name":"(anonymous_22)","decl":{"start":{"line":156,"column":37},"end":{"line":156,"column":38}},"loc":{"start":{"line":156,"column":43},"end":{"line":159,"column":5}},"line":156},"23":{"name":"(anonymous_23)","decl":{"start":{"line":165,"column":39},"end":{"line":165,"column":40}},"loc":{"start":{"line":165,"column":55},"end":{"line":173,"column":5}},"line":165},"24":{"name":"(anonymous_24)","decl":{"start":{"line":170,"column":44},"end":{"line":170,"column":45}},"loc":{"start":{"line":170,"column":54},"end":{"line":170,"column":79}},"line":170},"25":{"name":"(anonymous_25)","decl":{"start":{"line":176,"column":28},"end":{"line":176,"column":29}},"loc":{"start":{"line":176,"column":34},"end":{"line":189,"column":5}},"line":176},"26":{"name":"(anonymous_26)","decl":{"start":{"line":179,"column":40},"end":{"line":179,"column":41}},"loc":{"start":{"line":179,"column":52},"end":{"line":179,"column":77}},"line":179},"27":{"name":"(anonymous_27)","decl":{"start":{"line":180,"column":41},"end":{"line":180,"column":42}},"loc":{"start":{"line":180,"column":53},"end":{"line":180,"column":77}},"line":180},"28":{"name":"(anonymous_28)","decl":{"start":{"line":181,"column":46},"end":{"line":181,"column":47}},"loc":{"start":{"line":181,"column":58},"end":{"line":181,"column":84}},"line":181}},"branchMap":{"0":{"loc":{"start":{"line":35,"column":12},"end":{"line":41,"column":13}},"type":"if","locations":[{"start":{"line":35,"column":12},"end":{"line":41,"column":13}},{"start":{},"end":{}}],"line":35},"1":{"loc":{"start":{"line":38,"column":23},"end":{"line":40,"column":24}},"type":"cond-expr","locations":[{"start":{"line":39,"column":22},"end":{"line":39,"column":70}},{"start":{"line":40,"column":22},"end":{"line":40,"column":24}}],"line":38},"2":{"loc":{"start":{"line":86,"column":8},"end":{"line":88,"column":9}},"type":"if","locations":[{"start":{"line":86,"column":8},"end":{"line":88,"column":9}},{"start":{},"end":{}}],"line":86},"3":{"loc":{"start":{"line":86,"column":12},"end":{"line":86,"column":69}},"type":"binary-expr","locations":[{"start":{"line":86,"column":12},"end":{"line":86,"column":40}},{"start":{"line":86,"column":44},"end":{"line":86,"column":69}}],"line":86},"4":{"loc":{"start":{"line":117,"column":16},"end":{"line":117,"column":52}},"type":"if","locations":[{"start":{"line":117,"column":16},"end":{"line":117,"column":52}},{"start":{},"end":{}}],"line":117},"5":{"loc":{"start":{"line":121,"column":16},"end":{"line":125,"column":17}},"type":"if","locations":[{"start":{"line":121,"column":16},"end":{"line":125,"column":17}},{"start":{},"end":{}}],"line":121},"6":{"loc":{"start":{"line":121,"column":20},"end":{"line":121,"column":48}},"type":"binary-expr","locations":[{"start":{"line":121,"column":20},"end":{"line":121,"column":32}},{"start":{"line":121,"column":36},"end":{"line":121,"column":48}}],"line":121},"7":{"loc":{"start":{"line":122,"column":33},"end":{"line":122,"column":60}},"type":"binary-expr","locations":[{"start":{"line":122,"column":33},"end":{"line":122,"column":45}},{"start":{"line":122,"column":49},"end":{"line":122,"column":60}}],"line":122},"8":{"loc":{"start":{"line":123,"column":33},"end":{"line":123,"column":60}},"type":"binary-expr","locations":[{"start":{"line":123,"column":33},"end":{"line":123,"column":45}},{"start":{"line":123,"column":49},"end":{"line":123,"column":60}}],"line":123},"9":{"loc":{"start":{"line":166,"column":8},"end":{"line":169,"column":9}},"type":"if","locations":[{"start":{"line":166,"column":8},"end":{"line":169,"column":9}},{"start":{},"end":{}}],"line":166},"10":{"loc":{"start":{"line":177,"column":8},"end":{"line":177,"column":46}},"type":"if","locations":[{"start":{"line":177,"column":8},"end":{"line":177,"column":46}},{"start":{},"end":{}}],"line":177},"11":{"loc":{"start":{"line":179,"column":59},"end":{"line":179,"column":76}},"type":"binary-expr","locations":[{"start":{"line":179,"column":59},"end":{"line":179,"column":71}},{"start":{"line":179,"column":75},"end":{"line":179,"column":76}}],"line":179},"12":{"loc":{"start":{"line":180,"column":60},"end":{"line":180,"column":76}},"type":"binary-expr","locations":[{"start":{"line":180,"column":60},"end":{"line":180,"column":71}},{"start":{"line":180,"column":75},"end":{"line":180,"column":76}}],"line":180},"13":{"loc":{"start":{"line":181,"column":65},"end":{"line":181,"column":83}},"type":"binary-expr","locations":[{"start":{"line":181,"column":65},"end":{"line":181,"column":78}},{"start":{"line":181,"column":82},"end":{"line":181,"column":83}}],"line":181}},"s":{"0":0,"1":0,"2":0,"3":0,"4":0,"5":0,"6":0,"7":0,"8":0,"9":0,"10":0,"11":0,"12":0,"13":0,"14":0,"15":0,"16":0,"17":0,"18":0,"19":0,"20":0,"21":0,"22":0,"23":0,"24":0,"25":0,"26":0,"27":0,"28":0,"29":0,"30":0,"31":0,"32":0,"33":0,"34":0,"35":0,"36":0,"37":0,"38":0,"39":0,"40":0,"41":0,"42":0,"43":0,"44":0,"45":0,"46":0,"47":0,"48":0,"49":0,"50":0,"51":0,"52":0,"53":0,"54":0,"55":0,"56":0,"57":0,"58":0,"59":0,"60":0,"61":0,"62":0,"63":0,"64":0,"65":0,"66":0,"67":0,"68":0,"69":0,"70":0,"71":0,"72":0,"73":0,"74":0,"75":0,"76":0,"77":0,"78":0,"79":0,"80":0,"81":0},"f":{"0":0,"1":0,"2":0,"3":0,"4":0,"5":0,"6":0,"7":0,"8":0,"9":0,"10":0,"11":0,"12":0,"13":0,"14":0,"15":0,"16":0,"17":0,"18":0,"19":0,"20":0,"21":0,"22":0,"23":0,"24":0,"25":0,"26":0,"27":0,"28":0},"b":{"0":[0,0],"1":[0,0],"2":[0,0],"3":[0,0],"4":[0,0],"5":[0,0],"6":[0,0],"7":[0,0],"8":[0,0],"9":[0,0],"10":[0,0],"11":[0,0],"12":[0,0],"13":[0,0]},"meta":{"lastBranch":14,"lastFunction":29,"lastStatement":82,"seen":{"s:30:23:202:1":0,"f:30:23:30:24":0,"s:32:33:47:6":1,"f:32:43:32:44":1,"s:33:8:46:9":2,"s:34:26:34:67":3,"b:35:12:41:13:undefined:undefined:undefined:undefined":0,"s:35:12:41:13":4,"s:36:31:36:48":5,"s:38:16:40:25":6,"b:39:22:39:70:40:22:40:24":1,"f:39:34:39:35":2,"s:39:44:39:69":7,"s:42:12:42:22":8,"s:44:12:44:72":9,"s:45:12:45:22":10,"s:50:3:56:18":11,"f:50:14:50:15":3,"s:51:8:55:9":12,"s:52:12:52:79":13,"s:54:12:54:69":14,"s:63:21:78:10":15,"f:63:34:63:35":4,"s:64:26:68:9":16,"s:70:8:74:11":17,"f:70:19:70:23":5,"s:71:28:71:48":18,"s:73:12:73:69":19,"f:73:32:73:33":6,"s:73:42:73:67":20,"s:76:8:76:51":21,"s:77:8:77:25":22,"s:85:30:107:10":23,"f:85:43:85:44":7,"b:86:8:88:9:undefined:undefined:undefined:undefined":2,"s:86:8:88:9":24,"b:86:12:86:40:86:44:86:69":3,"s:87:12:87:21":25,"s:90:27:94:11":26,"f:90:44:90:54":8,"s:90:59:94:9":27,"s:96:8:103:11":28,"f:96:19:96:23":9,"s:98:39:98:74":29,"f:98:56:98:57":10,"s:98:61:98:72":30,"s:99:30:99:90":31,"f:99:48:99:49":11,"s:99:53:99:89":32,"s:100:29:100:52":33,"s:102:12:102:70":34,"f:102:33:102:34":12,"s:102:43:102:68":35,"s:105:8:105:61":36,"s:106:8:106:33":37,"s:114:24:133:10":38,"f:114:37:114:38":13,"s:115:8:130:11":39,"f:115:19:115:23":14,"s:116:28:127:14":40,"f:116:37:116:43":15,"b:117:16:117:52:undefined:undefined:undefined:undefined":4,"s:117:16:117:52":41,"s:117:38:117:52":42,"s:119:38:119:63":43,"b:121:16:125:17:undefined:undefined:undefined:undefined":5,"s:121:16:125:17":44,"b:121:20:121:32:121:36:121:48":6,"s:122:33:122:60":45,"b:122:33:122:45:122:49:122:60":7,"s:123:33:123:60":46,"b:123:33:123:45:123:49:123:60":8,"s:124:20:124:84":47,"s:126:16:126:37":48,"s:129:12:129:69":49,"f:129:32:129:33":16,"s:129:42:129:67":50,"s:132:8:132:43":51,"s:139:24:142:10":52,"f:139:37:139:38":17,"s:140:8:140:68":53,"f:140:19:140:23":18,"s:140:27:140:66":54,"f:140:39:140:45":19,"s:140:49:140:65":55,"s:141:8:141:43":56,"s:149:25:151:17":57,"f:149:38:149:39":20,"s:150:8:150:56":58,"f:150:28:150:34":21,"s:150:38:150:54":59,"s:156:24:159:10":60,"f:156:37:156:38":22,"s:157:8:157:23":61,"s:158:8:158:43":62,"s:165:26:173:10":63,"f:165:39:165:40":23,"b:166:8:169:9:undefined:undefined:undefined:undefined":9,"s:166:8:169:9":64,"s:167:12:167:84":65,"s:168:12:168:19":66,"s:170:23:170:80":67,"f:170:44:170:45":24,"s:170:54:170:79":68,"s:171:8:171:27":69,"s:172:8:172:72":70,"s:176:19:189:17":71,"f:176:28:176:29":25,"b:177:8:177:46:undefined:undefined:undefined:undefined":10,"s:177:8:177:46":72,"s:177:34:177:46":73,"s:179:25:179:81":74,"f:179:40:179:41":26,"s:179:52:179:77":75,"b:179:59:179:71:179:75:179:76":11,"s:180:26:180:81":76,"f:180:41:180:42":27,"s:180:53:180:77":77,"b:180:60:180:71:180:75:180:76":12,"s:181:31:181:105":78,"f:181:46:181:47":28,"s:181:58:181:84":79,"b:181:65:181:78:181:82:181:83":13,"s:183:8:188:10":80,"s:191:4:201:6":81}}}
,"C:\\Users\\migue\\byd-stats\\byd-stats\\src\\hooks\\useChartDimensions.js": {"path":"C:\\Users\\migue\\byd-stats\\byd-stats\\src\\hooks\\useChartDimensions.js","statementMap":{"0":{"start":{"line":3,"column":34},"end":{"line":71,"column":1}},"1":{"start":{"line":6,"column":28},"end":{"line":11,"column":48}},"2":{"start":{"line":7,"column":8},"end":{"line":7,"column":35}},"3":{"start":{"line":7,"column":24},"end":{"line":7,"column":35}},"4":{"start":{"line":8,"column":8},"end":{"line":8,"column":40}},"5":{"start":{"line":8,"column":29},"end":{"line":8,"column":40}},"6":{"start":{"line":9,"column":8},"end":{"line":9,"column":34}},"7":{"start":{"line":9,"column":23},"end":{"line":9,"column":34}},"8":{"start":{"line":10,"column":8},"end":{"line":10,"column":19}},"9":{"start":{"line":13,"column":31},"end":{"line":18,"column":48}},"10":{"start":{"line":14,"column":8},"end":{"line":14,"column":35}},"11":{"start":{"line":14,"column":24},"end":{"line":14,"column":35}},"12":{"start":{"line":15,"column":8},"end":{"line":15,"column":40}},"13":{"start":{"line":15,"column":29},"end":{"line":15,"column":40}},"14":{"start":{"line":16,"column":8},"end":{"line":16,"column":34}},"15":{"start":{"line":16,"column":23},"end":{"line":16,"column":34}},"16":{"start":{"line":17,"column":8},"end":{"line":17,"column":19}},"17":{"start":{"line":20,"column":28},"end":{"line":25,"column":48}},"18":{"start":{"line":21,"column":8},"end":{"line":21,"column":35}},"19":{"start":{"line":21,"column":24},"end":{"line":21,"column":35}},"20":{"start":{"line":22,"column":8},"end":{"line":22,"column":40}},"21":{"start":{"line":22,"column":29},"end":{"line":22,"column":40}},"22":{"start":{"line":23,"column":8},"end":{"line":23,"column":34}},"23":{"start":{"line":23,"column":23},"end":{"line":23,"column":34}},"24":{"start":{"line":24,"column":8},"end":{"line":24,"column":19}},"25":{"start":{"line":28,"column":35},"end":{"line":28,"column":46}},"26":{"start":{"line":30,"column":35},"end":{"line":33,"column":5}},"27":{"start":{"line":31,"column":8},"end":{"line":31,"column":141}},"28":{"start":{"line":35,"column":37},"end":{"line":38,"column":5}},"29":{"start":{"line":36,"column":8},"end":{"line":36,"column":101}},"30":{"start":{"line":40,"column":27},"end":{"line":43,"column":5}},"31":{"start":{"line":41,"column":8},"end":{"line":41,"column":129}},"32":{"start":{"line":45,"column":30},"end":{"line":48,"column":5}},"33":{"start":{"line":46,"column":8},"end":{"line":46,"column":72}},"34":{"start":{"line":50,"column":40},"end":{"line":53,"column":5}},"35":{"start":{"line":51,"column":8},"end":{"line":51,"column":70}},"36":{"start":{"line":55,"column":39},"end":{"line":58,"column":5}},"37":{"start":{"line":56,"column":8},"end":{"line":56,"column":79}},"38":{"start":{"line":60,"column":4},"end":{"line":70,"column":6}}},"fnMap":{"0":{"name":"(anonymous_0)","decl":{"start":{"line":3,"column":34},"end":{"line":3,"column":35}},"loc":{"start":{"line":3,"column":82},"end":{"line":71,"column":1}},"line":3},"1":{"name":"(anonymous_1)","decl":{"start":{"line":6,"column":37},"end":{"line":6,"column":38}},"loc":{"start":{"line":6,"column":43},"end":{"line":11,"column":5}},"line":6},"2":{"name":"(anonymous_2)","decl":{"start":{"line":13,"column":40},"end":{"line":13,"column":41}},"loc":{"start":{"line":13,"column":46},"end":{"line":18,"column":5}},"line":13},"3":{"name":"(anonymous_3)","decl":{"start":{"line":20,"column":37},"end":{"line":20,"column":38}},"loc":{"start":{"line":20,"column":43},"end":{"line":25,"column":5}},"line":20},"4":{"name":"(anonymous_4)","decl":{"start":{"line":30,"column":44},"end":{"line":30,"column":45}},"loc":{"start":{"line":31,"column":8},"end":{"line":31,"column":141}},"line":31},"5":{"name":"(anonymous_5)","decl":{"start":{"line":35,"column":46},"end":{"line":35,"column":47}},"loc":{"start":{"line":36,"column":8},"end":{"line":36,"column":101}},"line":36},"6":{"name":"(anonymous_6)","decl":{"start":{"line":40,"column":36},"end":{"line":40,"column":37}},"loc":{"start":{"line":41,"column":8},"end":{"line":41,"column":129}},"line":41},"7":{"name":"(anonymous_7)","decl":{"start":{"line":45,"column":39},"end":{"line":45,"column":40}},"loc":{"start":{"line":46,"column":8},"end":{"line":46,"column":72}},"line":46},"8":{"name":"(anonymous_8)","decl":{"start":{"line":50,"column":49},"end":{"line":50,"column":50}},"loc":{"start":{"line":51,"column":8},"end":{"line":51,"column":70}},"line":51},"9":{"name":"(anonymous_9)","decl":{"start":{"line":55,"column":48},"end":{"line":55,"column":49}},"loc":{"start":{"line":56,"column":8},"end":{"line":56,"column":79}},"line":56}},"branchMap":{"0":{"loc":{"start":{"line":7,"column":8},"end":{"line":7,"column":35}},"type":"if","locations":[{"start":{"line":7,"column":8},"end":{"line":7,"column":35}},{"start":{},"end":{}}],"line":7},"1":{"loc":{"start":{"line":8,"column":8},"end":{"line":8,"column":40}},"type":"if","locations":[{"start":{"line":8,"column":8},"end":{"line":8,"column":40}},{"start":{},"end":{}}],"line":8},"2":{"loc":{"start":{"line":9,"column":8},"end":{"line":9,"column":34}},"type":"if","locations":[{"start":{"line":9,"column":8},"end":{"line":9,"column":34}},{"start":{},"end":{}}],"line":9},"3":{"loc":{"start":{"line":14,"column":8},"end":{"line":14,"column":35}},"type":"if","locations":[{"start":{"line":14,"column":8},"end":{"line":14,"column":35}},{"start":{},"end":{}}],"line":14},"4":{"loc":{"start":{"line":15,"column":8},"end":{"line":15,"column":40}},"type":"if","locations":[{"start":{"line":15,"column":8},"end":{"line":15,"column":40}},{"start":{},"end":{}}],"line":15},"5":{"loc":{"start":{"line":16,"column":8},"end":{"line":16,"column":34}},"type":"if","locations":[{"start":{"line":16,"column":8},"end":{"line":16,"column":34}},{"start":{},"end":{}}],"line":16},"6":{"loc":{"start":{"line":21,"column":8},"end":{"line":21,"column":35}},"type":"if","locations":[{"start":{"line":21,"column":8},"end":{"line":21,"column":35}},{"start":{},"end":{}}],"line":21},"7":{"loc":{"start":{"line":22,"column":8},"end":{"line":22,"column":40}},"type":"if","locations":[{"start":{"line":22,"column":8},"end":{"line":22,"column":40}},{"start":{},"end":{}}],"line":22},"8":{"loc":{"start":{"line":23,"column":8},"end":{"line":23,"column":34}},"type":"if","locations":[{"start":{"line":23,"column":8},"end":{"line":23,"column":34}},{"start":{},"end":{}}],"line":23},"9":{"loc":{"start":{"line":31,"column":8},"end":{"line":31,"column":141}},"type":"cond-expr","locations":[{"start":{"line":31,"column":21},"end":{"line":31,"column":43}},{"start":{"line":31,"column":47},"end":{"line":31,"column":140}}],"line":31},"10":{"loc":{"start":{"line":31,"column":47},"end":{"line":31,"column":140}},"type":"cond-expr","locations":[{"start":{"line":31,"column":65},"end":{"line":31,"column":81}},{"start":{"line":31,"column":85},"end":{"line":31,"column":139}}],"line":31},"11":{"loc":{"start":{"line":31,"column":85},"end":{"line":31,"column":139}},"type":"cond-expr","locations":[{"start":{"line":31,"column":97},"end":{"line":31,"column":110}},{"start":{"line":31,"column":113},"end":{"line":31,"column":139}}],"line":31},"12":{"loc":{"start":{"line":36,"column":8},"end":{"line":36,"column":101}},"type":"cond-expr","locations":[{"start":{"line":36,"column":26},"end":{"line":36,"column":42}},{"start":{"line":36,"column":46},"end":{"line":36,"column":100}}],"line":36},"13":{"loc":{"start":{"line":36,"column":46},"end":{"line":36,"column":100}},"type":"cond-expr","locations":[{"start":{"line":36,"column":58},"end":{"line":36,"column":71}},{"start":{"line":36,"column":74},"end":{"line":36,"column":100}}],"line":36},"14":{"loc":{"start":{"line":41,"column":8},"end":{"line":41,"column":129}},"type":"cond-expr","locations":[{"start":{"line":41,"column":21},"end":{"line":41,"column":43}},{"start":{"line":41,"column":47},"end":{"line":41,"column":128}}],"line":41},"15":{"loc":{"start":{"line":41,"column":47},"end":{"line":41,"column":128}},"type":"cond-expr","locations":[{"start":{"line":41,"column":65},"end":{"line":41,"column":81}},{"start":{"line":41,"column":85},"end":{"line":41,"column":127}}],"line":41},"16":{"loc":{"start":{"line":41,"column":85},"end":{"line":41,"column":127}},"type":"cond-expr","locations":[{"start":{"line":41,"column":97},"end":{"line":41,"column":108}},{"start":{"line":41,"column":111},"end":{"line":41,"column":127}}],"line":41},"17":{"loc":{"start":{"line":46,"column":8},"end":{"line":46,"column":72}},"type":"cond-expr","locations":[{"start":{"line":46,"column":26},"end":{"line":46,"column":34}},{"start":{"line":46,"column":38},"end":{"line":46,"column":71}}],"line":46},"18":{"loc":{"start":{"line":46,"column":38},"end":{"line":46,"column":71}},"type":"cond-expr","locations":[{"start":{"line":46,"column":50},"end":{"line":46,"column":60}},{"start":{"line":46,"column":63},"end":{"line":46,"column":71}}],"line":46},"19":{"loc":{"start":{"line":51,"column":8},"end":{"line":51,"column":70}},"type":"cond-expr","locations":[{"start":{"line":51,"column":26},"end":{"line":51,"column":32}},{"start":{"line":51,"column":36},"end":{"line":51,"column":69}}],"line":51},"20":{"loc":{"start":{"line":51,"column":36},"end":{"line":51,"column":69}},"type":"cond-expr","locations":[{"start":{"line":51,"column":48},"end":{"line":51,"column":60}},{"start":{"line":51,"column":63},"end":{"line":51,"column":69}}],"line":51},"21":{"loc":{"start":{"line":56,"column":8},"end":{"line":56,"column":79}},"type":"cond-expr","locations":[{"start":{"line":56,"column":26},"end":{"line":56,"column":37}},{"start":{"line":56,"column":41},"end":{"line":56,"column":78}}],"line":56},"22":{"loc":{"start":{"line":56,"column":41},"end":{"line":56,"column":78}},"type":"cond-expr","locations":[{"start":{"line":56,"column":53},"end":{"line":56,"column":64}},{"start":{"line":56,"column":67},"end":{"line":56,"column":78}}],"line":56}},"s":{"0":0,"1":0,"2":0,"3":0,"4":0,"5":0,"6":0,"7":0,"8":0,"9":0,"10":0,"11":0,"12":0,"13":0,"14":0,"15":0,"16":0,"17":0,"18":0,"19":0,"20":0,"21":0,"22":0,"23":0,"24":0,"25":0,"26":0,"27":0,"28":0,"29":0,"30":0,"31":0,"32":0,"33":0,"34":0,"35":0,"36":0,"37":0,"38":0},"f":{"0":0,"1":0,"2":0,"3":0,"4":0,"5":0,"6":0,"7":0,"8":0,"9":0},"b":{"0":[0,0],"1":[0,0],"2":[0,0],"3":[0,0],"4":[0,0],"5":[0,0],"6":[0,0],"7":[0,0],"8":[0,0],"9":[0,0],"10":[0,0],"11":[0,0],"12":[0,0],"13":[0,0],"14":[0,0],"15":[0,0],"16":[0,0],"17":[0,0],"18":[0,0],"19":[0,0],"20":[0,0],"21":[0,0],"22":[0,0]},"meta":{"lastBranch":23,"lastFunction":10,"lastStatement":39,"seen":{"s:3:34:71:1":0,"f:3:34:3:35":0,"s:6:28:11:48":1,"f:6:37:6:38":1,"b:7:8:7:35:undefined:undefined:undefined:undefined":0,"s:7:8:7:35":2,"s:7:24:7:35":3,"b:8:8:8:40:undefined:undefined:undefined:undefined":1,"s:8:8:8:40":4,"s:8:29:8:40":5,"b:9:8:9:34:undefined:undefined:undefined:undefined":2,"s:9:8:9:34":6,"s:9:23:9:34":7,"s:10:8:10:19":8,"s:13:31:18:48":9,"f:13:40:13:41":2,"b:14:8:14:35:undefined:undefined:undefined:undefined":3,"s:14:8:14:35":10,"s:14:24:14:35":11,"b:15:8:15:40:undefined:undefined:undefined:undefined":4,"s:15:8:15:40":12,"s:15:29:15:40":13,"b:16:8:16:34:undefined:undefined:undefined:undefined":5,"s:16:8:16:34":14,"s:16:23:16:34":15,"s:17:8:17:19":16,"s:20:28:25:48":17,"f:20:37:20:38":3,"b:21:8:21:35:undefined:undefined:undefined:undefined":6,"s:21:8:21:35":18,"s:21:24:21:35":19,"b:22:8:22:40:undefined:undefined:undefined:undefined":7,"s:22:8:22:40":20,"s:22:29:22:40":21,"b:23:8:23:34:undefined:undefined:undefined:undefined":8,"s:23:8:23:34":22,"s:23:23:23:34":23,"s:24:8:24:19":24,"s:28:35:28:46":25,"s:30:35:33:5":26,"f:30:44:30:45":4,"s:31:8:31:141":27,"b:31:21:31:43:31:47:31:140":9,"b:31:65:31:81:31:85:31:139":10,"b:31:97:31:110:31:113:31:139":11,"s:35:37:38:5":28,"f:35:46:35:47":5,"s:36:8:36:101":29,"b:36:26:36:42:36:46:36:100":12,"b:36:58:36:71:36:74:36:100":13,"s:40:27:43:5":30,"f:40:36:40:37":6,"s:41:8:41:129":31,"b:41:21:41:43:41:47:41:128":14,"b:41:65:41:81:41:85:41:127":15,"b:41:97:41:108:41:111:41:127":16,"s:45:30:48:5":32,"f:45:39:45:40":7,"s:46:8:46:72":33,"b:46:26:46:34:46:38:46:71":17,"b:46:50:46:60:46:63:46:71":18,"s:50:40:53:5":34,"f:50:49:50:50":8,"s:51:8:51:70":35,"b:51:26:51:32:51:36:51:69":19,"b:51:48:51:60:51:63:51:69":20,"s:55:39:58:5":36,"f:55:48:55:49":9,"s:56:8:56:79":37,"b:56:26:56:37:56:41:56:78":21,"b:56:53:56:64:56:67:56:78":22,"s:60:4:70:6":38}}}
,"C:\\Users\\migue\\byd-stats\\byd-stats\\src\\hooks\\useConfirmation.js": {"path":"C:\\Users\\migue\\byd-stats\\byd-stats\\src\\hooks\\useConfirmation.js","statementMap":{"0":{"start":{"line":5,"column":31},"end":{"line":105,"column":1}},"1":{"start":{"line":12,"column":17},"end":{"line":12,"column":34}},"2":{"start":{"line":14,"column":53},"end":{"line":20,"column":6}},"3":{"start":{"line":22,"column":28},"end":{"line":30,"column":10}},"4":{"start":{"line":23,"column":8},"end":{"line":29,"column":11}},"5":{"start":{"line":32,"column":29},"end":{"line":34,"column":10}},"6":{"start":{"line":33,"column":8},"end":{"line":33,"column":67}},"7":{"start":{"line":33,"column":38},"end":{"line":33,"column":64}},"8":{"start":{"line":36,"column":21},"end":{"line":46,"column":43}},"9":{"start":{"line":37,"column":8},"end":{"line":45,"column":10}},"10":{"start":{"line":41,"column":16},"end":{"line":41,"column":31}},"11":{"start":{"line":42,"column":16},"end":{"line":42,"column":85}},"12":{"start":{"line":48,"column":25},"end":{"line":60,"column":29}},"13":{"start":{"line":49,"column":23},"end":{"line":49,"column":41}},"14":{"start":{"line":50,"column":8},"end":{"line":55,"column":9}},"15":{"start":{"line":51,"column":12},"end":{"line":53,"column":13}},"16":{"start":{"line":52,"column":16},"end":{"line":52,"column":62}},"17":{"start":{"line":54,"column":12},"end":{"line":54,"column":19}},"18":{"start":{"line":56,"column":8},"end":{"line":59,"column":12}},"19":{"start":{"line":62,"column":27},"end":{"line":82,"column":62}},"20":{"start":{"line":63,"column":23},"end":{"line":63,"column":43}},"21":{"start":{"line":67,"column":8},"end":{"line":70,"column":9}},"22":{"start":{"line":68,"column":12},"end":{"line":68,"column":54}},"23":{"start":{"line":69,"column":12},"end":{"line":69,"column":19}},"24":{"start":{"line":72,"column":8},"end":{"line":81,"column":10}},"25":{"start":{"line":76,"column":28},"end":{"line":76,"column":48}},"26":{"start":{"line":77,"column":16},"end":{"line":79,"column":17}},"27":{"start":{"line":78,"column":20},"end":{"line":78,"column":90}},"28":{"start":{"line":84,"column":24},"end":{"line":94,"column":46}},"29":{"start":{"line":85,"column":8},"end":{"line":93,"column":10}},"30":{"start":{"line":89,"column":16},"end":{"line":89,"column":34}},"31":{"start":{"line":90,"column":16},"end":{"line":90,"column":65}},"32":{"start":{"line":96,"column":4},"end":{"line":104,"column":6}}},"fnMap":{"0":{"name":"(anonymous_0)","decl":{"start":{"line":5,"column":31},"end":{"line":5,"column":32}},"loc":{"start":{"line":11,"column":6},"end":{"line":105,"column":1}},"line":11},"1":{"name":"(anonymous_1)","decl":{"start":{"line":18,"column":19},"end":{"line":18,"column":20}},"loc":{"start":{"line":18,"column":25},"end":{"line":18,"column":28}},"line":18},"2":{"name":"(anonymous_2)","decl":{"start":{"line":22,"column":41},"end":{"line":22,"column":42}},"loc":{"start":{"line":22,"column":93},"end":{"line":30,"column":5}},"line":22},"3":{"name":"(anonymous_3)","decl":{"start":{"line":32,"column":42},"end":{"line":32,"column":43}},"loc":{"start":{"line":32,"column":48},"end":{"line":34,"column":5}},"line":32},"4":{"name":"(anonymous_4)","decl":{"start":{"line":33,"column":29},"end":{"line":33,"column":33}},"loc":{"start":{"line":33,"column":38},"end":{"line":33,"column":64}},"line":33},"5":{"name":"(anonymous_5)","decl":{"start":{"line":36,"column":34},"end":{"line":36,"column":35}},"loc":{"start":{"line":36,"column":40},"end":{"line":46,"column":5}},"line":36},"6":{"name":"(anonymous_6)","decl":{"start":{"line":40,"column":12},"end":{"line":40,"column":13}},"loc":{"start":{"line":40,"column":18},"end":{"line":43,"column":13}},"line":40},"7":{"name":"(anonymous_7)","decl":{"start":{"line":48,"column":38},"end":{"line":48,"column":39}},"loc":{"start":{"line":48,"column":44},"end":{"line":60,"column":5}},"line":48},"8":{"name":"(anonymous_8)","decl":{"start":{"line":62,"column":40},"end":{"line":62,"column":41}},"loc":{"start":{"line":62,"column":46},"end":{"line":82,"column":5}},"line":62},"9":{"name":"(anonymous_9)","decl":{"start":{"line":75,"column":12},"end":{"line":75,"column":13}},"loc":{"start":{"line":75,"column":18},"end":{"line":80,"column":13}},"line":75},"10":{"name":"(anonymous_10)","decl":{"start":{"line":84,"column":37},"end":{"line":84,"column":38}},"loc":{"start":{"line":84,"column":43},"end":{"line":94,"column":5}},"line":84},"11":{"name":"(anonymous_11)","decl":{"start":{"line":88,"column":12},"end":{"line":88,"column":13}},"loc":{"start":{"line":88,"column":18},"end":{"line":91,"column":13}},"line":88}},"branchMap":{"0":{"loc":{"start":{"line":22,"column":69},"end":{"line":22,"column":88}},"type":"default-arg","locations":[{"start":{"line":22,"column":83},"end":{"line":22,"column":88}}],"line":22},"1":{"loc":{"start":{"line":50,"column":8},"end":{"line":55,"column":9}},"type":"if","locations":[{"start":{"line":50,"column":8},"end":{"line":55,"column":9}},{"start":{},"end":{}}],"line":50},"2":{"loc":{"start":{"line":51,"column":12},"end":{"line":53,"column":13}},"type":"if","locations":[{"start":{"line":51,"column":12},"end":{"line":53,"column":13}},{"start":{},"end":{}}],"line":51},"3":{"loc":{"start":{"line":67,"column":8},"end":{"line":70,"column":9}},"type":"if","locations":[{"start":{"line":67,"column":8},"end":{"line":70,"column":9}},{"start":{},"end":{}}],"line":67},"4":{"loc":{"start":{"line":67,"column":12},"end":{"line":67,"column":61}},"type":"binary-expr","locations":[{"start":{"line":67,"column":12},"end":{"line":67,"column":27}},{"start":{"line":67,"column":31},"end":{"line":67,"column":61}}],"line":67},"5":{"loc":{"start":{"line":77,"column":16},"end":{"line":79,"column":17}},"type":"if","locations":[{"start":{"line":77,"column":16},"end":{"line":79,"column":17}},{"start":{},"end":{}}],"line":77}},"s":{"0":0,"1":0,"2":0,"3":0,"4":0,"5":0,"6":0,"7":0,"8":0,"9":0,"10":0,"11":0,"12":0,"13":0,"14":0,"15":0,"16":0,"17":0,"18":0,"19":0,"20":0,"21":0,"22":0,"23":0,"24":0,"25":0,"26":0,"27":0,"28":0,"29":0,"30":0,"31":0,"32":0},"f":{"0":0,"1":0,"2":0,"3":0,"4":0,"5":0,"6":0,"7":0,"8":0,"9":0,"10":0,"11":0},"b":{"0":[0],"1":[0,0],"2":[0,0],"3":[0,0],"4":[0,0],"5":[0,0]},"meta":{"lastBranch":6,"lastFunction":12,"lastStatement":33,"seen":{"s:5:31:105:1":0,"f:5:31:5:32":0,"s:12:17:12:34":1,"s:14:53:20:6":2,"f:18:19:18:20":1,"s:22:28:30:10":3,"f:22:41:22:42":2,"b:22:83:22:88":0,"s:23:8:29:11":4,"s:32:29:34:10":5,"f:32:42:32:43":3,"s:33:8:33:67":6,"f:33:29:33:33":4,"s:33:38:33:64":7,"s:36:21:46:43":8,"f:36:34:36:35":5,"s:37:8:45:10":9,"f:40:12:40:13":6,"s:41:16:41:31":10,"s:42:16:42:85":11,"s:48:25:60:29":12,"f:48:38:48:39":7,"s:49:23:49:41":13,"b:50:8:55:9:undefined:undefined:undefined:undefined":1,"s:50:8:55:9":14,"b:51:12:53:13:undefined:undefined:undefined:undefined":2,"s:51:12:53:13":15,"s:52:16:52:62":16,"s:54:12:54:19":17,"s:56:8:59:12":18,"s:62:27:82:62":19,"f:62:40:62:41":8,"s:63:23:63:43":20,"b:67:8:70:9:undefined:undefined:undefined:undefined":3,"s:67:8:70:9":21,"b:67:12:67:27:67:31:67:61":4,"s:68:12:68:54":22,"s:69:12:69:19":23,"s:72:8:81:10":24,"f:75:12:75:13":9,"s:76:28:76:48":25,"b:77:16:79:17:undefined:undefined:undefined:undefined":5,"s:77:16:79:17":26,"s:78:20:78:90":27,"s:84:24:94:46":28,"f:84:37:84:38":10,"s:85:8:93:10":29,"f:88:12:88:13":11,"s:89:16:89:34":30,"s:90:16:90:65":31,"s:96:4:104:6":32}}}
,"C:\\Users\\migue\\byd-stats\\byd-stats\\src\\hooks\\useDatabase.js": {"path":"C:\\Users\\migue\\byd-stats\\byd-stats\\src\\hooks\\useDatabase.js","statementMap":{"0":{"start":{"line":11,"column":35},"end":{"line":11,"column":51}},"1":{"start":{"line":12,"column":33},"end":{"line":12,"column":49}},"2":{"start":{"line":13,"column":29},"end":{"line":13,"column":44}},"3":{"start":{"line":16,"column":19},"end":{"line":45,"column":10}},"4":{"start":{"line":17,"column":8},"end":{"line":20,"column":9}},"5":{"start":{"line":18,"column":12},"end":{"line":18,"column":30}},"6":{"start":{"line":19,"column":12},"end":{"line":19,"column":24}},"7":{"start":{"line":22,"column":8},"end":{"line":44,"column":9}},"8":{"start":{"line":25,"column":12},"end":{"line":33,"column":13}},"9":{"start":{"line":26,"column":16},"end":{"line":32,"column":19}},"10":{"start":{"line":27,"column":35},"end":{"line":27,"column":67}},"11":{"start":{"line":28,"column":20},"end":{"line":28,"column":63}},"12":{"start":{"line":29,"column":20},"end":{"line":29,"column":44}},"13":{"start":{"line":30,"column":20},"end":{"line":30,"column":93}},"14":{"start":{"line":30,"column":43},"end":{"line":30,"column":92}},"15":{"start":{"line":31,"column":20},"end":{"line":31,"column":54}},"16":{"start":{"line":35,"column":12},"end":{"line":37,"column":15}},"17":{"start":{"line":36,"column":33},"end":{"line":36,"column":51}},"18":{"start":{"line":38,"column":12},"end":{"line":38,"column":30}},"19":{"start":{"line":39,"column":12},"end":{"line":39,"column":24}},"20":{"start":{"line":41,"column":12},"end":{"line":41,"column":46}},"21":{"start":{"line":42,"column":12},"end":{"line":42,"column":50}},"22":{"start":{"line":43,"column":12},"end":{"line":43,"column":20}},"23":{"start":{"line":48,"column":21},"end":{"line":96,"column":10}},"24":{"start":{"line":49,"column":8},"end":{"line":52,"column":9}},"25":{"start":{"line":50,"column":12},"end":{"line":50,"column":42}},"26":{"start":{"line":51,"column":12},"end":{"line":51,"column":24}},"27":{"start":{"line":54,"column":8},"end":{"line":54,"column":25}},"28":{"start":{"line":55,"column":8},"end":{"line":55,"column":23}},"29":{"start":{"line":57,"column":8},"end":{"line":95,"column":9}},"30":{"start":{"line":58,"column":24},"end":{"line":58,"column":48}},"31":{"start":{"line":59,"column":23},"end":{"line":59,"column":67}},"32":{"start":{"line":60,"column":22},"end":{"line":60,"column":111}},"33":{"start":{"line":62,"column":12},"end":{"line":64,"column":13}},"34":{"start":{"line":63,"column":16},"end":{"line":63,"column":55}},"35":{"start":{"line":66,"column":24},"end":{"line":66,"column":118}},"36":{"start":{"line":68,"column":12},"end":{"line":88,"column":13}},"37":{"start":{"line":69,"column":29},"end":{"line":69,"column":43}},"38":{"start":{"line":70,"column":29},"end":{"line":74,"column":18}},"39":{"start":{"line":71,"column":30},"end":{"line":71,"column":32}},"40":{"start":{"line":72,"column":20},"end":{"line":72,"column":61}},"41":{"start":{"line":72,"column":45},"end":{"line":72,"column":57}},"42":{"start":{"line":73,"column":20},"end":{"line":73,"column":29}},"43":{"start":{"line":76,"column":16},"end":{"line":76,"column":27}},"44":{"start":{"line":78,"column":16},"end":{"line":85,"column":17}},"45":{"start":{"line":79,"column":32},"end":{"line":79,"column":41}},"46":{"start":{"line":80,"column":20},"end":{"line":80,"column":93}},"47":{"start":{"line":80,"column":47},"end":{"line":80,"column":91}},"48":{"start":{"line":81,"column":20},"end":{"line":81,"column":84}},"49":{"start":{"line":81,"column":38},"end":{"line":81,"column":82}},"50":{"start":{"line":82,"column":20},"end":{"line":82,"column":111}},"51":{"start":{"line":82,"column":67},"end":{"line":82,"column":109}},"52":{"start":{"line":84,"column":20},"end":{"line":84,"column":32}},"53":{"start":{"line":87,"column":16},"end":{"line":87,"column":45}},"54":{"start":{"line":90,"column":12},"end":{"line":90,"column":32}},"55":{"start":{"line":91,"column":12},"end":{"line":91,"column":58}},"56":{"start":{"line":92,"column":12},"end":{"line":92,"column":24}},"57":{"start":{"line":94,"column":12},"end":{"line":94,"column":30}},"58":{"start":{"line":99,"column":26},"end":{"line":154,"column":10}},"59":{"start":{"line":100,"column":8},"end":{"line":102,"column":9}},"60":{"start":{"line":101,"column":12},"end":{"line":101,"column":57}},"61":{"start":{"line":104,"column":8},"end":{"line":153,"column":9}},"62":{"start":{"line":105,"column":23},"end":{"line":105,"column":48}},"63":{"start":{"line":107,"column":12},"end":{"line":118,"column":9}},"64":{"start":{"line":120,"column":25},"end":{"line":123,"column":8}},"65":{"start":{"line":125,"column":12},"end":{"line":134,"column":15}},"66":{"start":{"line":126,"column":16},"end":{"line":133,"column":19}},"67":{"start":{"line":135,"column":12},"end":{"line":135,"column":24}},"68":{"start":{"line":137,"column":25},"end":{"line":137,"column":36}},"69":{"start":{"line":138,"column":25},"end":{"line":138,"column":76}},"70":{"start":{"line":139,"column":24},"end":{"line":139,"column":49}},"71":{"start":{"line":140,"column":22},"end":{"line":140,"column":49}},"72":{"start":{"line":141,"column":12},"end":{"line":141,"column":25}},"73":{"start":{"line":142,"column":12},"end":{"line":142,"column":83}},"74":{"start":{"line":143,"column":12},"end":{"line":143,"column":41}},"75":{"start":{"line":144,"column":12},"end":{"line":144,"column":22}},"76":{"start":{"line":145,"column":12},"e
[...]
,"C:\\Users\\migue\\byd-stats\\byd-stats\\src\\utils\\dateUtils.js": {"path":"C:\\Users\\migue\\byd-stats\\byd-stats\\src\\utils\\dateUtils.js","statementMap":{"0":{"start":{"line":10,"column":27},"end":{"line":18,"column":1}},"1":{"start":{"line":11,"column":4},"end":{"line":11,"column":43}},"2":{"start":{"line":11,"column":28},"end":{"line":11,"column":43}},"3":{"start":{"line":12,"column":17},"end":{"line":12,"column":44}},"4":{"start":{"line":13,"column":18},"end":{"line":13,"column":49}},"5":{"start":{"line":14,"column":17},"end":{"line":14,"column":38}},"6":{"start":{"line":16,"column":22},"end":{"line":16,"column":97}},"7":{"start":{"line":17,"column":4},"end":{"line":17,"column":66}},"8":{"start":{"line":25,"column":26},"end":{"line":32,"column":1}},"9":{"start":{"line":26,"column":4},"end":{"line":26,"column":43}},"10":{"start":{"line":26,"column":28},"end":{"line":26,"column":43}},"11":{"start":{"line":27,"column":17},"end":{"line":27,"column":44}},"12":{"start":{"line":28,"column":18},"end":{"line":28,"column":49}},"13":{"start":{"line":29,"column":16},"end":{"line":29,"column":43}},"14":{"start":{"line":30,"column":17},"end":{"line":30,"column":43}},"15":{"start":{"line":31,"column":4},"end":{"line":31,"column":105}},"16":{"start":{"line":39,"column":26},"end":{"line":43,"column":1}},"17":{"start":{"line":40,"column":4},"end":{"line":40,"column":30}},"18":{"start":{"line":40,"column":20},"end":{"line":40,"column":30}},"19":{"start":{"line":41,"column":17},"end":{"line":41,"column":43}},"20":{"start":{"line":42,"column":4},"end":{"line":42,"column":90}},"21":{"start":{"line":50,"column":25},"end":{"line":56,"column":1}},"22":{"start":{"line":51,"column":4},"end":{"line":51,"column":52}},"23":{"start":{"line":51,"column":40},"end":{"line":51,"column":52}},"24":{"start":{"line":52,"column":17},"end":{"line":52,"column":50}},"25":{"start":{"line":53,"column":18},"end":{"line":53,"column":55}},"26":{"start":{"line":54,"column":16},"end":{"line":54,"column":49}},"27":{"start":{"line":55,"column":4},"end":{"line":55,"column":38}},"28":{"start":{"line":63,"column":28},"end":{"line":68,"column":1}},"29":{"start":{"line":64,"column":17},"end":{"line":64,"column":35}},"30":{"start":{"line":65,"column":18},"end":{"line":65,"column":62}},"31":{"start":{"line":66,"column":16},"end":{"line":66,"column":55}},"32":{"start":{"line":67,"column":4},"end":{"line":67,"column":35}}},"fnMap":{"0":{"name":"(anonymous_0)","decl":{"start":{"line":10,"column":27},"end":{"line":10,"column":28}},"loc":{"start":{"line":10,"column":34},"end":{"line":18,"column":1}},"line":10},"1":{"name":"(anonymous_1)","decl":{"start":{"line":25,"column":26},"end":{"line":25,"column":27}},"loc":{"start":{"line":25,"column":33},"end":{"line":32,"column":1}},"line":25},"2":{"name":"(anonymous_2)","decl":{"start":{"line":39,"column":26},"end":{"line":39,"column":27}},"loc":{"start":{"line":39,"column":41},"end":{"line":43,"column":1}},"line":39},"3":{"name":"(anonymous_3)","decl":{"start":{"line":50,"column":25},"end":{"line":50,"column":26}},"loc":{"start":{"line":50,"column":38},"end":{"line":56,"column":1}},"line":50},"4":{"name":"(anonymous_4)","decl":{"start":{"line":63,"column":28},"end":{"line":63,"column":29}},"loc":{"start":{"line":63,"column":38},"end":{"line":68,"column":1}},"line":63}},"branchMap":{"0":{"loc":{"start":{"line":11,"column":4},"end":{"line":11,"column":43}},"type":"if","locations":[{"start":{"line":11,"column":4},"end":{"line":11,"column":43}},{"start":{},"end":{}}],"line":11},"1":{"loc":{"start":{"line":11,"column":8},"end":{"line":11,"column":26}},"type":"binary-expr","locations":[{"start":{"line":11,"column":8},"end":{"line":11,"column":10}},{"start":{"line":11,"column":14},"end":{"line":11,"column":26}}],"line":11},"2":{"loc":{"start":{"line":11,"column":35},"end":{"line":11,"column":42}},"type":"binary-expr","locations":[{"start":{"line":11,"column":35},"end":{"line":11,"column":36}},{"start":{"line":11,"column":40},"end":{"line":11,"column":42}}],"line":11},"3":{"loc":{"start":{"line":26,"column":4},"end":{"line":26,"column":43}},"type":"if","locations":[{"start":{"line":26,"column":4},"end":{"line":26,"column":43}},{"start":{},"end":{}}],"line":26},"4":{"loc":{"start":{"line":26,"column":8},"end":{"line":26,"column":26}},"type":"binary-expr","locations":[{"start":{"line":26,"column":8},"end":{"line":26,"column":10}},{"start":{"line":26,"column":14},"end":{"line":26,"column":26}}],"line":26},"5":{"loc":{"start":{"line":26,"column":35},"end":{"line":26,"column":42}},"type":"binary-expr","locations":[{"start":{"line":26,"column":35},"end":{"line":26,"column":36}},{"start":{"line":26,"column":40},"end":{"line":26,"column":42}}],"line":26},"6":{"loc":{"start":{"line":40,"column":4},"end":{"line":40,"column":30}},"type":"if","locations":[{"start":{"line":40,"column":4},"end":{"line":40,"column":30}},{"start":{},"end":{}}],"line":40},"7":{"loc":{"start":{"line":51,"column":4},"end":{"line":51,"column":52}},"type":"if","locations":[{"start":{"line":51,"column":4},"end":{"line":51,"column":52}},{"start":{},"end":{}}],"line":51},"8":{"loc":{"start":{"line":51,"column":8},"end":{"line":51,"column":38}},"type":"binary-expr","locations":[{"start":{"line":51,"column":8},"end":{"line":51,"column":16}},{"start":{"line":51,"column":20},"end":{"line":51,"column":38}}],"line":51}},"s":{"0":4,"1":24,"2":4,"3":20,"4":20,"5":20,"6":20,"7":20,"8":4,"9":68,"10":40,"11":28,"12":28,"13":28,"14":28,"15":28,"16":4,"17":15,"18":3,"19":12,"20":12,"21":4,"22":6,"23":4,"24":2,"25":2,"26":2,"27":2,"28":4,"29":3,"30":3,"31":3,"32":3},"f":{"0":24,"1":68,"2":15,"3":6,"4":3},"b":{"0":[4,20],"1":[24,21],"2":[4,3],"3":[40,28],"4":[68,41],"5":[40,27],"6":[3,12],"7":[4,2],"8":[6,3]},"meta":{"lastBranch":9,"lastFunction":5,"lastStatement":33,"seen":{"s:10:27:18:1":0,"f:10:27:10:28":0,"b:11:4:11:43:undefined:undefined:undefined:undefined":0,"s:11:4:11:43":1,"b:11:8:11:10:11:14:11:26":1,"s:11:28:11:43":2,"b:11:35:11:36:11:40:11:42":2,"s:12:17:12:44":3,"s:13:18:13:49":4,"s:14:17:14:38":5,"s:16:22:16:97":6,"s:17:4:17:66":7,"s:25:26:32:1":8,"f:25:26:25:27":1,"b:26:4:26:43:undefined:undefined:undefined:undefined":3,"s:26:4:26:43":9,"b:26:8:26:10:26:14:26:26":4,"s:26:28:26:43":10,"b:26:35:26:36:26:40:26:42":5,"s:27:17:27:44":11,"s:28:18:28:49":12,"s:29:16:29:43":13,"s:30:17:30:43":14,"s:31:4:31:105":15,"s:39:26:43:1":16,"f:39:26:39:27":2,"b:40:4:40:30:undefined:undefined:undefined:undefined":6,"s:40:4:40:30":17,"s:40:20:40:30":18,"s:41:17:41:43":19,"s:42:4:42:90":20,"s:50:25:56:1":21,"f:50:25:50:26":3,"b:51:4:51:52:undefined:undefined:undefined:undefined":7,"s:51:4:51:52":22,"b:51:8:51:16:51:20:51:38":8,"s:51:40:51:52":23,"s:52:17:52:50":24,"s:53:18:53:55":25,"s:54:16:54:49":26,"s:55:4:55:38":27,"s:63:28:68:1":28,"f:63:28:63:29":4,"s:64:17:64:35":29,"s:65:18:65:62":30,"s:66:16:66:55":31,"s:67:4:67:35":32}}}
,"C:\\Users\\migue\\byd-stats\\byd-stats\\src\\utils\\formatters.js": {"path":"C:\\Users\\migue\\byd-stats\\byd-stats\\src\\utils\\formatters.js","statementMap":{"0":{"start":{"line":10,"column":30},"end":{"line":17,"column":1}},"1":{"start":{"line":11,"column":4},"end":{"line":11,"column":51}},"2":{"start":{"line":11,"column":42},"end":{"line":11,"column":51}},"3":{"start":{"line":15,"column":23},"end":{"line":15,"column":64}},"4":{"start":{"line":16,"column":4},"end":{"line":16,"column":54}},"5":{"start":{"line":24,"column":29},"end":{"line":38,"column":1}},"6":{"start":{"line":25,"column":4},"end":{"line":37,"column":5}},"7":{"start":{"line":27,"column":22},"end":{"line":27,"column":37}},"8":{"start":{"line":28,"column":18},"end":{"line":28,"column":47}},"9":{"start":{"line":29,"column":18},"end":{"line":29,"column":46}},"10":{"start":{"line":30,"column":8},"end":{"line":30,"column":36}},"11":{"start":{"line":33,"column":22},"end":{"line":33,"column":31}},"12":{"start":{"line":34,"column":18},"end":{"line":34,"column":46}},"13":{"start":{"line":35,"column":18},"end":{"line":35,"column":41}},"14":{"start":{"line":36,"column":8},"end":{"line":36,"column":37}},"15":{"start":{"line":45,"column":30},"end":{"line":53,"column":1}},"16":{"start":{"line":46,"column":4},"end":{"line":46,"column":33}},"17":{"start":{"line":46,"column":18},"end":{"line":46,"column":33}},"18":{"start":{"line":47,"column":18},"end":{"line":47,"column":44}},"19":{"start":{"line":48,"column":20},"end":{"line":48,"column":53}},"20":{"start":{"line":49,"column":4},"end":{"line":51,"column":5}},"21":{"start":{"line":50,"column":8},"end":{"line":50,"column":41}},"22":{"start":{"line":52,"column":4},"end":{"line":52,"column":28}},"23":{"start":{"line":61,"column":35},"end":{"line":68,"column":1}},"24":{"start":{"line":62,"column":4},"end":{"line":62,"column":63}},"25":{"start":{"line":62,"column":53},"end":{"line":62,"column":63}},"26":{"start":{"line":63,"column":27},"end":{"line":63,"column":85}},"27":{"start":{"line":64,"column":23},"end":{"line":64,"column":79}},"28":{"start":{"line":64,"column":44},"end":{"line":64,"column":78}},"29":{"start":{"line":65,"column":25},"end":{"line":65,"column":76}},"30":{"start":{"line":65,"column":45},"end":{"line":65,"column":75}},"31":{"start":{"line":66,"column":24},"end":{"line":66,"column":75}},"32":{"start":{"line":66,"column":49},"end":{"line":66,"column":67}},"33":{"start":{"line":67,"column":4},"end":{"line":67,"column":65}},"34":{"start":{"line":76,"column":28},"end":{"line":79,"column":1}},"35":{"start":{"line":77,"column":4},"end":{"line":77,"column":68}},"36":{"start":{"line":77,"column":57},"end":{"line":77,"column":68}},"37":{"start":{"line":78,"column":4},"end":{"line":78,"column":41}}},"fnMap":{"0":{"name":"(anonymous_0)","decl":{"start":{"line":10,"column":30},"end":{"line":10,"column":31}},"loc":{"start":{"line":10,"column":62},"end":{"line":17,"column":1}},"line":10},"1":{"name":"(anonymous_1)","decl":{"start":{"line":24,"column":29},"end":{"line":24,"column":30}},"loc":{"start":{"line":24,"column":40},"end":{"line":38,"column":1}},"line":24},"2":{"name":"(anonymous_2)","decl":{"start":{"line":45,"column":30},"end":{"line":45,"column":31}},"loc":{"start":{"line":45,"column":43},"end":{"line":53,"column":1}},"line":45},"3":{"name":"(anonymous_3)","decl":{"start":{"line":61,"column":35},"end":{"line":61,"column":36}},"loc":{"start":{"line":61,"column":55},"end":{"line":68,"column":1}},"line":61},"4":{"name":"(anonymous_4)","decl":{"start":{"line":64,"column":39},"end":{"line":64,"column":40}},"loc":{"start":{"line":64,"column":44},"end":{"line":64,"column":78}},"line":64},"5":{"name":"(anonymous_5)","decl":{"start":{"line":65,"column":40},"end":{"line":65,"column":41}},"loc":{"start":{"line":65,"column":45},"end":{"line":65,"column":75}},"line":65},"6":{"name":"(anonymous_6)","decl":{"start":{"line":66,"column":44},"end":{"line":66,"column":45}},"loc":{"start":{"line":66,"column":49},"end":{"line":66,"column":67}},"line":66},"7":{"name":"(anonymous_7)","decl":{"start":{"line":76,"column":28},"end":{"line":76,"column":29}},"loc":{"start":{"line":76,"column":51},"end":{"line":79,"column":1}},"line":76}},"branchMap":{"0":{"loc":{"start":{"line":11,"column":4},"end":{"line":11,"column":51}},"type":"if","locations":[{"start":{"line":11,"column":4},"end":{"line":11,"column":51}},{"start":{},"end":{}}],"line":11},"1":{"loc":{"start":{"line":11,"column":8},"end":{"line":11,"column":40}},"type":"binary-expr","locations":[{"start":{"line":11,"column":8},"end":{"line":11,"column":19}},{"start":{"line":11,"column":23},"end":{"line":11,"column":40}}],"line":11},"2":{"loc":{"start":{"line":25,"column":4},"end":{"line":37,"column":5}},"type":"if","locations":[{"start":{"line":25,"column":4},"end":{"line":37,"column":5}},{"start":{"line":31,"column":11},"end":{"line":37,"column":5}}],"line":25},"3":{"loc":{"start":{"line":46,"column":4},"end":{"line":46,"column":33}},"type":"if","locations":[{"start":{"line":46,"column":4},"end":{"line":46,"column":33}},{"start":{},"end":{}}],"line":46},"4":{"loc":{"start":{"line":49,"column":4},"end":{"line":51,"column":5}},"type":"if","locations":[{"start":{"line":49,"column":4},"end":{"line":51,"column":5}},{"start":{},"end":{}}],"line":49},"5":{"loc":{"start":{"line":62,"column":4},"end":{"line":62,"column":63}},"type":"if","locations":[{"start":{"line":62,"column":4},"end":{"line":62,"column":63}},{"start":{},"end":{}}],"line":62},"6":{"loc":{"start":{"line":62,"column":8},"end":{"line":62,"column":51}},"type":"binary-expr","locations":[{"start":{"line":62,"column":8},"end":{"line":62,"column":13}},{"start":{"line":62,"column":17},"end":{"line":62,"column":26}},{"start":{"line":62,"column":30},"end":{"line":62,"column":51}}],"line":62},"7":{"loc":{"start":{"line":63,"column":27},"end":{"line":63,"column":85}},"type":"cond-expr","locations":[{"start":{"line":63,"column":43},"end":{"line":63,"column":79}},{"start":{"line":63,"column":82},"end":{"line":63,"column":85}}],"line":63},"8":{"loc":{"start":{"line":64,"column":44},"end":{"line":64,"column":78}},"type":"binary-expr","locations":[{"start":{"line":64,"column":44},"end":{"line":64,"column":55}},{"start":{"line":64,"column":59},"end":{"line":64,"column":78}}],"line":64},"9":{"loc":{"start":{"line":76,"column":34},"end":{"line":76,"column":46}},"type":"default-arg","locations":[{"start":{"line":76,"column":45},"end":{"line":76,"column":46}}],"line":76},"10":{"loc":{"start":{"line":77,"column":4},"end":{"line":77,"column":68}},"type":"if","locations":[{"start":{"line":77,"column":4},"end":{"line":77,"column":68}},{"start":{},"end":{}}],"line":77},"11":{"loc":{"start":{"line":77,"column":8},"end":{"line":77,"column":55}},"type":"binary-expr","locations":[{"start":{"line":77,"column":8},"end":{"line":77,"column":20}},{"start":{"line":77,"column":24},"end":{"line":77,"column":41}},{"start":{"line":77,"column":45},"end":{"line":77,"column":55}}],"line":77}},"s":{"0":2,"1":20,"2":6,"3":14,"4":14,"5":2,"6":16,"7":14,"8":14,"9":14,"10":14,"11":2,"12":2,"13":2,"14":2,"15":2,"16":8,"17":3,"18":5,"19":5,"20":5,"21":3,"22":2,"23":2,"24":5,"25":3,"26":2,"27":5,"28":7,"29":5,"30":5,"31":5,"32":5,"33":5,"34":2,"35":11,"36":3,"37":8},"f":{"0":20,"1":16,"2":8,"3":5,"4":7,"5":5,"6":5,"7":11},"b":{"0":[6,14],"1":[20,15],"2":[14,2],"3":[3,5],"4":[3,2],"5":[3,2],"6":[5,3,3],"7":[2,0],"8":[7,6],"9":[11],"10":[3,8],"11":[11,10,9]},"meta":{"lastBranch":12,"lastFunction":8,"lastStatement":38,"seen":{"s:10:30:17:1":0,"f:10:30:10:31":0,"b:11:4:11:51:undefined:undefined:undefined:undefined":0,"s:11:4:11:51":1,"b:11:8:11:19:11:23:11:40":1,"s:11:42:11:51":2,"s:15:23:15:64":3,"s:16:4:16:54":4,"s:24:29:38:1":5,"f:24:29:24:30":1,"b:25:4:37:5:31:11:37:5":2,"s:25:4:37:5":6,"s:27:22:27:37":7,"s:28:18:28:47":8,"s:29:18:29:46":9,"s:30:8:30:36":10,"s:33:22:33:31":11,"s:34:18:34:46":12,"s:35:18:35:41":13,"s:36:8:36:37":14,"s:45:30:53:1":15,"f:45:30:45:31":2,"b:46:4:46:33:undefined:undefined:undefined:undefined":3,"s:46:4:46:33":16,"s:46:18:46:33":17,"s:47:18:47:44":18,"s:48:20:48:53":19,"b:49:4:51:5:undefined:undefined:undefined:undefined":4,"s:49:4:51:5":20,"s:50:8:50:41":21,"s:52:4:52:28":22,"s:61:35:68:1":23,"f:61:35:61:36":3,"b:62:4:62:63:undefined:undefined:undefined:undefined":5,"s:62:4:62:63":24,"b:62:8:62:13:62:17:62:26:62:30:62:51":6,"s:62:53:62:63":25,"s:63:27:63:85":26,"b:63:43:63:79:63:82:63:85":7,"s:64:23:64:79":27,"f:64:39:64:40":4,"s:64:44:64:78":28,"b:64:44:64:55:64:59:64:78":8,"s:65:25:65:76":29,"f:65:40:65:41":5,"s:65:45:65:75":30,"s:66:24:66:75":31,"f:66:44:66:45":6,"s:66:49:66:67":32,"s:67:4:67:65":33,"s:76:28:79:1":34,"f:76:28:76:29":7,"b:76:45:76:46":9,"b:77:4:77:68:undefined:undefined:undefined:undefined":10,"s:77:4:77:68":35,"b:77:8:77:20:77:24:77:41:77:45:77:55":11,"s:77:57:77:68":36,"s:78:4:78:41":37}}}
,"C:\\Users\\migue\\byd-stats\\byd-stats\\src\\utils\\logger.js": {"path":"C:\\Users\\migue\\byd-stats\\byd-stats\\src\\utils\\logger.js","statementMap":{"0":{"start":{"line":4,"column":19},"end":{"line":9,"column":1}},"1":{"start":{"line":13,"column":22},"end":{"line":13,"column":79}},"2":{"start":{"line":22,"column":22},"end":{"line":62,"column":1}},"3":{"start":{"line":28,"column":8},"end":{"line":30,"column":9}},"4":{"start":{"line":29,"column":12},"end":{"line":29,"column":44}},"5":{"start":{"line":38,"column":8},"end":{"line":40,"column":9}},"6":{"start":{"line":39,"column":12},"end":{"line":39,"column":44}},"7":{"start":{"line":48,"column":8},"end":{"line":50,"column":9}},"8":{"start":{"line":49,"column":12},"end":{"line":49,"column":44}},"9":{"start":{"line":58,"column":8},"end":{"line":60,"column":9}},"10":{"start":{"line":59,"column":12},"end":{"line":59,"column":46}}},"fnMap":{"0":{"name":"(anonymous_0)","decl":{"start":{"line":27,"column":11},"end":{"line":27,"column":12}},"loc":{"start":{"line":27,"column":24},"end":{"line":31,"column":5}},"line":27},"1":{"name":"(anonymous_1)","decl":{"start":{"line":37,"column":10},"end":{"line":37,"column":11}},"loc":{"start":{"line":37,"column":23},"end":{"line":41,"column":5}},"line":37},"2":{"name":"(anonymous_2)","decl":{"start":{"line":47,"column":10},"end":{"line":47,"column":11}},"loc":{"start":{"line":47,"column":23},"end":{"line":51,"column":5}},"line":47},"3":{"name":"(anonymous_3)","decl":{"start":{"line":57,"column":11},"end":{"line":57,"column":12}},"loc":{"start":{"line":57,"column":24},"end":{"line":61,"column":5}},"line":57}},"branchMap":{"0":{"loc":{"start":{"line":13,"column":22},"end":{"line":13,"column":79}},"type":"cond-expr","locations":[{"start":{"line":13,"column":45},"end":{"line":13,"column":60}},{"start":{"line":13,"column":63},"end":{"line":13,"column":79}}],"line":13},"1":{"loc":{"start":{"line":28,"column":8},"end":{"line":30,"column":9}},"type":"if","locations":[{"start":{"line":28,"column":8},"end":{"line":30,"column":9}},{"start":{},"end":{}}],"line":28},"2":{"loc":{"start":{"line":38,"column":8},"end":{"line":40,"column":9}},"type":"if","locations":[{"start":{"line":38,"column":8},"end":{"line":40,"column":9}},{"start":{},"end":{}}],"line":38},"3":{"loc":{"start":{"line":48,"column":8},"end":{"line":50,"column":9}},"type":"if","locations":[{"start":{"line":48,"column":8},"end":{"line":50,"column":9}},{"start":{},"end":{}}],"line":48},"4":{"loc":{"start":{"line":58,"column":8},"end":{"line":60,"column":9}},"type":"if","locations":[{"start":{"line":58,"column":8},"end":{"line":60,"column":9}},{"start":{},"end":{}}],"line":58}},"s":{"0":5,"1":5,"2":5,"3":6,"4":6,"5":3,"6":3,"7":3,"8":3,"9":5,"10":5},"f":{"0":6,"1":3,"2":3,"3":5},"b":{"0":[0,5],"1":[6,0],"2":[3,0],"3":[3,0],"4":[5,0]},"meta":{"lastBranch":5,"lastFunction":4,"lastStatement":11,"seen":{"s:4:19:9:1":0,"s:13:22:13:79":1,"b:13:45:13:60:13:63:13:79":0,"s:22:22:62:1":2,"f:27:11:27:12":0,"b:28:8:30:9:undefined:undefined:undefined:undefined":1,"s:28:8:30:9":3,"s:29:12:29:44":4,"f:37:10:37:11":1,"b:38:8:40:9:undefined:undefined:undefined:undefined":2,"s:38:8:40:9":5,"s:39:12:39:44":6,"f:47:10:47:11":2,"b:48:8:50:9:undefined:undefined:undefined:undefined":3,"s:48:8:50:9":7,"s:49:12:49:44":8,"f:57:11:57:12":3,"b:58:8:60:9:undefined:undefined:undefined:undefined":4,"s:58:8:60:9":9,"s:59:12:59:46":10}}}
}
